A. B. Wozniak Giménez
Adilson de Lima Pereira
Adolfo Almeida Duran
Adriana BENEVIDES SOARES
Adriana Justin Cerveira Kampff
Adriana Portella
Adriana Vitorino Rossi
Afranio Gabriel da Silva
Alberto Hokari
Alexandre Cruz Berg
Alexandre I. Direne
Alexandre Ibraim Direne
Alexandre Magno Andrade Maciel
Alexandre Moreira Feitosa
Alexandre Scaico
Aline Silva De Bona
Aline Timóteo
Allyson Bonetti França
Alvaro H. GalvisPanqueva
Alvaro Rabelo Jr.
Amanda Bifano Balbinot
Amanda Meincke Melo
Amarolinda Zanela Klein
Américo Talarico Neto
Ana Beatriz Gomes Carvalho
Ana Cristina Barbosa da Silva
Ana Emilia de Melo Queiroz
Ana Emília de Melo Queiroz
Ana Maria Pereira Cardoso
Ana Paula Brandão Lopes
Ana Regina Rocha
Anarosa A. F. Brandão
Anderson Alves de Lima
André Covic Barros
André Cruz Mendes
André Inácio Reis
André Laurindo Maitelli
André Luiz Battaiola
André Marcelo Panhan
André Marcos da Silva
Andréa Soares Rocha dos Santos
Andreia Rosangela Mühlbeier
Andreza Raquel M. de Queiroz
ANNABELL DEL REAL TAMARIZ
Antonio Augusto Ximenes
Antonio Carlos Mariani
Antônio Carlos Mariani
Antonio Hobmeir Neto
António José Martins
Antonio José Melo Leite Júnior
Aparecido Fabiano Carvalho
Arcilan Trevensoli Assireu
Arcilan Trevenzoli Assireu
Ariane Nunes Rodrigues
Arion de Castro Kurtz dos Santos
Armando Maciel Toda
Arthur Tórgo Gómez
Ayla Débora Dantas de Souza Rebouças
Baldoino Fonseca
Barbara Gorziza Avila
Beatriz Corso Magdalena
Benedito J. Pinheiro Ferreira
Berenice Santos Gonçalves
Bruna de Barros Santos Xavier
Bruno Fagundes Sperb
Bruno Leal Bastos
Bruno Magalhães Nogueira
Bruno Silva Leite
CARLA MEDEIROS y ARAUJO
Carla Verônica M. Marques
Carlo Emmanoel T. Oliveira
Carlo Emmanuel Tolla
Carlos A. C. Lessa Filho
Carlos Alberto Faraco
Carlos Alberto Madsen
Carlos Alberto Seixas
Carlos André Guimarães Ferraz
Carlos Eduardo Klock
Carlos Felippe Cardoso de Resende
Carlos Henrique Costa Ribeiro
Carlos Henrique Mota Macedo
Carlos J. P. Lucena
Carlos Roberto Lopes
Caroline Ramalho Cavalcanti
Cecilia Estela Giuffra Palomino
Célia Fortes
Celso Antônio Alves Kaestner
Celso José Costa
Charles Artur Santos de Oliveira
Christian Puhlmann Brackmann
christien Lana Rachid
Cibelli De Sá Pinheiro Nobre
Cidcley Teixeira de Souza
Cínthia Diniz do Nascimento
Clarissa Braga Pinho
Clarissa Santana Costa
Claudia Ferlin
Claudia Lage Rebello da Motta
Claudio Passos
Cláudio Rodolfo Sousa de Oliveira
Cleusa Aparecida de Oliveira Santos
Constanza R. Huapaya
Credine Menezes
Crediné S. Menezes
Cristian Kawakami
Cristiane Barbosa Pinheiro de Oliveira
Cristiane Mendes Netto
Cristiane Moura Cruz
Cristiano de Almeida Cardoso Marcelino Jr.
Cristina Alba Wildt Torrezzan
Cristina de Almeida Rodrigues
Crystiam Kelle Pereira
Crystiam Kelle Pereira e Silva
Dandara Dantas Navarro
Daniel F. Pires
Daniel Fábio Salvador
Daniel Lichtnow
Daniel Lico dos Anjos Afonso
Daniel Teixeira Resende
Daniela Karine Ramos
Danilo Leal Maciel
Danilo Leite Dalmon
Dante Alves Medeiros Filho
Darci Levis
Darlla Layse Torres de Lima
David Moises Barreto dos Santos
Daydson Hugo Silva
Débora Laurino Maçada
Débora Maria Barroso Paiva
Deisy das Graças de Souza
Denise Filippo
Denise Pereira de Alcântara Ferraz
Denys Fellipe Souza Rocha
Diana Francisca Adamatti
Diego Marczal
Diego Samir MeloSolarte
Diego Soares Cardoso
Dilma Menezes da Silva
Diogo Moreira Moreira Bispo
Diversos Autores
Djenane Costa Pio
Douglas Detoni
Douglas Rehem
Douglas Terêncio do Vale
Edgar Marçal Filho
Edilene A. Ropoli
Edla Maria Faust Ramos
Edmir Parada Vasques Prado
Ednaldo Brigante Pizzolato
Edson Costa de Barros Carvalho
Edson Jacinski
Eduardo Fritzen
Elaine Rafaela Neves de Freitas
Elderclei Regis Reami
Eleandro Maschio
Elen Collaço de Oliveira
Elena Maria Mallmann
Eliane Pinheiro Capra
Eliane Santiago Ramos
Elieser Ademir de Jesus
Elis Gabriela Copa dos Santos
Elisa Maria Quartiero
Elisângela Zaniol
Eliseo Reatequi
Elizabeth Specialski
Ellen Suzi Cavalcanti Lima Constantino
Elmano Pontes Cavalcanti
Eloi Fernando Fritsch
Eloi Luiz Favero
Emília FERREIRA
Enoque Calvino Melo Alves
Eny Schuch
Érica Ferreira da Cunha Jorge
Eustáquio São José de Faria
Evandro de Barros Costa
Evanildo dos Santos Leite
Everton José Goldoni Estevam
Ewerton Henning Raposo
Fabiane Penteado Galafassi
Fábio da Purificação de Bastos
Fábio Denilson de Oliveira Feliciano
Fabio Paraguaçu
Fabio Roberto Lapolli
Fábio Roberto Lapolli
Fátima de Souza Freire
Felipe C. Calheiros
Fernanda Araujo Coutinho Campos
Fernanda Brandão Silva
Fernanda Francielle de Oliveira Malaquias
Fernanda Maria Pereira Freire
Fernando Antonio Mota Trinta
Fernando de Souza Coelho
Fernando José de Almeida
Fernando José Spanhol
Fernando Lincoln Mattos
Fernando Selmar Rocha Fidalgo
Flavia Borges da Silva Benfati
Flávia Maria Santoro
Flávio M. Vaz da Costa
Flávio Moreira de Oliveira
Francisco Edson Lopes da Rocha
Francisco Villa Ulhôa Botelho
Frederico José Vieira dos Passos
Frederico Kauffmann Barbosa
G. A. GiménezLugo
Gabriela Recipputi Domingos
Gean Davis Breda
Geraldo Wellington Fernandes
Germano Mariniello Carvalho
Gerson Mauri Dallegrave de Almeida
Gianfrancesca Cutini Barcellos
Gilbert Azevedo da Silva
Gilda Aparecida de Assis
Gilmara Teixeira Barcelos
Gilmara Teixeira Barcelos Peixoto
Gilvandenys Leite Sales
Giovane Daniel dos Santos
Gislaine Cristina Micheloti Rosales
Gláucia Regina M. A. Sizilio
Graçaliz Pereira Dimuro
Graciela M. Arona
Graziela Flores Kunde
Guilherme Leocárdio Lucena
Guilherme Vezula Mataveli
Gustavo Antonio Toretti
Gustavo H. R. Santos
Gustavo Kozima
Gustavo Morceli
Hamilton Chaiben
Hélio Lopes dos Santos
Heloisa Helena Oliveira de Magalhães Couto
HELOÍSA M. COSTA FERREIRA
Heloisa Vieira da Rocha
Henildes José Carrer
Henrique Monteiro Cristovão
Iana Ciara Santos de Albuquerque
Ig Ibert Bittencourt Santana Pinto
Inajara Salles Viana
Iraní Ferreira da Silva Gerab
Ítalo Modesto Dutra
Itana Maria de Souza Gimenes
Ivander Augusto Morais Bueno
Ivanor Nunes de Oliveira
Ivete Martins Pinto
Jader Denicol do Amaral
JADSON RAFALSKI
Janaina Rodrigues Penedo
Janine Gomes Moura
Jaqueline Brigladori Pugliesi
Jarbele Cássia Silva
Jean Piton Gonçalves
Jefferson Barbosa Belo da Silva
Jerino Queiroz Ferreira
Jéssica Fernanda Ramos Coelho
Jezer Machado Oliveira
João Benedito dos Santos Junior
Joao Coelho Neto
João José Vasco Furtado
João Paulo Mendes
João Pedro Lobo Antunes
João Ricardo Bittencourt
Jorge Luiz Vitoria Barbosa
Jorge Victória Barbosa
José Alex De Sousa
José André Caruso Neto
José Antonio dos Santos Borges
José António Marques Moreira
José Carlos L. Ralha
José Cláudio Del Pino
José Eduardo Mendes de Figueiredo
José Fernando Rodrigues Júnior
José Judson Mesquita Cunha
José M. Parente de Oliveira
José Maria David
José Maria N. David
José Maria Parente de Oliveira
José Otávio Pompeu e Silva
José Roberto de Almeida Amazonas
José Sergio Antunes Sette
Joseane Pereira Rodrigues
Juan Manuel AdánCoello
Juliana Bordinhão Diana
Juliana Campos Pirovani
Juliana Hiroko Kowata
Juliana Patrícia Detroz
Juliane Vargas Nunes
Juliano de Oliveira Guterres
Juliano Vier
Júlio Valente da Costa Júnior
Jussara Bueno de Queiroz Paschoalino
Kamila Takayama Lyra
Karina Primiano Benassi
Kethure Aline Oliveira
Kleucio Claudio
Larissa de Sousa Moreira
Leandro Chernij
Leandro da Silva Foly
Leila Cristina de Vasconcelos Andrade
Leonardo Castillo
Leonelo D. A. Almeida
Leônidas O. Brandão
Liane M. R. Tarouco
Lidiane FIGUEIRAS SILVA
Liliana M Passerino
Lissandra Luvizão Lazzarotto
Lúbia Mara Lopes Rodrigues
Lucas Monteiro Braz
Lucas Salomão Spolaore
Lúcia Maria Martins Giraffa
Luciana A M Zaina
Luciana Aparecida Martinez Zaina
Luciana de Souza Gracioso
Luciane Sayuri Sato
Luciano Rodrigues de Queiroz
Luciano Vieira Lima
Luis Gustavo Araujo Ferreira
Luiz A. Moro Palazzo
Luiz Augusto Coimbra Rezende
Luiz Fernando paiva
Luiz Francisco Dias Pereira
Luiz Jácome Júnior
Luiz Renato Ribeiro Ferreira
Mª Elizabeth Sucupira Furtado
Magalí Teresinha Longhi
Maira Fróes
Manoel Eusébio de Lima
Marcello Thiry
Marcelo Henrique Euzebio Batista
Marcelo Ricardo Quinta
Marcelo Rovani P. Messa
Marcelo Scopel
Márcia Angela Aguiar
Márcia Aparecida Fernandes
Márcia Arantes Buiatti Pacheco
Márcia Cristina Cera
Marcia Paul Waquil
Márcio A. C. Viegas
Márcio Silvatti Zabeu
Marcius F.H. de Carvalho
Marco Aurélio Kalinke
Marcos Alexandre Rose Silva
Marcos Flávio Paim
Marcos R. da Silva Borges
Marcos Ricardo Kich
Marcos Wagner de Souza Ribeiro
Marcus Filipi Rosso Casagrande
Marcus Vinícius Carvalho Guelpeli
Maria Alice Soares de Castro
Maria Angélica A. C. Cardieri
Maria Angélica de Oliveira CamargoBrunneto
Maria Aparecida Souto
Maria Carmem Moraes
Maria Celeste Reis Fernandes de Souza
Maria Claudia Cavalcanti
Maria Claudia Silva Boeres
Maria de Fátima Costa de Souza
MARÍA EUGENIA PEDROSA
Maria Gabriela Parenti Bicalho
Maria Istela Cagnin
Mariano Gomes Pimentel
Marilena do Nascimento
Marília A. Amaral
Marília Abrahão Amaral
Marina Teresa Pires Vieira
Mario Roberto Barro
Marlene de Alencar Dutra
Marlos Tacio Silva
Marta Costa Rosatelli
Marta Rosecler Bez
Marta Talitha Amorim
Martin Streibel
Maurício Roberto Motta Pinto Luz
Mauro Hinz
Melissa Picchi Zambon
MERCEDES SUSANA ASTIZ
MiguelÁngel Sicilia
Milton Antônio Zaro
Mírian Cristiane Alves Brito
Mirian Lima de Souza Dadoorian
Mirla Eliane Pereira Freire
Mônica Norris
Monica Parente Ramos
Mônica Zewe Uriarte
MOZART DE MELO ALVES JÚNIOR
Muriel de Souza Godoi
Myriam Kienitz Lemos
Nádia Giaretta Biase
Nancy Fares Barbera
Natanael Bavaresco
Neide dos Santos
NEIDE SANTOS
Nelkis de la Orden Medina
Neyvan Renato Rodrigues da Silva
Osório Pereira Carvalho
Pablo Charles de Oliveira Melo
Pasqueline Dantas Scaico
Patricia Azevedo Tedesco
Patrícia Behling Schäfer
Patricia Mariotto Mozzaquatro
Patrícia Tedesco
Paul Brna
Paulo Alceu Almeida Rezende
Paulo André da Rocha Perris
Paulo José de Freitas Filho
Pedro Henrique Batista Ruas da Silveira
PERLA ANALÍA MEDINA
Prof.Dr.Klaus Schlunzen Junior
Profa.Dra.Elisa Tomoe Moriya Schlünzen
Profa.Dra.Maria Inês Ribas Rodrigues
Rachel Carlos Duque Reis
Rafael Fernando Ceron
Rafael Humberto Scapin
Rafael Machado Alves
Rafael Prado Celso
Raimir Holanda Filho
Raimundo Hélio Leite
Ramilio R. R. Filho
Ramiro Saldaña Garin
Ranyer Lopes
Raphael Duarte Paiva
Raphael Ghelman
Regina Borges de Araujo
Regina Lúcia de Oliveira Moraes
Rejane Cunha Freitas
Rejane Martins Novais Barbosa
Renan Gonçalves Cattelan
Renata Lopes Jaguaribe Pontes
Renata S. S. Guizzardi
Renata Silva Souza
Renato de Freitas Bulcão Neto
Renato Luis de Souza Dutra
Renato Perez Ribas
Ricardo de Andrade Kratz
Ricardo Edgard Caceffo
Ricardo Matsumura Araujo
Ricardo Miranda Barcia
Rita Manuela Barros
Roberta Mayumi Matsunaga
Roberta Pereira Coutinho
Roberto Cezar de Carvalho e Silva
Roberto dos Santos Rabello
ROBERTO ENRIQUE TAIT
Robson da Silva Aguiar
Rodolfo da Silva Costa
Rodolfo Jardim de Azevedo
Rodrigo Alves Costa
Rodrigo Cavalcanti de Macêdo
Rodrigo Hahn
Rogério Cysne Araújo
Romero Tavares
Ronaldo Ribeiro Goldschmidt
Ronan Anacleto Lopes
Ronei Ximenes Martins
Ronney Nery Silva
Rosa Giaretta Sguerra Miskulin
Rosa Maria E. M. da Costa
Rosana Mussoi Bruno
Rosangela M Melo
Rosângela S Carvalho
Rosângela Saraiva Carvalho
Rosiclei Aparecida Cavichioli Lauermann
Rossana M. C. Andrade
RUBÉN DARÍO MARTÍNEZ
Rubens Campos Machado
Rubens N. Melo
Sabrina Skrebsky Richter
SAHUDY MONTENEGRO GONZALEZ
Sandra Lúcia Silva Araújo
Sergio Crespo C S Pinto
Sérgio Crespo C S Pinto
Sérgio Crespo Pinto
Sheila da Costa Oliveira
Shirley Takeco Gobara
Sílvia Cristina de Matos Soares
Silvia Helena De Bortoli Cassiani
Simone Cristiane dos Santos
Simone de Assis Alves da Silva
Socorro Vânia Lourenço Alves
Solon Andrade Rabello
Solon Rabello
Sonia Schechtman Sette
Sônia Sette
Soraia de Oliveira Mota Barreto
Soraia Pacheco Silva
Susana Ester Krüger
Suzana da Hora Macedo
Tadeu Samuel Pereira
Tainá Medeiros
Taís Fim Alberti
Tânia Barbosa Salles Gava
Tânia Maria Santana de Rose
Tassia Serao
Teresinha Froes Burnham
Thaisa Barbosa Ferreira
Thiago Marquez Nunes
Thiago Monteiro Prota
Thiago Reis da Silva
Thiéberson Gomes
Tiago Wiedemann
Tiarajú Asmuz Diverio
Trazíbulo Henrique Pardo Casas
Valéria Cristina P. C. Monteiro
Valéria de Araújo
Vandeci Dias dos Santos
Vanessa Gindri Vieira
Vânia Mattozo
Vera Barros de Oliveira
Vera Maria Benjamim Werneck
Vicente Lima Crisóstomo
Victor Ströele
Victor Wanderley
Vilma Fernandes França
Vilson Gärtner
Vinícius Costa Souza
Vinícius Rodrigues Nunes
Vinícyus Santos Guimarães
VITOR RIOS VALDEZ
Viviane F. Bartholo
Viviane Modesto Ferraz
Viviane Soares Rodrigues Silva
Vládia Freire Pires
Wagner Cambruzzi
Waltrudes Everton Sanches
Washington Romão dos Santos
Wender Antônio da Silva
Wesley Peron Seno
Wiris Serafim de Menezes
YOLANDA HAYDEÉ MONTERO
Yugo Alencar
Zélia Maria Soares Jófili
Adja Ferreira de Andrade
Adla Betsaida Martins Teixeira
Adolfo Cassoli Gomes
Adriana Dallacosta
Adriana Justin Cerveira Krampff
Adriana Soares Pereira
Adriano Gonella
Alberto Nogueira de Castro Junior
Alcides Hermes Thereza Jr
Alesanco Azevedo
Alessandra P. Rodrigues
Alessandra Ponte Lisboa Barbosa
Alessandréia de Oliveira
Alex F. T. Primo
Alex Francisco G. Oliveira
Alexander Romiszowski
Alexandra Camargo Alves
Alexandre Casacurta
Alexandre Direne
Alexandre Lazaretti Zanatta
Alexandre Lopes Machado
Alexandre Luís Kundrát Eisenmann
Alexandre Magno Aouila Goulart
Alexandro Bordignon
Aline Cardoso de Oliveira Macedo
Aline Mendes Vasco
Alisson Oldoni
Alizeu Francisco Schneider
Almir Rogério Camolesi
Álvaro Vinícius de Souza Coêlho
Amilton de Quadros Martins
Ana Cláudia H. Vieira
Ana Cristina S. Moreira
Ana Grasielle. D. Corrêa
Ana Lúcia Cetertich Bazzan
Ana Maria de C. Moura
Ana Paula Ribeiro Ataíde
Anamaria L. Colla
Anderson A. Teymeny
André Bernardess Peza
André Luiz B. Esperidião
André Luiz Pires Guedes
André M.M. Neves
André Marinho de Araújo
André Meyer Silvestre
André Suppa Thomaz Pereira
André Wilson Brotto Furtado
Andre Zanki Cordenonsi
Andrea Jessica Borges Monzón
Andréa Konzen da Silva
Andréa Teresa Riccio Barbosa
Andréia Cristina G. Machion
Andréia R. de A. Schneider
Andressa Cristiani Piconi
Angelita Aparecida Cordova de Arruda
Anita Maria da Rocha Fernandes
Antônio César S. Ayres
Antônio de Barros Serra
Antonio Fonseca de Lira
Antonio Francisco do Prado
Antônio Luiz de Oliveira Barreto
Antônio Mauro Barbosa de Oliveira
Aparecido Fabiano Pinatti Carvalho
Aparecido Fabiano Pinatti de Carvalho
Arturo HernandezDomínguez
Ary F. Ferreira Galdino
Augusto César Pires Spinelli
Aurélio Antonio Mendes Nogueira
Bartholomeu T. Tróccoli
Bartholomeu Tôrres Tróccoli
Beatriz Lux
Beatriz R. T. Franciosi
Beatriz Regina Tavares Franciosi
Bernardo Giori Ambrósio
Betânia T. Soares da Rocha
Bianchi Serique Meiguins
Blenda Oliveira
Breno F. T. Azevedo
Breno Serique Meiguins
Breno Teixeira Santos
Bruno Feijó
Bruno Madeiro da Silva
C. A. Dainese
Carime Rossi Elias
Carina Darós
Carla Cristina Lui Dias
Carla Lisiane de Oliveira Castanho
Carlo E. T. Oliveira
Carlos A. Dainese
Carlos Alberto Botelho
Carlos Dainese
Carlos Eduardo Ávila
Carlos J. P. de Lucena
Carlos José M. Olguín
Carlos Miguel Tobar
Carlos Renato dos Santos Ramos
Carlos Roberto França
Carmem R. D. Nogueira
Carolina M. de Carvalho
Cássia T. dos Santos
Cassiano Dal Pizzol
Cássio David Borralho Pinheiro
Célia Regina Rangel Nascimento
Celso Hartmann
Cesar Augusto Camillo Teixeira
César Lincoln C. Mattos
Christine S. Schröeder
Cícero C. Quarto
Claiton de Oliveira
Clarindo Isaías Pereira da Silva e Pádua
Cláudia M. Ribeiro Andrade
Claudia Regina Uchoa de Lima
Cláudia Zamboni de Almeida
Cláudio Fernando Resin Geyer
Cláudio Kirner
Cláudio N. Rapello
Cleberson E. Forte
Cleberson Forte
Clevi Elena Rapkiewicz
Clodis Boscarioli
Clovis T. Fernandes
Credine Silva de Menezes
Cristiane da Silva Gabriel
Cristiane Gabriel
Cristiane Guimarães
Cristiane M. Cruz
Cristiane R. Woszezenski
Cristiano Melonio
Cyntia F. Santos
Dalvares R. de Oliveira
Daniel Damas Guardanapo
Daniel dos Santos Pêgas
Daniel Monegatto Santoro
Daniel Westerlund
Daniel William Tavares Rodrigues
Daniela Debastiani de Souza
Daniela Maiocchi
Daniela Rossi
Daniela Stevanin Hoffmann
Davi D' Andréa Baccan
Débora Conforto
Debora Maria Coelho Nascimento
Débora N. F. Barbosa
Deise J. Francisco
Deise Juliana Francisco
Deise Tavares Del Sent
Denis Silva Loubach
Denise Ferreira Garcia
Diego Ajukas
Diego Baldani
Dina Mara Dantas
Douglas Daniel Del Frari
Douglas Vinícius de Carvalho
Dra. Lucila Maria Costi Santarosa
Dráusio Capobianco
Dulclerci Sternadt Alexandre
E. J. R. de Castro
Éder Torres Patrício
Ederclinger Melo Reis
Edeval Ari Vieira
Edgar Toshiro Yano
Edilaine Petinari Nery
Edilson Pontarolo
Edith Ulloa Angulo
Edmar Welington Oliveira
Edson Luiz Lindner
Edson Pereira Cardoso
Eduardo Fernando Mendes
Eduardo Heredia
Eduardo K. Kimura
Eduardo Kojy Takahashi
Elaine Harada Teixeira de Oliveira
Élder Reioli
Eliana Maria do Sacramento Soares
Eliane Terezinha Buwai Krupa
Elisa Friedrich Martins
Elisa T. M. Schlünzen
Elise B. Mendes
Ellen Regina Mayé Nunes
Eloi F. Fritsch
Elton José da Silva
Emanuele Marques dos Santos
Emerson Loureiro
Enoque Calvino M. Alves
Erika Handa Nozawa
Ernesto Henrique R. Steinmetz
Evandro Alves
Evandro Barros
Evandro de B. Costa
Eveline de J. V. Sá
Evelise Izumi Kawasaki
Everton Bocca
Ezequiel Roberto Zorzal
Fabiana F. Serres
Fabiana Fattore Serres
Fabiano Brum
Fabiano Dorça
Fabiano Horn
Fábio C. Albuquerque
Fábio de Jesus Lima Gomes
Fábio Merçon
Fábio Nicácio de Medeiros
Fábio Paraguaçu
Fábio R. Lapoll
Fábio T. Franciscato
Fabrícia Cristina Gomes
Fabricio da R. Leite
Fabrício Oscar da Cunha
Fabrício Pereira Reis
Fernanda Bono
Fernanda Josirene de Melo Ferreira
Fernanda L. Guedes
Fernando A. O. O. Gauthier
Fernando da Fonseca de Sousa
Fernando da Fonseca de Souza
Fernando G. da Silvera Junior
Fernando Hartmann
Fernando Mendes de Azevedo
Fernando Santos Osório
Fernando Schrimbeck
Flávia A. Barros
Flávia Daniela
Flávia M. Santoro
Flavia Rezende
Flávia Veloso de Souza
Flaviana S. Silva
Flávio Galdino Xavier
Flávio Lamas
Flávio Mota Medeiros
Franciele C. Petry
Francine Ferreira Vaz
Francine Vaz
Francisco Araújo de Almeida Neto
Francisco César de Oliveira
Francisco José de Azevedo Alves
Francisco M. Bieniacheski
Francisco Ramos de Melo
Frederico Andros da Silva
Frederico Moreira Bublitz
Frederico Oliveira Tosta
Frederico Vilela
FulanoRenato Cardoso Mesquita
G. M. da Nobrega
G. M. da Nóbrega
G. M. J. Curilem
Gabriel André D. Dubois Brito
Geber Lisboa Ramalho
Genésio Gomes da Cruz Neto
Genessa Robinson
Gentil J. Lucena Filho
Gentil Serra Jr
Gerardo S. Viana Júnior
Germana M. da Nóbrega
Germana Menezes da Nóbrega
Germano de Souza Keinbaum
Gianna Oliveira Roque
Gilbert Breves Martins
Gilda A. de Assis
Gilse Antoninha Morgental Falkembach
Gino Piccolo
Gisele Trentin da Silva
Gisleide A. M. Werneck
Gláucia da Silva Brito
Gláucia Sá Fortes Moreira
Gláucio Almeida
Glaucio J. C. Machado
Graçaliz P. Dimuro
Gretchen Torres de Macêdo
Gudelia Morales
Guilherme Bittencourt
Guilherme Drehmer
Guilherme S. dos Santos
Gustavo A. Giménez Lugo
Gustavo Hermínio Araújo
Gustavo Pereira Mateus
Gustavo Simonato
Gustavo Vier
Hannah Sabaini de Sá
HansJorg Andreas Schneebeli
Heitor Augustus Xavier Costa
Helena Sporleder Côrtes
Helika A. Chikuchi
Hemilis Joyse Barbosa Rocha
Henriette Lebre La Rovere
Henrique Sérgio Lima Pequeno
Henry Pôncio Cruz
Hermes Alexandre de Brito
Hermínio Borges Neto
Humberto Cardoso Marchezi
Hyggo Oliveira de Almeida
Ida M. M. Schivitz
Iêda Carvalho Sande
Ingrid de Vargas Mito
Iranete Lima
Isaura Alcina Martins Nobre
Itana Stiubiener
Ivan Luiz M. Ricarte
Ivane Duvoisin
Ivanildo José de S. Aquino Júnior
Ivete Pinto
Jackson Gois
Jackson Góis
Jadir Custódio Mendonça
Janete Barroso Batista
Janette Cardoso
Janice Inês Deters
Janine Fraga Ribas
Janine G. Moura
Jean Felipe P. Cheiran
Jean Mary A. Soares
Jean PitonGonçalves
Jean Sallantin
Jeane S. F. Teixeira
Jezer Machado de Oliveira
Jhônatan Ferlin
João E. da R. Tavares
João Paulo L. de Oliveira
Joaquina Barata Teixeira
Joisé P. Emiliano
Jones Oliveira de Albuquerque
Jorge Bidarra
Jorge Fernando Silva de Araujo
Jorge L. V. Barbosa
Jorge Luis V. Barbosa
Jorge Luis Victória Barbosa
Jorge Muniz Barreto
Jori Almeida de Amorim
José Aires C. Filho
José Antonio Gameiro Salles
José Carlos Loureiro Ralha
José Cláudio Vahl Júnior
José Demisio Simões da Silva
José Francisco da Silveira Júnior
José Pereira Emiliano
José Silvério Edmundo Germano
José Tarcísio Pires Trindade
José Tomé de S. Azevedo Filho
Josué de Araújo
Josué J. G. Ramos
Jouran P. Cortez
Joyce M. Pernigotti
Júlia Koefender
Juliana H. Kowata
Juliana Lucas de Rezende
Juliana R. B. Diniz
Júlio Henrique Araújo Pereira Machado
Julio Valente da Costa Jr
Júlio Wilson Ribeiro
Junia C. Anacleto
Juracy C. Marques
Jurandy Gomes de Almeida Jr
Karina Valdivia Delgado
Karine Beschoren de Souza
Kelly Assis de Souza
Kimie Cadorini Nakahara
Laécio Nobre de Macedo
Larissa Tollens
Laura Maria Coutinho Lopes
Lauro Eugênio Guimarães Nalini
Lauro G. Nalini
Leandra Anversa Fioreze
Leandro A. P. dos Santos
Leandro Maciel Almeida
Leandro Magela Cunha
Leandro Taddeo
Leila C. V. Andrade
Leonidas de Oliveira Brandão
Leonidas O. Brandão
Ligia Flávia Antunes Batista
Liliana M. Passerino
Lísia Rabelo
Lisiane Oliveira
Livia Amorim Lopes
Lívia da Silva Neiva
Lívia Lopes Azevedo
Lorena Silva Camelo
Louise J. Seixas
Louise Jeanty de Seixas
Lourenço de O. Basso
Lucas T. Alves
Lucia Barcellos Bazzarella
Lucia M. M. Giraffa
Lucia Maria Giraffa
Lúcia Regina Goulart Vilarinho
Luciana Backes
Luciana Frasson Mesquita
Luciana P. Nedel
Luciana S. Soprani
Luciane M. Fraga
Luciane Stefanato Negrini
Luciane T. S. Garcia
Luciano de Errico
Luciano Fernandes Lemos Rocha
Lucidio dos Anjos
Lucídio F. C. dos Anjos
Luis Alfredo V. de Carvalho
Luís Alfredo Vidal Filho
Luis C. Coradine
Luís Henrique Raja Gabaglia Mitchell
Luiz A. M. Palazzo
Luiz Antônio M. Palazzo
Luiz D. Mazzei
Luiz Eduardo Peixoto
Luiz Eugênio Fernandes Tenório
Luiz Fernando T. Meirelles
Luiz G. B. Mirisola
Luiz H. L. Araújo
Luiz Henrique Zeferino
Luiz M. G. Gonçalves
M. C. A. Brito
M. R. Magalhães
Ma. de Fatima C. de Souza
Magda Bercht
Maicon Herverton Lino Ferreira da Silva
Maiko de Andrade
Manoelisa Goebel
Marcel Furtado Almeida
Marcelle Pereira Mota
Marcelo Blois
Marcelo da S. Hounsell
Marcelo de Brito Garcia
Marcelo H. D. Abreu
Marcelo Patrocinio
Marcelo T. Batista
Márcia Cristina Coelho de Almeida
Márcia Cristina dos Reis
Márcia Duarte Medeiros
Marcia E. J. Kniphoff da Cruz
Marcia Kniphoff da Cruz
Marcia Notare
Marcio Calixto Cabral
Marco A. Eleuterio
Marco Antônio Sandini Trentin
Marco Aurélio Carvalho
Marco Aurélio de Carvalho
Marco Ianniruberto
Marcos Antônio Cavenaghi
Marcos Junior Marini
Marcos Luís Cassal
Marcos Paulo Salvador de Oliveira
Marcus Salerno de Aquino
Marcus V. C. Guelpeli
Marcus Vinicius de A. Basso
Maria Alice Grigas Varela Ferreira
Maria Angélica de Oliveira Camargo Brunetto
Maria Aparecida Fernandes Almeida
Maria Augusta Silveira Neto Nunes
Maria Augusta Silveira Netto Nunes
Maria da Glória Notargiacomo
Maria das Graças Volpe Nunes
Maria de Fátima Neves
Maria de Fátima Webber do Prado Lima
Maria G. M. Silva
Maria Helena L. B. Braz
Maria Helena Pamplona
Maria Isabel de Menezes
Maria L. K. Barbosa
Maria Nícia Antunes
Maria Nícia R. Antunes
Maria Suzana Marc Amoretti
Maria Teresa Gouvêa
Maria Therezinha de L. Monteiro
Mariane de Oliveira Pereira
Marianne Kogut Eliasquevici
Marie Jane S. Carvalho
Mariel Andrade
Marília Gonçalves Dutra
Marilú F. de Medeiros
Mariluci Zanela
Marina Moraes Felipe
Mário de Souza Neto
Maristela Compagnoni Vieira
Mariúsa Warpechowski
Marlene R. de Freitas
Marlise Geller
Marlon José Dognini
Marta Dieterich Voelcker
Marta J. F. S. Souza
Marta R. Bez
Martha Barcellos Vieira
Mary Lúcia Pedroso Konrath
Mateus Henrique O. Becker
Matheus Antonio Zucolotto Pereira
Mauro C. Pequeno
Mauro Cavalcante Pequeno
Mauro Sérgio Miskulin
Melina D. Herrmann
Melina Herrmann
Mercedes Vitturini
Michael Bortolin
Michele Simonian
Michelle Joab
Milton Burgos Josué Neto
Milton J. P. Madeira
Milton Madeira
Mirceia Borin
Mireille Pinheiro Moreira
Miriam Klemann
Monalisa de Abreu Leite
Munique Machado
Murilo Borges Silva
Nadia Milena Barbosa
Natanael R. Bavaresco
Naura Andrade Luciano
Nilcimar dos Santos Souza
Nilson S. Costa
Noemi P. N. Fujii
Omar Gemha Taha
Orlando Bisacchi Coelho
Orlando Fonseca Silva
Oswaldo Bassani Neto
Otacílio José Pereira
Paola Vargas Barbosa
Parcilene Fernandes de Brito
Patrícia A. Jaques
Patricia Augustin Jaques
Patrícia C. A. R. Tedesco
Patrícia Gerent Petry
Patrícia M. Mozzaquatro
Patrícia Silva Smurra Frank
Patricia Tedesco
Patrick Calvetti
Patrick Moratori
Paulo Afonso Parreira Júnior
Paulo Roberto Pasqualotti
Pedro Willibaldo Schuck
Perla Señas
Priscila Barros David
Rachele Bianchi Sganderla
Rafael A. Faraco
Rafael P. da Rocha
Rafael P. de Lira
Rafael Q. R. Gomes
Rafael Savi
Rafael Welter
Rafael Z. Marchesi
Rafaela de Orlando Nascimento
Raimundo Furtado Sampaio
Raimundo J. Macário Costa
Raquel O. Prates
Raquel Santiago Freire
Reginaldo do Prado
Regis L. Sebastiani
Rêmulo Maia Alves
Renata Couto Moreira
Renata L. da Costa
Renata Mousinho
Renata N. Leal
Renata Silva Souza Guizzardi
Ricardo Augusto Lipas
Ricardo de A. Kratz
Ricardo Kratz
Ricardo Matsumura Araújo
Ricardo Naveiro
Ricardo Pannain
Roberta Scaramussa da Silva
Roberta Spolon Ulson
Roberta Vilhena Vieira
Roberto Bianchini
Roberto de Alencar Lotufo
Robson Carlos Loureiro
Rodrigo Assaf
Rodrigo de Godoy Domingues
Rodrigo Ferrugem Cardoso
Rodrigo R. V. Goulart
Rogério Santos Pedroso
Rômulo Nunes
Roosevelt Oliveira
Roque Moraes
Rosa Maria Vicar
Rose Mary Almas de Carvalho
Roseclea D. Medina
Roseli P. Hansen
Rosemeire Lima Secco
Rosinaldo Dourado da Fonseca Júnior
Roxane Leandra dos Santos Miranda
Rubem F. Vargas
Rubens glyphascimento Melo
Ruth P. S. Leão
Sabrina Silveira
Sandra Freitas Ferreira Lima
Sandro Neves Soares
Sarajane Marques Peres
Saulo Jorge Beltrão de Queiroz
Sean Wolfgand M. Siqueira
Sérgio Crespo C. da Silva Pinto
Sergio Crespo C. S. Pinto
Sergio Crespo Pinto
Sérgio Crespo S. C. Pinto
Sergio R. K. Franco
Sérgio Roberto Matiello Pellegrino
Sérgio Roberto P. da Silva
Sérgio Vinícius de Sá Lucena
Silvana Reali Nazario
Silvia F. S. Moresco
Sílvia Ferreto da Silva Moresco
Sílvia Jenny Donaduzzi
Silvia Meirelles Leite
Silvia Nassar
Simone Bicca Charczuk
Simone Criminácio
Simone Grace de Barros
Sionise Rocha Gomes
Socorro Vânia L. Alves
Sofia A. Chaves Barcellos
Solange Altoé de Moura
Sônia R. F. Enumo
Sueli de Abreu
Susana de Souza Barros
Susana Seidel
Sylvie Pesty
T. R. Garbin
Taciana Montes
Taciana Pontual da Rocha Falcão
Taís Rabetti Gianella
Talita Alessandra Busnello
Tanise Paula Novello
Tarcila Gesteira da Silva
Telma Moretti
Teresinha Fróes Burnham
Teresinha Quadros
Thereza Patrícia Pereira Padilha
Thiago Bortolo Ramiro
Thiago Senador
Tiago de Aragão
Ulrich Schiel
Valéria D. Feltrim
Vanderlei dos R. Silva
Vanderley Flor da Rosa
Vanderson José Ildefonso Silva
Vanessa Lindemann
Vanessa Martins Caldas
Vanessa Suzuki
Vânia Marins Nobre
Vânia P. de A. Neris
Victor M. de A. Oliveira
Vilma F. de França
Vilma Fernandes de França
Vilmar Pedro Votre
Vinicius F. C. Ramos
Vítor de Oliveira Batista
Viviane Duarte Bonfim
Viviane Meireles
Vládia Maria Cabral Borges
Volia Volia de Almeida Carvalho
Wagner Saback Dantas
Waleska Cristina Mota Martins
Walker Rabelo
Weber S. R. Takaki
Werner Haetinger
Yuri Correa
Vera Lúcia Duarte de Novais
Myrtes Alonso
Maria de los Dolores J. Pena
Sonia Maria Alegretti
Robinson Vida Noronha
Rafael Duarte Coelho dos Santos
Clovis Torres Fernandes
João Carlos de C. e S. Ribeiro
Lucia Maria Martins Giraffa
Úrsula A. L. Fernandes Ribeiro
Maria Elisabette Brito Prado
Maria Candida Müller
Afira Vianna Ripper
Maria Helena Nogueira de Sá
Ann Berger Valente
Flavia Lumi Matuzawa
Graziela Naspolini Delpizzo
Mauren Elisabeth Silva Medeiros
Aparecida Maria de Brito Costa
Eduardo Garcia Wanderley
Fabiana Boscariol
Claudinei C. Sant’Ana
Gisane M. C. Dinnouti
Lucia H. Baccaglini
Afira V. Ripper
Thalita Biazzuz Veronese
Márcio Maia Silva
George de Souza Alves
J. F. Silva de Araujo
Silvia Branco Vidal Bustamante
Tatiana Brasil Brandão Gandra
Mônica Gardelli Franco
André Bernardes Pezza
André R. de L. Lyra
Daniel A. Leitão
Guilherme B. C. de Amorim
Mára Lúcia Fernandes Carneiro
Ana Luiza Pires
Cleci Maraschin
Susie de Araujo Campos Alcoba
Alex Ferreira dos Reis
Pedro Urzúa Gómez
Guillermo Arancibia Canales
Carolina Escárate Ramírez
Hortensia Fredes Jil
Alexy Quant Matus
Ednei Nunes de Oliveira
Katia Regina Gonçalves Mori
Lígia Cristina Rubim Menezes
Elaine Leite de Lima
Cristina Leite de Brito
Iolanda A. C. Almeida
Lialda B. Cavalcanti
José Carlos Tavares da Silva
Jorge Fernando Silva Araujo
José Rodrigues Fernandes
Fabiana Jeronimo Quintella de Lima
Leandra de Miranda Mendes
Maria Cecília Calani Baranauskas
Janine Cristina Coutinho de Souza Dutra
Cláudia Maria Caixeta Bezerra
José Oscar Fontanini de Carvalho
Vera Lúcia da Silveira Nantes Button
Beatriz Mascia Daltrini
Adriana Keiko Kawai
Rodrigo de Passos Barros
João Henrique de Augustinis Franco
José Manuel Martin Rior
Juliano Castilho Dall'Antonia
Amilton da Costa Lamas
Luciana Ozello Baratti
Leônidas de Oliveira Brandão
Janaina Speglich de Amorim
Raquel Oliveira Prates
Rosa Maria Videira de Figueiredo
Catharine Ferreira Bach
Maria de Fátima Ramos Brandão
Cátia Luzia Oliveira da Silva
Henrique S. L. Pequeno
Georgeanne O. E. de Pinho
Luiz Cláudio Braga
Rossana Ghilardi Cardoso
Sonia Ana Charchut Leszczynski
Ivan Ferrer Maia
Christianne Orrico Dalforno
Fátima Peres Z. de Oliveira
Gisele Degen
Patrícia G. Petry
Jr. pt_BR BR
Robinson V. Noronha
Valéria Machado da Costa
Mário Galvão de Queirós Filho
Maria Cristina Canela
Andréa Pereira Mendonça
Alberto Nogueira de Castro Júnior
Manuel Fernández Paradela Ledón
Joni de Almeida Amorim
Sérgio Roberto Kieling Franco
Angelita Marçal Flores
Elisabete Amadeu Montero
Josi Rosa de Oliveira
Demetrius Ribeiro Lima
Raphael Hirose
Henrique Nou Schneider
Olga R. P. Bellon
Mauricley R. Azevedo
Fabio L. Vieira
Antônio Venícius dos Santos
Marcelo Menezes Reis
Gerardo Silveira Viana Júnior
José Aires de Castro Filho
Vinícius Ribeiro Zuquim
Glaucius Décio Duarte
Antônio Carlos da Rocha Costa
Rubens Takiguti Ribeiro
Carlos Eduardo Magalhães Cobucci
José Monserrat Neto
Maria Cristina Pfeiffer Fernandes
Marisa Lucena
Maria Paula Cavalcanti
Simone de Lucena Ferreira
Valéria Inês Tanajura Lôbo
Samara Werner
Bianca Bianchi
Lucia Chibante
Miriam Lerner
Renato Louro
Juliano Trevisan Cavaroli
Juan Manuel Adán Coello
Francisco Herbert Lima Vasconcelos
Maria Dulce Brito Rebolças Freitas
Mirim Lerner
Lúcia Chibante
Joelma De Riz
Crediné Silva de Menezes
Jaime Roy Doxsey
Débora Abdalla
Cláudia Gama
Vinicius Pinheiro
Caroline Rodarte
Leandro Nunes dos Santos
Lucas D. N. da Motta
Henrique de Araújo Sobreira
Rejane M. G. da Silva
Elza Figueiredo Chagas
Eveline de Jesus Viana Sá
Ana Grasielle Dionísio Corrêa
Patrícia da Silva Holanda
Gilson Loureiro Mácula Júnior
Cirney Ricardo José Borges Carneiro
Lorena Bischoff Trescastro
Patrícia C. Tedesco
Magno Soares
Aline Guarato
Autran Macedo
Úrsula A. L. F. Ribeiro
Carmen Faria Santos
Rony Cláudio de Oliveira Freitas
Léa da Cruz Fagundes
Rosane Aragón de Nevado
Marcus Vinicius Basso
Crediné S. de Menezes
Cabral Lima
William Lautenshlager
Lorenzo Taddei
Márcia Valpassos Pedro
Emilia B. Ferrreira
Adriana B. Soares
Charlles Giovany Faqueti
Liliane Souza Fantini
Maria Lúcia Lorenzetti
N. De la Orden Medina
P. J. Freitas Filho
Osmar Mantovani
Hans Liesenberg
Everton Flávio Rufino Seára
Fabiane Barreto Vavassori Benitti
Luciane Maria Schlindwein
Janaína Speglich de Amorim
M. Cecília C. Baranauskas
Gilberto Quirgo de Souza
João Carlos Nogueira Alves
Tatiana Escovedo
Priscilla Lanne C. de Leão
Carla A. Lima Reis
Janne Y. Y. Oeiras
Danielle Fonseca Costa
Wendell Pimenta Cunha
Lucas Gonçalves de Oliveira
Cineiva Campoli Paulino Tono
Sirlei de Fátima Albino
Luís Fernando Jacintho Maia
Benedito J. P. Ferreira
Alexandra Geraldini
Elisabete Alfeld
Priscila B. David
José A. Castro Filho
Alina G. Spinillo
Raquel A. F. Siqueira
Samira Bissoli Saleme
Sávio Silveira de Queiroz
Jomar Alberto Andreata
Carlos Barros Montez
Marcos A. S. Kutova
Caio C. G. Oliveira
Paulo César Abdala Ilha
Márcio de Araújo Benedito
Márcia Cristina Moraes
Caetano Bocchi Pedroso
Cláudio Rodrigues da Cunha
Martha Wankler Hoppe
Mára Lúcia Carneiro
André L. Zambalde
Mauro C. Pichiliani
Celso M. Hirata
Gianna Oliveira Bogossian Roque
Marcos da Fonseca Elia
Marlon F. Abreu
Rogério Avellar Cordeiro
Clevi E. Rapkiewicz
Maria C. Canela
Kelle C. F. da Costa
Maria da Penha de A. A. Harb
Elói L. Favero
Daniel Martineschen
Luis Carlos de Bona
Marcus Vasconcelosde Castro
Carlos Fernando de Araújo Jr
Nize Maria Campos Pellanda
Luciano Eugênio de Castro Barbosa
Larissa Abranches Arthidoro Coelho Rocha
Marcelo Oliveira Andrade
Lílian Marques Ohira
Eugênio Carlos Radaelli Filho
Eduardo Filgueiras Damasceno
Wabney Dantas de Oliveira
Soraia Silva Prietch
Raquel Brusamarelo
Cyntia Fernanda G. dos Santos
Tamara Tania C. Egler
Thiago de A. Gomes
Maria de Fátima C. de Souza
Eliana Moreira de Oliveira
Laécio Nobre de Macêdo
Andrea Lilian M. da Costa
Gilberto Silva Carvalho
Francy dos Santos Fernandes
Reginaldo Ap. Gotardo
Sérgio D. Zorzo
Gabriel D. Cavalcante
Leandro A. dos Santos
André L. A. Raabe
Adriana G. Alves
Célia R. Pedro
Josane J. Cercal
Alexandre de Oliveira Zamberlam
Claudia Camerini Correa Perez
Sofiane Labidi
Flávia Biondo da Silva
Cristiane Durigon Testa
Maria Auricélia da Silva
Claudenice de F. Souza
José Aires da Castro Filho
Gerardo Viana Júnior
Betânia T. S. da Rocha
Bergson Rodrigo S. de Melo
Ana Angélica Mathias Macêdo
Márcia Roberta Falcão de Farias
Thais Helena Chaves de Castro
Zeina Rebouças Corrêa Thomé
Raphael Holanda
Jeane Silva F. Teixeira
Eveline de Jesus V. Sá
Adriana Santos Sousa
Elmara Pereira de Souza
José Ricardo R. Zeni
Baldoino F. dos Santos Neto
João G. M. de Menezes
Jairo S. S. Melo
Raphael Pinho
Ana Paula B. Silva
Francisco M. Aguiar
Glaucio J.C. Machado
Juliana de O. Gudolle
Juliana P. Renz
Angélica Gurjão Borba
Bernard Pimentel Rangé
Gleilcelene Brito
Nicia Cristina Rocha Riccio
Patrícia Rosa da Silva
Fernanda da R. Becker
Daniel Weingaertner
F. Herbert Lima Vasconcelos
Ederclinger M. Reis
M. Dulce Brito R. Freitas
José Aires de C. Filho
Lúcia Chiabante
Elizabeth M. Rocha
Lívia M. L. Santiago
Josilane O. Lopes
Dina M. P. Dantas
Hermínio B. Neto
Inaldo Capistrano Costa
Jeane Teixeira
Alessandro Ramos de Oliveira
Danilo Rodrigues César
Maria Helena Silveira Bonilla
Gilvan Justino
Dalton Francisco de Andrade
Marlene S. Soares
Lucila M. C. Santarosa
Rodrigo de S. Gomide
Rafaela do Vale S. Gomide
Érica Vasconcelos de Morais
Aleciana Vasconcelos de Morais
Antonio Canuto Brandini
Eidemar Martins de Paula
Andréa Blasques
Cristina Aparecida Lopes Devecchi
Juliana Cristina Fiore
Simone de Oliveira Branco
José A. Castro­Filho
Alisandra C. Fernandes
Natasha C. Barreto
Angélica Gago da Costa
Gláucia Cardoso Gago
Liuiti Ricardo Sasahara
Marouva Fallgatter Faqueti
Ecivaldo de Souza Matos
Márcia de Freitas Vieira Borges
Heiko Horst Hornung
Hans Kurt Edmund Liesenberg
Ciléia Fioroti
Raquel S. Freire
Lavina Lúcia V. Lima
Maria Angelica de Oliveira Camargo Brunetto
Rafael Arabori
Ricardo Damasceno
Douglas Pasquali Pedroso
Maria Helena Pereira Dias
Maria Célia Rossetto
Luanna Lopes Lobato
Bruno de Sousa Monteiro
Hugo Torres Calazans Ramos da Silva
Fábio Caparica de Luna
Márcia de Oliveira Morais
Marta Maria Costa Lima
Gilvandenys L. Sales
Giovanni C. Barroso
Hilton Prado de Castro Junior
Marcos José Melo de Almeida
Karina Saunders Montenegro
Ana Irene Alves de Oliveira
Elisângela F. de Mello
Marcelo Sarraf Pinho
Karina Marcon
Dante A. Medeiros Filho
Breno S. B. Assunção
Edelson S. Lopes
Vandor R. V. Rissoli
Waldiney Bolgheroni
Alexandre M. Ferreira
Eliane N. Pereira
Marcos A. R. Silva
João Alberto Fabro
Junia Coutinho Anacleto
Stainam Nogueira Brandão
Anderson Fellipe Rocha das Neves
Renate de O. Raabe
Fabrício Bortoluzzi
Fábio da Silva Jr
glyphúbia Santos Rosa
Janne Yukiko Yoshikawa Oeiras
Antonio F. L. Jacob Jr
Flávia de A. Barros
Luiz Dourado Dias Junior
Benedito de Jesus Pinheiro Ferreira
Alisandra Cavalcante F.
Eliana M. de Oliveira
Raquel Almeida F. S.
Herik Zednik Rodrigues
Alessandro José Francisco Carlos
Junia Cotinho Anacleto
Ana Luiza Dias
Guilherme F. Oliveira
Jose R. F. Braga
Douglas V. G. Pires
Felipe O. Jerez
Hosana J. Batista
Mateus O. Jerez
Márcia C. de A. Coelho
José F. da Silveira Jr
Alexsander Toledo
José A. de Castro Filho
Eder Paulus Moraes Guerra
Airton Fontenele Sampaio Xavier
Bergson Rodrigo Siqueira de Melo
Verônica Maria Lavor da Silva
Manuela Peixoto
Edite Resende Vieira
Sônia Sá Vianna
Cátia A. Martins
Luciane Magalhães Corte Real
Silvana Corbelline
Edna Maria Souza Rabêlo
Angélica Gagoda Costa
Eliane de Medeiros Ramalho
Júnia Ramalho Teixeira
Carlos José Maria Olguín
Oscar José Busatta
Marcus Vinicius Ferreira Gonçalves
Simone Ignácio
Dulce Freitas
Cláudio Libanio Pinto de Oliveira
Pedro Henrique Borges de Almeida
Raimundo J. Macário
Ana Claudia R. P. da Costa
Ana Aparecida Simões da Cunha
Léo Pini Magalhães
Isabela pt_BR Gasparini
Éverlin Fighera Costa Marques
Edino Mariano Lopes Fernandes
Silvio R. R. Sanches
Andrea pt_BR Silva
Andrea Zotovici
Romero pt_BR Tori
Hua Lin Costa Chang
Flávio de Brito Pinheiro
Cláudia Werner
Waldemar Mazza Silva
Maria Martha Dalpiaz
Crediné pt_BR Menezes
Alisandra Cavalcante Fernandes
Jaiane Ramos Barbosa
Lavina Lúcia Vieira Lima
Leandro Ponte
Cristiane B. P. de Oliveira
Marcos da F. Elia
Rejane Frozza
Ana Luiza Wagner
Kurt Molz
Jacques Schreiber
Maria Eugênia Kiehl
Luís Victorino
Rômulo Guedes Cerqueira
Vânia Cordeiro da Silva
Wilson Castello Branco Neto
Márcia Rodrigues Notare
Henrique da Mota Silveira
Leandro de A. Morelato
Israela Peixer Lorenzini
Alana M. de Morais
Daniel P. de S. Medeiros
Liliane dos S. Machado
Rogéria G. do Rego
Henrique M. Seffrin
Fátima L. S. Nunes
Victor H. P. Gomes
Diego Leonardo Urban
Matheus Luan Krueger
Yandre M. G. da Costa
Flávio R. Uber
Cezar A. Lamann
Joslaine Cristina Jeske
Júnia Silva Rocha Oliveira
Cynthia Freitas de Oliveira Enoque
Simão Pedro Pinto Marinho
Marcia Martins de Oliveira
Paulo Afonso Parreira Junior
Andrea de Farias Castro
Simone da Costa Lima
Valdeci B. de Melo Oliveira
Nilceu J. Deitos
Valéria dos Santos Schinato
Francy R. da Guia Nyamien
Bruno F. Costa
Marilise O. Jorge
Marcus V. A. Basso
Vanessa G. Tonet
Marcus V. de A. Basso
Patricia Gallo
Maria Aparecida de F. Gomez
Arlete Ferreira Gandra
Hilton P. C. Junior
Gilmara T. Barcelos
Raquel Matos de Lima Bento
Álisson Rabelo Arantes
Fábio Martins de Oliveira
Vander Luiz Aguiar
Maria pt_BR Wernz
Daniel Rizzieri
Tamer pt_BR Cavalcante
Evellyn Soares Cavalcante
Alejandro pt_BR Orgambide
Thiago Fernando Fiori
Tania Maria Guimarães
Rebeca Moreira Sena
Shirliane Matos de Souza
Nara Nornberg
Maria A. Friedrich
Jorge Luiz Barbosa Dantas
Edson Murakami
Vanessa Battestin Nunes
Aline de Miranda Marques
Marcos Wagner S. Ribeiro
Leonira Morais da Silva
Liliane dos Santos Machado
Dilermando pt_BR Piva Jr.
Ricardo pt_BR Freitas
Vanessa Maia Aguiar de Magalhães
Maria José G. S. Tanbellini
Fábio Teixeira Franciscato
Roseclea Duarte Medina
Lucas Lorentz Lara
Gabriel Fernandes Bonfim
Cristiano da Silva Flores Neto
Adriana Cláudia R. Costa
Elberth Moraes
Franklin Lima Santos
Flávia Maristela S. Nascimento
Romildo M. S. Bezerra
Ana Elisa Ribeiro
Gabriel Machado de C. Fonseca
Élerson R. S. Santos
Maria Jacy Maia Velloso
Lidiane de A. Parisi
Caetano B. Pedroso
Marcelo V. C. Rosa
Suênia Izabel Lino Molin
Viviane Azevedo
Vera Lúcia Ruiz Rodrigues da Silva
Aline Vaplak Faria
Ivã José de Pádua
Dorisvaldo Rodrigues da Silva
Jesse Nery Filho
Lucia Marisy Souza Ribeiro de Oliveira
Fernando Selleri Silva
Everton Ricardo do Nascimento
Elias Januário
Sandra Regina Gutierres
Rosa Maria Modesto Cagnoni
Vanessa Maia A. de Magalhães
Marcos A. Rose Silva
José Rogério Santana
Maria Gilvanise de Oliveira Pontes
Jonny Christian Model
Rodrigo Antonio Gonzato
Fabrício Karim
André Luiz Brun
Carlos JoséMaria Olguin
Claudia Brandelero Rizzi
Rogério Luís Rizzi
Ivo Romário Ribeiro
Rodrigo Martins Ribeiro
Homero L. Píccolo
Marcus O. da Silva
Vinícius A. Rodrigues
Yuri A. N. Maia
Marcelo pt_BR Souza
Márcio pt_BR Alencar
Renata Pitta
Akynara Aglaé
Samuel Azevedo
Francisca Danielle Guedes
Antonia Zenadja Ângelo de Alencar
Ramona Lossio de Almeida
Egeslaine de Nez
Alexandra Mazei da Silva
Elisângela Mazei da Silva
Rosilene Caetano Lago
Glaucia da Silva Brito
Marcus Vinícius Pinheiro Lopes
Caio pt_BR Paes
Janderson pt_BR Aguiar
Mariana pt_BR Romão
Andréa pt_BR Mendonça
Luiz D. Dias Junior
Cleonice Reis S. D. Dias
Waldiza Salgado Santos
Gilberto Souza Jr
Dionne Monteiro
Raoni Franco
Eric Rommel G. Dantas
Ryan Ribeiro de Azevedo
Paula Ceccon Ribeiro
Carlos Bazílio Martins
Flávia Cristina Bernardini
Diego Lopes Marques
Max André de Azevedo Silva
Ayla Débora Dantas S. Rebouças
Jussara Martins Albernaz
Mônica pt_BR Arrevabani
Isaura pt_BR Nobre
Sebastião Batista
Juares Dutra Silva
Ana Maria de O. Pereira
Elizabeth Matos Rocha
Marília Maia Moreira
Rodrigo pt_BR Costa
Liliana Maria Passerino
Thiago Moreira deResende Araújo
Michele Alda Rosso Guizzo
Adriana pt_BR Jacinto
Tatiana Martins Almeri
Maria Bernadete Oriá de Melo
Romeu Northfleet Júnior
Robson Gomes de Melo
Rhycardo Luiz Monteiro
Elisângela Vanessa Fernandes
Patrícia pt_BR Schäfer
Léa Fagundes
Silvia Janine Rodrigues da Costa
Luiz Claudeivan
Flávia pt_BR Veloso
Mixilene Sales Santos Lima
Simone H. S. Koch
Não Informado
Andre Institutos Superiores de Ensino do CENSA Mansur
Rogerio A. de Carvalho
Maria Cristina Mansur V. Biazus
Mirlem Rodrigues Ribeiro
Rogério Patrício Chagas do Nascimento
Apuena Vieira Gomes
Maria Cristina Leandro de Paiva
Danielli Wilhelm da Costa Gomes
Aparecida Maria Costa de Albuquerque
José Aires Castro Filho
Angela Maria Oliveira
Lucimeri Ludwig
Mateus David Finco
Cláudia Smaniotto Barin
Liziany Müller Medeiros
Elaine C. S. Hayashi
Rosângela de Assis
M. pt_BR Baranauskas
Geny Lúcia Salgueiro Segundo
Thaíse Costa
Ayla Rebouças
Vanessa Dantas
Emerson Assis
Jackeline Dantas
Carolina Helena Pasta
Danielle Aparecida do Nascimento dos Santos
Doriedson Alves de Almeida
Cleyton V. C. Magalhães
Sergio S. L. Paiva Júnior
Jonathan pt_BR Moreira
Edilson pt_BR Ferneda
Luiz C. Coradine
Renato da V. Guadagnin
Euler de Vilhena Garcia
Gianna pt_BR Roque
Cílio Ziviani
Marcus Vinícius de Araújo Fonseca
Lisiane Manso
Elisângela de Fátima Fernandes de Mello
Niedja B. do Egito
Helder D. Santiago
Márcia A. C. de Moraes
Fábrícia P. T. Noronha
Laís Mezzomo
Adriana Demarqui Rossato
Edemilson Jorge Ramos Brandão
Ryan pt_BR Azevedo
Artur R. A. da Silva
Gabriel Negreiros
Ivaldir H. de F. Júnior
Alexandre R. S. Correia
Cara K. Snyder
Antonio G. B. Sá
Ina M. R. Araújo
Jussara pt_BR Abernaz
Danielli pt_BR Sondermann
Vanessa pt_BR Nunes
Lucinéia Barbosa da Costa Chagas
Marcia Gonçalves de Oliveira
Júlia M. C. da Silva
Lissandra L. Lazzarotto
Rogério Tessari
Márcia Roberta S. P. Silva
Danilo L. Dalmon
Sebastian Saullo Ribeiro da Silva
Silvia Marques da Nóbrega
Antonio Fernando Lavareda Jacob Jr.
Andréa Pinheiro Paiva Cavalcante
Giliane Bernardi
Adriana S. Nogueira
Ainoã Vieira
Rodolfo P. Pimenta
Lucimere R. Dias
Any Caroliny Duarte
Jarbele Cássia da Silva
José Carlos de Souza Júnior
Michele Maciel Sacramento
Elizandra Karla Odorico
Humberto Tomé da Silva
Helen Maria Pedrosa de Oliveira
Laís Brambilla Storti
Arilise Moraes de A. Lopes
Emiliano M. Velasco
Elvis C. Barcelos
Jaqueline dos Santos Picetti
João Wandeberg Maciel
Ademilde Sartori
Marcia Maciel
Nadja N. Rodrigues
Pierre E. A. Oliveira
Taísa S. Silva
Nathállia Amaral Carvalho
Benedito de J. Pinheiro Ferreira
Italo S. de Almeida
Juliane C. Santana
Márcia de Freitas Vieira
Daniel Freitas dos Santos
Fábio pt_BR Sampaio
Ellen P. R. Souza
Rubens dos Santos Guimarães
Válter Strafacci Júnior
Paulo Marcelo Tasinaffo
Adriana da S. Nogueira
Ricardo de J. Nielsen
Renata Luiza da Costa
Moisés João Vieira
Ana Flávia da S. Barbosa
Paulo Francisco da Conceição
Victor F. de A. Barros
Joelias da S. P. Junior
Luciano P. Carvalho
Rita de Fátima Muniz
Demetrius Abreu de Lima
Cátia Luzia Silva Harriman
Robert Maribe Branch
Elizandra K. Odorico
Denilson M. Nunes
Helen M. P. de Oliveira
Maria Lidiana Ferreira Osmundo
Raquel Machado Leite
Andrea L. M. da Costa
Martha Kaschny Borges
Liziany Muller
Giséli Duarte Bastos
Andrieli Hedlund Bandeira
Débora Marshall
Jean Cecchin Biondo
Rodrigo A. S. Alves
Elaine S. França
Rose Meire C. Brancalhão
Fabiana Oro Cericato Costa
Ana Paula Soares Fernandes Lamha
Daniela S. Moreira
Rosimeire Rebouças Rodrigues Costa
Marcos de Castro Pinto
Maria Cristina Graeff Wernz
Rosane Aragón
Stella Maria Peixoto de Azevedo Pedrosa
Cícero Bandeira Lima Filho
Arliene Santisteban Campos
Elisa Daniele de Andrade
Jaqueline Lesinhovski Talamini
Marcia Patricia kuligovski
Claudete F. Oliveira
Rutinelli da Penha Fávero
Lydia Márcia Braga Bazet
Maria do Carmo Ferreira Xavier
Lucimeri Ricas Dias
Filon Suarte Nogueira
Nayron Hubel
Mônica de Fátima Jess Gomes
Ewerton Henning Souto Raposo
Hendrig Wernner
Ana Carolina R. Carneiro
Renate Raabe
Regina Célia de Jesus D. Santos
Lilian T. Carvalho
Henrique N. Schneider
Daniele Santana de Melo
Adriana Alves Novais Souza
Karen A. S. Auler
Myrian I. S. B. Laste
Danielli Veiga Carneiro Sondermann
Hiran Pinel
Mário Jorge Nunes Costa
Emilayne Feitosa Corlett
Thelma Panerai
Ronaldo Goldschmidt
Raphael J. Muniz
Wênder A. Lima
Ana Carolina G. Inocêncio
Karla M. da Rocha
Eliana Rela
Ricardo Antunes de Sá
Armanda M. C. de A. Oliveira
Alba Liarth da Cruz
Ana Carolina Feijó
Diana Ciannella
Maria Augusta Palácio
Taís Giannella
Miriam Struchiner
Elias Vidal Bezerra Junior
Flávia Veloso Costa Souza
Silvia C. Dotta
Erica F.C. Jorge
Juliana C. Braga
Ana Liz Souto Oliveira de Araújo
Luiz Fernando de Paiva
Hévellyn de Morais Rabêlo
Luan de Luna Santos
Francisco Ittalo Ribeiro Pessoa
Jonas Mendonça Targino
Leonardo dos Santos Costa
Ana Maria de Oliveira Pereira
Marco A. S. Trentin
Carlos Ariel Samudio Pérez
Rodrigo Guedes Pereira Pinheiro
Otavio Saraiva Louvem
Maria Francilene Câmra Santiago
Sirley Trugilho da Silva
Flavia Tosato
Decíola Fernandes de Sousa
Mario Jorge Nunes Costa
Ubaldo Tonar Teixeira Góes
Ricardo Diniz Souza e Silva
Alberto de Oliveira Jucá
Sebastião Rogério da Silva Neto
Higor Ricardo M. Santos
Anderson Alves de Souza
Carpegieri Torezani
Jocelyne da Cunha Bocchese
Valéria Pinheiro Raymundo
Sandra Benedita Morassi
Tainã Carvalho
Jayne Silveira
Ana Marilza Fleischmann
Haroldo José Costa do Amaral
Eliana A. M. Leite
Herbert V. Lima
Eveline P. S. Aguiar
Leiliana S. Franco
Márcia Roberta S. Pires da Silva
Ana Amélia Pardini Generoso
João Coelho Neto
Dais Capucho Afini
José Carlos de Souza Junior
Vanessa C. Marinho
Silvia Fichmann
Jadson P. Rafalski
Otávio L. Santos
Elaine G. Silva
Paula Freire Cezatti Albino Albani
Virgínia Caldas Machado
Elizabeth Carneiro Bergamasco
Leila Cristina Carneiro Bergamasco
Letícia P. Medeiros
Bruno Simioni
Rubens dos dos Santos Guimarães
Germano O. Ribeiro
Thomaz E. V. Silva
Albano O. Nunes
Francisca A. P. Pinto
F. Herbert L. Vasconcelo
Enyo J. T. Gonçalves
Anilson Pimenta
Aline Ferreira Barbosa
Roseane de O. Martins
Vanessa da Silva Ferreira
Fernanda Lopes Guedes
Tatiana Brocardo Castro
Claudilene Moura Perim
Tais Rabetti Giannella
Silvana Corbellini
Luciane Corte Real
Fernando Selleri
Caroline Q. de Oliveira
Everton R. do Nascimento
Ivanildo M. Azevedo
Marlon Mendes Minussi
Fábio Luís da Silva Santos
Ângelo Augusto Costa Freire
Gracieth Mendes Valenzuela
Denys Rocha
Eraldo Ferraz
Silvia Cristina Dotta
Elaine Testoni
Clevi Rapkiewicz
Daniela Cesa Fracasso
Guilherme Weihmann
Eduardo Cambruzzi
Rosemberg Mendes de Souza
Yuri Magalhães
Cassiano Henrique de Albuquerque
Lisandra Almeida Silva
Alzira Josiane Rodrigues
André Maciel Santana
Marli Vick Vieira
Sloan do Nascimento
Aparecida Maria Zem Lopes
Cintia Shimohara
Maristela Vieira
V. Lessa
Franciele Forigo
Gabriel Paludo Licks
Neuza Oro
Ariane Pazinato
Ádler Gross
João Ramos Martins
Fernanda Batistela
José Alves Monteiro Neto
Aellison Santos
Gislaine Figueiredo
Isaura Nobre
Marize Lyra Silva Passos
Lucas Hinterholz
Franceline Michailoff
Janderson Aguiar
Joseana Fechine
Rafael Justino de Jesus
Rene Nöel
Marta Barría
Wendell Oliveira
Paula Levay
Taciana Pontual Falcão
Lilian da Silva Teixeira
Kate Revoredo
Eliane Dias Gomes Alves
Wine Silva
André Melhor
Jandiaci Barreto
Ecivaldo Matos
Erika Raquel Silva dos Santos
Fábio Cristiano
Ivaldo Barbosa Da Mota Neto
Ygor Nakamura
Wederson Xavier de Araújo
Alex Santos Bandeira Barra
Flávia Zocoler
Ellen Bezerra
Ricardo Nicolau
Vanda Arantes Araújo
Edson Moura da Silva
Thiago Marcondes Santos
Edileide Alves
Cibelle Assis
Fagner Silva Martins
Esteic Janaina Santos Batista
Amaury Castro Jr.
Andreia Alfonso Larrea
Cintia Adriana Canteiro Bogarim
Manassés Bispo da Silva
Anna Raquel da Silva Marinho
Francisco das Chagas da Silva Júnior
Pauleany Simões de Morais
Ana Katarine de Freitas Santana Santos
Maérico dos Santos Pessoa
Luiza Pontello
Robson Loureiro
Cássio Pinheiro
Sabrina Deloise Leal
Ana Panzani Alves
Marina Macedo Nunes
Larissa Ferreira Rodrigues
Adriana Martinhago
Liziane Soares
Rachel Reis
Wamberto Lima
Enza Victal
Heraclito Junior
Patricia Teodoro Gaudio Rios
Crediné de Menezes
Jales Monteiro
Glice Pires
Dilberto Lima
Lilian Rego
Danielli Carneiro Sondermann
Yvina Pavan Baldo
Marie Jane Soares Carvalho
Mayara Cabral
Ismael Matos
Paulo Cesar de Souza Patrício
Mara Cleide Oliveira dos Santos
Flavio Duarte
Josemary Kopke
Dário Beutler
Jessica Balbinot Plá
Janio Carlos Nascimento
Luciano Franco
Ramona Silva
Isa Raquel Reis Nonato
Zildomar Felix
Urbanno Leite
Isledna Almeida
Maria Aparecida Junqueira
Josimar Gonçalves Ribeiro
Vinícius Pereira Faria
Glaucio Carvalho
Katia Morosov
Erica Acioli Silva
Jacqueline Felix da Silva
Rayana Alencar