Adriana Carvalho https://scholar.google.com.br/citations?user=SzXM7zsAAAAJ
Adriana SOARES https://scholar.google.com.br/citations?user=GlqiS-UAAAAJ
Alan Silva https://scholar.google.com.br/citations?user=MNRubfkAAAAJ
Alberto Elfes https://scholar.google.com.br/citations?user=vlsPR1AAAAAJ
Alberto J. Cañas https://scholar.google.com.br/citations?user=co_5s34AAAAJ
Alcione de Paiva Oliveira https://scholar.google.com.br/citations?user=i1mML_MAAAAJ
Aldo von Wangenheim https://scholar.google.com.br/citations?user=a7XTMeIAAAAJ
Alex S Gomes https://scholar.google.com.br/citations?user=i9a7THIAAAAJ
Alexandra Lorandi Macedo https://scholar.google.com.br/citations?user=Ze4tN2oAAAAJ
Ana Carolina Bertoletti De Marchi https://scholar.google.com.br/citations?user=PXxERIsAAAAJ
Anarosa Alves Franco Brandão https://scholar.google.com.br/citations?user=0YlNxKgAAAAJ
André Luis Alice Raabe https://scholar.google.com.br/citations?user=YA3kcqUAAAAJ
André Luis Raabe https://scholar.google.com.br/citations?user=YA3kcqUAAAAJ
André Luiz Brandão https://scholar.google.com.br/citations?user=XqxvTFkAAAAJ
André Pimenta Freire https://scholar.google.com.br/citations?user=8NrStEEAAAAJ
Andrei Thomaz https://scholar.google.com.br/citations?user=sbxaWFYAAAAJ
Andreia Malucelli https://scholar.google.com.br/citations?user=PlljqBIAAAAJ
Andrey Ricardo Pimentel https://scholar.google.com.br/citations?user=Gv8pCo0AAAAJ
Angélica Maria Monteiro https://scholar.google.com.br/citations?user=93I-OJYAAAAJ
Avelino Ferreira Gomes Filho https://scholar.google.com.br/citations?user=rvmKQ_wAAAAJ
Bruno Bogaz Zarpelão https://scholar.google.com.br/citations?user=_pKvFDoAAAAJ
Bruno Monteiro https://scholar.google.com.br/citations?user=UzlSG5wAAAAJ
Camila Areias de Oliveira https://scholar.google.com.br/citations?user=YJzzaxwAAAAJ
Camila C. Rodrigues https://scholar.google.com.br/citations?user=Oa7Sj8cAAAAJ
Camila Nunes https://scholar.google.com.br/citations?user=NXEJREkAAAAJ
Carla Lopes Rodriguez https://scholar.google.com.br/citations?user=IEzpPNsAAAAJ
Carla Valle https://scholar.google.com.br/citations?user=a9WgJ3gAAAAJ
Carlos Alberto Ferreira https://scholar.google.com.br/citations?user=COZAFqsAAAAJ
Carlos Fiolhais https://scholar.google.com.br/citations?user=f7Z5sKEAAAAJ
Carlos Henrique Quartucci Forster https://scholar.google.com.br/citations?user=8CWb37kAAAAJ
Carlos Machado https://scholar.google.com.br/citations?user=0uj4niwAAAAJ
Carlos Machado de Oliveira https://scholar.google.com.br/citations?user=r8-JxKYAAAAJ
Cecilia Dias Flores https://scholar.google.com.br/citations?user=cF8i5SwAAAAJ
Célia G. Ralha https://scholar.google.com.br/citations?user=c6JLbaUAAAAJ
Celso Alberto Santos https://scholar.google.com.br/citations?user=vC1gHpAAAAAJ
Claudia L.R. Motta https://scholar.google.com.br/citations?user=ULjN34QAAAAJ
Creto Augusto Vidal https://scholar.google.com.br/citations?user=18WqSAsAAAAJ
Cristiano Galafassi https://scholar.google.com.br/citations?user=5zXNrQYAAAAJ
Daniela Leal Musa https://scholar.google.com.br/citations?user=bma6-IMAAAAJ
Danielo G. Gomes https://scholar.google.com.br/citations?user=QkzaeUsAAAAJ
David Wiley https://scholar.google.com.br/citations?user=M47HR7IAAAAJ
Denis Silva da Silveira https://scholar.google.com.br/citations?user=SPFHtzUAAAAJ
Dilermando Piva Jr. https://scholar.google.com.br/citations?user=InycCD0AAAAJ
Douglas Véras https://scholar.google.com.br/citations?user=y99U0usAAAAJ
Edgard Afonso Lamounier Jr. https://scholar.google.com.br/citations?user=8_Y7Wh4AAAAJ
Edgard Lamounier Júnior https://scholar.google.com.br/citations?user=8_Y7Wh4AAAAJ
Edmilson Barcelos Rocha https://scholar.google.com.br/citations?user=egFvMeAAAAAJ
Edson dos Santos Moreira https://scholar.google.com.br/citations?user=QisD2NoAAAAJ
Edson Pinheiro Pimentel https://scholar.google.com.br/citations?user=zXNcgEcAAAAJ
Eduardo Aranha https://scholar.google.com.br/citations?user=STbbDkUAAAAJ
Eduardo Araujo Oliveira https://scholar.google.com.br/citations?user=WxcwAEIAAAAJ
Ellen Francine Barbosa https://scholar.google.com.br/citations?user=rWEar9sAAAAJ
Elmano Ramalho Cavalcanti https://scholar.google.com.br/citations?user=ER-MItAAAAAJ
Ernani Gottardo https://scholar.google.com.br/citations?user=TykvxBMAAAAJ
Euclydes Marega Jr. https://scholar.google.com.br/citations?user=DogZ64IAAAAJ
Fábio Gerab https://scholar.google.com.br/citations?user=lh_-_JgAAAAJ
Felipe Martins Müller https://scholar.google.com.br/citations?user=RxdPheoAAAAJ
Fernando F. de Souza https://scholar.google.com.br/citations?user=vvwfwtIAAAAJ
Fernando Pinhati https://scholar.google.com.br/citations?user=3Y51AP8AAAAJ
Filipe Arantes Fernandes https://scholar.google.com.br/citations?user=FJbr9OkAAAAJ
Flávia Linhalis Arantes https://scholar.google.com.br/citations?user=j3cq4zYAAAAJ
Francisco Milton Mendes Neto https://scholar.google.com.br/citations?user=n9mEPl4AAAAJ
Francisco Petronio Medeiros https://scholar.google.com.br/citations?user=9ln84aEAAAAJ
Francisco Rodrigues https://scholar.google.com.br/citations?user=6-wVId4AAAAJ
Geórgia Rodrigues Gomes https://scholar.google.com.br/citations?user=wjSoeeoAAAAJ
Gerd Wagner https://scholar.google.com.br/citations?user=hC3q-Y0AAAAJ
Gilda Helena B. de Campos https://scholar.google.com.br/citations?user=f_sUpY0AAAAJ
Gisela Aragão Umbuzeiro https://scholar.google.com.br/citations?user=JUOa6pUAAAAJ
Gisela Clunie https://scholar.google.com.br/citations?user=fG35z3wAAAAJ
Handerson Medeiros https://scholar.google.com.br/citations?user=oLNbQIcAAAAJ
Helena Macedo Reis https://scholar.google.com.br/citations?user=02kOjqsAAAAJ
Heloisa Moura https://scholar.google.com.br/citations?user=X5c9u0kAAAAJ
Ig Bittencourt Bittencourt https://scholar.google.com.br/citations?user=BSe3NMwAAAAJ
Ilse Abegg https://scholar.google.com.br/citations?user=wr2iXlcAAAAJ
Irene Karaguilla Ficheman https://scholar.google.com.br/citations?user=80XXO58AAAAJ
Isabel Fernandes https://scholar.google.com.br/citations?user=FZJm6h8AAAAJ
Islene C. Garcia https://scholar.google.com.br/citations?user=q3MhHJQAAAAJ
J. F. Hübner https://scholar.google.com.br/citations?user=4KPuGDYAAAAJ
J. S. Sichman https://scholar.google.com.br/citations?user=rlSHIHIAAAAJ
Jacques Duílio Brancher https://scholar.google.com.br/citations?user=WuFC-mYAAAAJ
Jaime R. S. Fonseca https://scholar.google.com.br/citations?user=MMO9s_4AAAAJ
Jairo Francisco de Souza https://scholar.google.com.br/citations?user=CiZNGSQAAAAJ
João Gluz https://scholar.google.com.br/citations?user=SrcspmYAAAAJ
João Guilherme https://scholar.google.com.br/citations?user=eCPcqZ8AAAAJ
João Paiva https://scholar.google.com.br/citations?user=xm64I6cAAAAJ
Joao Porto de Albuquerque https://scholar.google.com.br/citations?user=O0p2PRoAAAAJ
João Vilhete Viegas D'Abreu https://scholar.google.com.br/citations?user=ygpPYEsAAAAJ
Joni A. Amorim https://scholar.google.com.br/citations?user=KTndlCAAAAAJ
Jonice Oliveira https://scholar.google.com.br/citations?user=fUK_VqgAAAAJ
Jorge Soares https://scholar.google.com.br/citations?user=2VhtaSAAAAAJ
José Antonio BORGES https://scholar.google.com.br/citations?user=XFP0bZoAAAAJ
José Armando Valente https://scholar.google.com.br/citations?user=5ZSxmZUAAAAJ
José Luis Braga https://scholar.google.com.br/citations?user=hTIan8IAAAAJ
José M. Pessoa https://scholar.google.com.br/citations?user=vWVaNXcAAAAJ
José Palazzo M. de Oliveira https://scholar.google.com.br/citations?user=8Xw1b6oAAAAJ
Júlia Marques Carvalho da Silva https://scholar.google.com.br/citations?user=ZjC5e_EAAAAJ
Juliano Bitencourt https://scholar.google.com.br/citations?user=Kgg2s44AAAAJ
Juliano Schimiguel https://scholar.google.com.br/citations?user=uPVQXJMAAAAJ
Karen Selbach Borges https://scholar.google.com.br/citations?user=uvXK3BYAAAAJ
Leandro Balby Marinho https://scholar.google.com.br/citations?user=6XO2tOwAAAAJ
Leandro Luque https://scholar.google.com.br/citations?user=E-lbFnIAAAAJ
Leonardo Magela Cunha https://scholar.google.com.br/citations?user=IVnfzXEAAAAJ
Leonardo Souza Mendes https://scholar.google.com.br/citations?user=Z7CzzMwAAAAJ
Leonelo Dell Anhol Almeida https://scholar.google.com.br/citations?user=1X0VDSsAAAAJ
Liane Margarida Rockenbach Tarouco https://scholar.google.com.br/citations?user=LnxqSEQAAAAJ
Liliana Passerino https://scholar.google.com.br/citations?user=oPISgQUAAAAJ
Lora Aroyo https://scholar.google.com.br/citations?user=FXGgl5IAAAAJ
Lucas Braz https://scholar.google.com.br/citations?user=2T0z4WIAAAAJ
Luciana Alvim Santos Romani https://scholar.google.com.br/citations?user=eJ9snggAAAAJ
Luciano Tadeu Esteves Pansanato https://scholar.google.com.br/citations?user=l1Xp80QAAAAJ
Lucila Ishitani https://scholar.google.com.br/citations?user=endFTY8AAAAJ
Lucila M. Costi Santarosa https://scholar.google.com.br/citations?user=0ze2-T0AAAAJ
Luiz Cláudio Silva https://scholar.google.com.br/citations?user=lmJYo0wAAAAJ
Luiz Gustavo Ribeiro Rolando https://scholar.google.com.br/citations?user=AfsVXpUAAAAJ
Mara Cristine Kich https://scholar.google.com.br/citations?user=V2wuKvsAAAAJ
Marcel Bergerman https://scholar.google.com.br/citations?user=jpN5jK0AAAAJ
Marcelo B. Vieira https://scholar.google.com.br/citations?user=LpGANt0AAAAJ
Marcelo da Silva Hounsell https://scholar.google.com.br/citations?user=llJamrEAAAAJ
Marcelo Giordan https://scholar.google.com.br/citations?user=tcL1OeEAAAAJ
Marcelo Leandro Eichler https://scholar.google.com.br/citations?user=ot1K6dcAAAAJ
Marco Carvalho https://scholar.google.com.br/citations?user=D3-1JiQAAAAJ
Marco M. Carvalho https://scholar.google.com.br/citations?user=D3-1JiQAAAAJ
Marcos Antônio Gomes Brandão https://scholar.google.com.br/citations?user=Sicx88IAAAAJ
Maria Candida Moraes https://scholar.google.com.br/citations?user=Q6ItqvMAAAAJ
Maria Cristina Villanova Biazus https://scholar.google.com.br/citations?user=ZxniZ-sAAAAJ
Maria Teresa Eglér Mantoan https://scholar.google.com.br/citations?user=CuRc6kEAAAAJ
Marilena Nascimento https://scholar.google.com.br/citations?user=FbwSwiYAAAAJ
Marina Keiko Nakayama https://scholar.google.com.br/citations?user=SyXS38wAAAAJ
Mateus Henrique Dal Forno https://scholar.google.com.br/citations?user=2TIGXHgAAAAJ
Mauricio Abreu Pinto Peixoto https://scholar.google.com.br/citations?user=MkFC5_oAAAAJ
Mauro Sérgio Teixeira de Araújo https://scholar.google.com.br/citations?user=1IcqArUAAAAJ
Mônica Mandaji https://scholar.google.com.br/citations?user=1NXJV7AAAAAJ
Orivaldo de Lira Tavares https://scholar.google.com.br/citations?user=jlcIr6QAAAAJ
Orivaldo L. Tavares https://scholar.google.com.br/citations?user=jlcIr6QAAAAJ
Paloma Alinne Rodrigues https://scholar.google.com.br/citations?user=5IN8hNEAAAAJ
Patrícia Alejandra Behar https://scholar.google.com.br/citations?user=OjoFq3YAAAAJ
Patrícia C. Souza https://scholar.google.com.br/citations?user=5wIiTJQAAAAJ
Patrícia Oliveira https://scholar.google.com.br/citations?user=dMDEK50AAAAJ
Paulo Henrique Lopes Aguiar https://scholar.google.com.br/citations?user=jdUoproAAAAJ
Paulo Sérgio Garcia https://scholar.google.com.br/citations?user=iyeLxEUAAAAJ
Pedro J. de Rezende https://scholar.google.com.br/citations?user=kn5qB58AAAAJ
Rafael Almeida https://scholar.google.com.br/citations?user=XvL6wcAAAAAJ
Rafael de Amorim Silva https://scholar.google.com.br/citations?user=XlayyDgAAAAJ
Rafael de Santiago https://scholar.google.com.br/citations?user=_Et30p4AAAAJ
Ricardo Holanda Nobre https://scholar.google.com.br/citations?user=WEYfWa4AAAAJ
Ricardo Luís Freitas https://scholar.google.com.br/citations?user=iMfypsAAAAAJ
Richard Arias Arias https://scholar.google.com.br/citations?user=P_nbaVAAAAAJ
Roberto Romani https://scholar.google.com.br/citations?user=yYhhVYkAAAAJ
Roberto Willrich https://scholar.google.com.br/citations?user=klG5GT4AAAAJ
Rodrigo Bonacin https://scholar.google.com.br/citations?user=eGFBydAAAAAJ
Rodrigo Claudino Diogo https://scholar.google.com.br/citations?user=pIyc2VcAAAAJ
Rodrigo Duarte Seabra https://scholar.google.com.br/citations?user=wPVOyKsAAAAJ
Rodrigo Luis de Souza da Silva https://scholar.google.com.br/citations?user=BAv_EsYAAAAJ
Rodrigo Toledo https://scholar.google.com.br/citations?user=qRLAlg0AAAAJ
Rosa Vicari https://scholar.google.com.br/citations?user=XsX10SQAAAAJ
Rozelma Soares de França https://scholar.google.com.br/citations?user=J9D3DaQAAAAJ
Rudinei Goularte https://scholar.google.com.br/citations?user=6lc68RgAAAAJ
Ryan Baker https://scholar.google.com.br/citations?user=hvs8PEoAAAAJ
Salvador SánchezAlonso https://scholar.google.com.br/citations?user=wbMaSPYAAAAJ
Samuel Siqueira Bueno https://scholar.google.com.br/citations?user=GgESbpAAAAAJ
Sandro Athaíde Coelho https://scholar.google.com.br/citations?user=GJVN3a8AAAAJ
Saulo Andrade https://scholar.google.com.br/citations?user=fZ8hn_sAAAAJ
Sean W. M. Siqueira https://scholar.google.com.br/citations?user=n2FpSZIAAAAJ
Sergio Ferreira do Amaral https://scholar.google.com.br/citations?user=weJuQA4AAAAJ
Sheila Reinehr https://scholar.google.com.br/citations?user=JRTfA6EAAAAJ
Sidnei Renato Silveira https://scholar.google.com.br/citations?user=QNzRi8gAAAAJ
Silvana Rossy de Brito https://scholar.google.com.br/citations?user=FFaB6SAAAAAJ
Silvia Azevedo https://scholar.google.com.br/citations?user=Wlqf_gEAAAAJ
Silvia Costa Botelho https://scholar.google.com.br/citations?user=XKt2OlEAAAAJ
Silvia Cristina Freitas Batista https://scholar.google.com.br/citations?user=NV1gYQYAAAAJ
Sílvia H. ZemMascarenhas https://scholar.google.com.br/citations?user=hnDyzjUAAAAJ
Sílvio C. Cazella https://scholar.google.com.br/citations?user=AxhyoRwAAAAJ
Simone Bacellar Leal Ferreira https://scholar.google.com.br/citations?user=jwiuQU8AAAAJ
Solange Oliveira Rezende https://scholar.google.com.br/citations?user=e2GNtdIAAAAJ
Stanley Loh https://scholar.google.com.br/citations?user=ErSEoKoAAAAJ
Taffarel BrantRibeiro https://scholar.google.com.br/citations?user=GkLlj_oAAAAJ
Tatiana Aires Tavares https://scholar.google.com.br/citations?user=PpSlGDIAAAAJ
Thais Castro https://scholar.google.com.br/citations?user=caXuDfcAAAAJ
Thiago Rocha Assis https://scholar.google.com.br/citations?user=NpMCwoYAAAAJ
Thiago Silva Mello https://scholar.google.com.br/citations?user=BzyiPxkAAAAJ
Tiago Machado https://scholar.google.com.br/citations?user=Cu5b_QYAAAAJ
Tiago Primo https://scholar.google.com.br/citations?user=VoUeoHwAAAAJ
Tom Dwyer https://scholar.google.com.br/citations?user=tfdxvu8AAAAJ
Vagner F. de Santana https://scholar.google.com.br/citations?user=f0QLYG8AAAAJ
Vanessa Araujo Borges https://scholar.google.com.br/citations?user=SwU8basAAAAJ
Vânia Paula Néris https://scholar.google.com.br/citations?user=rzONokcAAAAJ
Vera Salvador https://scholar.google.com.br/citations?user=obJ-BrIAAAAJ
Viviane Torres da Silva https://scholar.google.com.br/citations?user=9fnrfZsAAAAJ
Wilmax M. Cruz https://scholar.google.com.br/citations?user=kuCmtf8AAAAJ
Wilson Vicente Ruggiero https://scholar.google.com.br/citations?user=IIfKQlEAAAAJ
A. Alvarez https://scholar.google.com.br/citations?user=kFBTCq4AAAAJ
Adilson Marques da Cunha https://scholar.google.com.br/citations?user=dRfEGDgAAAAJ
Adriana Jacinto https://scholar.google.com.br/citations?user=uQvUKNcAAAAJ
Adriano Canabarro Teixeira https://scholar.google.com.br/citations?user=ufp06YkAAAAJ
Adriano Silva Lima https://scholar.google.com.br/citations?user=JzzgYpUAAAAJ
Alberto B. Raposo https://scholar.google.com.br/citations?user=bbNfBlwAAAAJ
Alberto Barbosa Raposo https://scholar.google.com.br/citations?user=bbNfBlwAAAAJ
Alejandro C. Frery https://scholar.google.com.br/citations?user=gnEYpw0AAAAJ
Alexandre Andrade Barbosa https://scholar.google.com.br/citations?user=sR86uoAAAAAJ
Alexandre Gonçalves Silva https://scholar.google.com.br/citations?user=ByzwM6wAAAAJ
Amarolinda Saccol https://scholar.google.com.br/citations?user=6HamZUAAAAAJ
André Guedes https://scholar.google.com.br/citations?user=spqUAyIAAAAJ
André Luís de Medeiros Santos https://scholar.google.com.br/citations?user=33KYR9YAAAAJ
André Ramos https://scholar.google.com.br/citations?user=CbBcl8MAAAAJ
André Silva https://scholar.google.com.br/citations?user=z0f1qtwAAAAJ
Andréa Portugal https://scholar.google.com.br/citations?user=kBqz3PgAAAAJ
Anibal L. Guedes https://scholar.google.com.br/citations?user=MBp8eiQAAAAJ
Antônio C. R. Costa https://scholar.google.com.br/citations?user=gu45EesAAAAJ
Antonio Carlos Cavalcanti https://scholar.google.com.br/citations?user=U1pKCDUAAAAJ
Aparecido Nilceu Marana https://scholar.google.com.br/citations?user=Vua4gxcAAAAJ
B. Nogueira https://scholar.google.com.br/citations?user=bDLrNowAAAAJ
B. Soares https://scholar.google.com.br/citations?user=0r083BYAAAAJ
Beatriz Wilges https://scholar.google.com.br/citations?user=2pjpp2AAAAAJ
Bruno de S. Monteiro https://scholar.google.com.br/citations?user=UzlSG5wAAAAJ
Bruno Queiroz Pinto https://scholar.google.com.br/citations?user=nx0spbMAAAAJ
Camilo Camilo Almendra https://scholar.google.com.br/citations?user=x0gpVhAAAAAJ
Carina Alves https://scholar.google.com.br/citations?user=7dI_BXwAAAAJ
Carla Beatris Valentini https://scholar.google.com.br/citations?user=KyCqYnQAAAAJ
Carlos E. A. Machado https://scholar.google.com.br/citations?user=Mhl8IZUAAAAJ
Carlos Fernando Araújo Jr https://scholar.google.com.br/citations?user=sxUvd7YAAAAJ
Carlos Franco https://scholar.google.com.br/citations?user=m_s7R84AAAAJ
Carlos H. C. Ribeiro https://scholar.google.com.br/citations?user=PHx3a5oAAAAJ
Carlos José Pereira de Licena https://scholar.google.com.br/citations?user=BCW5XGIAAAAJ
Carlos Lopes https://scholar.google.com.br/citations?user=p5H9HIgAAAAJ
Carlos R. Lopes https://scholar.google.com.br/citations?user=9fmjq2kAAAAJ
Carlos Villalba https://scholar.google.com.br/citations?user=-rj34lQAAAAJ
Caroline Kraus Luvizotto https://scholar.google.com.br/citations?user=qOtu2L8AAAAJ
Cássio Prazeres https://scholar.google.com.br/citations?user=CSZHc_EAAAAJ
Cecilia D. Flores https://scholar.google.com.br/citations?user=cF8i5SwAAAAJ
Cecília D. Flores https://scholar.google.com.br/citations?user=cF8i5SwAAAAJ
Cecília Dias Flores https://scholar.google.com.br/citations?user=cF8i5SwAAAAJ
Cesar Teixeira https://scholar.google.com.br/citations?user=wygSk1wAAAAJ
Clara Coutinho https://scholar.google.com.br/citations?user=ed1XRiMAAAAJ
Claudia Boeres https://scholar.google.com.br/citations?user=3lbAKU0AAAAJ
Cláudia C. Pérez https://scholar.google.com.br/citations?user=Sy30d3IAAAAJ
Cláudio Ferretti https://scholar.google.com.br/citations?user=1tBFlxgAAAAJ
Cristina Schwarz https://scholar.google.com.br/citations?user=By27JUkAAAAJ
Daltro José Nunes https://scholar.google.com.br/citations?user=OuE-elAAAAAJ
Daniel William https://scholar.google.com.br/citations?user=BvqvoSgAAAAJ
Daniela Peño Paiva https://scholar.google.com.br/citations?user=06I7598AAAAJ
Dante Augusto Couto Barone https://scholar.google.com.br/citations?user=O4nTWhwAAAAJ
Dante Barone https://scholar.google.com.br/citations?user=O4nTWhwAAAAJ
Débora Barbosa https://scholar.google.com.br/citations?user=iLNKfM4AAAAJ
Diego Dermeval https://scholar.google.com.br/citations?user=H4fYGsIAAAAJ
Douglas Galante https://scholar.google.com.br/citations?user=UuSFBWMAAAAJ
E. Ferneda https://scholar.google.com.br/citations?user=Vt8AjsYAAAAJ
Edgar Marçal https://scholar.google.com.br/citations?user=vq_cvAsAAAAJ
Edilson Ferneda https://scholar.google.com.br/citations?user=ADXNNQwAAAAJ
Eduardo Felipe Zambom Santana https://scholar.google.com.br/citations?user=WPs806UAAAAJ
Eduardo Galembeck https://scholar.google.com.br/citations?user=OHbSxmkAAAAJ
Elias Oliveira https://scholar.google.com.br/citations?user=TaUDN4IAAAAJ
Elvis Fusco https://scholar.google.com.br/citations?user=z1x-2aQAAAAJ
Erica R. de Oliveira https://scholar.google.com.br/citations?user=hdIGWyEAAAAJ
Evandro M. Miletto https://scholar.google.com.br/citations?user=dP_hDxUAAAAJ
F. Barbero https://scholar.google.com.br/citations?user=jKXQBaUAAAAJ
F. Luiz dos Santos https://scholar.google.com.br/citations?user=S6Zty9sAAAAJ
F. M. de Azevedo https://scholar.google.com.br/citations?user=8ZVH-64AAAAJ
Fabiano Fagundes https://scholar.google.com.br/citations?user=thQdrTkAAAAJ
Fabiano Silva https://scholar.google.com.br/citations?user=aMjpIbAAAAAJ
Fabio Ferrentini Sampaio https://scholar.google.com.br/citations?user=cNUlZSQAAAAJ
Felipe A. Silva https://scholar.google.com.br/citations?user=X0fj69oAAAAJ
Felipe Santos https://scholar.google.com.br/citations?user=ss8rx5QAAAAJ
Fernanda Cláudia Alves Campos https://scholar.google.com.br/citations?user=KoswGcUAAAAJ
Fernanda Lima https://scholar.google.com.br/citations?user=vazfTWQAAAAJ
Fernando Schnaid https://scholar.google.com.br/citations?user=xzxZHaYAAAAJ
Fernando Varella https://scholar.google.com.br/citations?user=cv4LS4QAAAAJ
Flávio Bortolozzi https://scholar.google.com.br/citations?user=EiO1CYEAAAAJ
Francisco C. Oliveira https://scholar.google.com.br/citations?user=KE1dZwUAAAAJ
Francisco José Martins https://scholar.google.com.br/citations?user=D1hdiU8AAAAJ
G. Ramos https://scholar.google.com.br/citations?user=9ejvHegAAAAJ
Gilberto Pedro da Silva Júnior https://scholar.google.com.br/citations?user=8qG2Y7gAAAAJ
Hamid Chaachoua https://scholar.google.com.br/citations?user=S0CE7L0AAAAJ
Helder Coelho https://scholar.google.com.br/citations?user=NVB8M7wAAAAJ
Henri Eberspächer https://scholar.google.com.br/citations?user=1jvyxVYAAAAJ
Henrique Pacca https://scholar.google.com.br/citations?user=HY2CriMAAAAJ
Henrique Pacca L. Luna https://scholar.google.com.br/citations?user=HY2CriMAAAAJ
Hermes Senger https://scholar.google.com.br/citations?user=vzHhJRoAAAAJ
Ig Ibert https://scholar.google.com.br/citations?user=BSe3NMwAAAAJ
Ilan Chamovitz https://scholar.google.com.br/citations?user=jHOGNFQAAAAJ
Isabela Gasparini https://scholar.google.com.br/citations?user=2uiEPcQAAAAJ
Ismar F. Silveira https://scholar.google.com.br/citations?user=rmMfFGsAAAAJ
Ivo Calado https://scholar.google.com.br/citations?user=eVQa72MAAAAJ
J.A.S. de Campos https://scholar.google.com.br/citations?user=2nceP0cAAAAJ
Jaquieline de Carvalho https://scholar.google.com.br/citations?user=FSWgk5oAAAAJ
Jimmy Madeiro https://scholar.google.com.br/citations?user=8NxD158AAAAJ
João Batista Bottentuit Junior https://scholar.google.com.br/citations?user=Sfpj_e4AAAAJ
João Bernardes https://scholar.google.com.br/citations?user=52HX7jMAAAAJ
João C. Gluz https://scholar.google.com.br/citations?user=SrcspmYAAAAJ
João José Neto https://scholar.google.com.br/citations?user=u3SxkSEAAAAJ
João Luís Garcia Rosa https://scholar.google.com.br/citations?user=YsO1rOUAAAAJ
João Marcelo Ceron https://scholar.google.com.br/citations?user=DF6l5eAAAAAJ
João Vilhete https://scholar.google.com.br/citations?user=ygpPYEsAAAAJ
João Vilhete Viegas d’Abreu https://scholar.google.com.br/citations?user=ygpPYEsAAAAJ
Joberto S. B. Martins https://scholar.google.com.br/citations?user=Vr4hXsMAAAAJ
Joelias S. Pinto https://scholar.google.com.br/citations?user=JdPIBDMAAAAJ
Joice L. Otsuka https://scholar.google.com.br/citations?user=_XXXc9UAAAAJ
Joice Lee Otsuka https://scholar.google.com.br/citations?user=_XXXc9UAAAAJ
Jorge A. Silvestre https://scholar.google.com.br/citations?user=iI_rSSUAAAAJ
Jorge Barbosa https://scholar.google.com.br/citations?user=zMs-_WkAAAAJ
Jorge Fonseca https://scholar.google.com.br/citations?user=qX7z2p0AAAAJ
Jorge S. Silva https://scholar.google.com.br/citations?user=bpipHxwAAAAJ
Jorge Zavaleta https://scholar.google.com.br/citations?user=cui_j7AAAAAJ
José Carlos Maldonado https://scholar.google.com.br/citations?user=78aU9DcAAAAJ
José Francisco de Magalhães Netto https://scholar.google.com.br/citations?user=6NTisrsAAAAJ
José Luiz de Souza Pio https://scholar.google.com.br/citations?user=8m8ATK4AAAAJ
José Palazzo Moreira de Oliveira https://scholar.google.com.br/citations?user=8Xw1b6oAAAAJ
Juliana Miranda https://scholar.google.com.br/citations?user=BLGFRs0AAAAJ
Juliano Vargas Bittencourt https://scholar.google.com.br/citations?user=Kgg2s44AAAAJ
Junior Martins https://scholar.google.com.br/citations?user=dYiDBbsAAAAJ
K. M. de Oliveira https://scholar.google.com.br/citations?user=wJ2KFcAAAAAJ
Kenia Sousa https://scholar.google.com.br/citations?user=NcX5LrYAAAAJ
L. Zarate https://scholar.google.com.br/citations?user=UysGEf0AAAAJ
Laércio Ferracioli https://scholar.google.com.br/citations?user=5Xkpr9AAAAAJ
Laura Benedetti https://scholar.google.com.br/citations?user=QMINWncAAAAJ
Leandro L. Costalonga https://scholar.google.com.br/citations?user=gGr682UAAAAJ
Leandro L. Dihl https://scholar.google.com.br/citations?user=s5fG1VYAAAAJ
Leliane Nunes de Barros https://scholar.google.com.br/citations?user=CqqZ8b0AAAAJ
Leonardo J. de Oliveira https://scholar.google.com.br/citations?user=nM8Zm8QAAAAJ
Leonardo Madeira https://scholar.google.com.br/citations?user=HbPC0DQAAAAJ
Leticia Lopes Leite https://scholar.google.com.br/citations?user=yh6qCdwAAAAJ
Lucia Giraffa https://scholar.google.com.br/citations?user=fw5pfO8AAAAJ
Luciana de Lima https://scholar.google.com.br/citations?user=Y6iCE_MAAAAJ
Luciano F. Silva https://scholar.google.com.br/citations?user=Cfu4MokAAAAJ
Luciano Ferreira Silva https://scholar.google.com.br/citations?user=B5lUQYYAAAAJ
Luis Bona https://scholar.google.com.br/citations?user=YJL1PhUAAAAJ
Luiz Affonso Guedes https://scholar.google.com.br/citations?user=KMsG17QAAAAJ
Luiz Alberto Vieira Dias https://scholar.google.com.br/citations?user=0Hm2DBYAAAAJ
Luiz Augusto Matos da Silva https://scholar.google.com.br/citations?user=2zwqw88AAAAJ
Luiz Henrique Zambom Santana https://scholar.google.com.br/citations?user=XrFAZP4AAAAJ
M. Brandão https://scholar.google.com.br/citations?user=G0Hd1j0AAAAJ
M. Carvalho https://scholar.google.com.br/citations?user=O7tWQX8AAAAJ
M. Santos https://scholar.google.com.br/citations?user=_nfX42YAAAAJ
M. Song https://scholar.google.com.br/citations?user=Ayiw12wAAAAJ
Magalí T. Longhi https://scholar.google.com.br/citations?user=6ln4nXYAAAAJ
Maira Bernardi https://scholar.google.com.br/citations?user=5e7PEpEAAAAJ
Marcelo P. de Souza https://scholar.google.com.br/citations?user=AiYk0NwAAAAJ
Marcelo Queiroz Schimidt https://scholar.google.com.br/citations?user=1tw37Y4AAAAJ
Marcelo R. G. Barbosa https://scholar.google.com.br/citations?user=smLnbIcAAAAJ
Marcelo Träsel https://scholar.google.com.br/citations?user=iDjrXd8AAAAJ
Márcia A. Fernandes https://scholar.google.com.br/citations?user=vv9lBJkAAAAJ
Márcia G. de Oliveira https://scholar.google.com.br/citations?user=cP-r5QUAAAAJ
Márcio Lobo Netto https://scholar.google.com.br/citations?user=mNQqVcgAAAAJ
Márcio Pinho https://scholar.google.com.br/citations?user=HOUAzukAAAAJ
Marco Antônio Casanova https://scholar.google.com.br/citations?user=zWh25xcAAAAJ
Marco Arguedas https://scholar.google.com.br/citations?user=9afitDIAAAAJ
Marco Túlio Chella https://scholar.google.com.br/citations?user=XkyRLX8AAAAJ
Marcos Borges https://scholar.google.com.br/citations?user=mpUAlpoAAAAJ
Marcos Castilho https://scholar.google.com.br/citations?user=sc_IURwAAAAJ
Marcos Costa https://scholar.google.com.br/citations?user=z0D1fL0AAAAJ
Marcos Sunyé https://scholar.google.com.br/citations?user=04p-6qcAAAAJ
Marcus Barbosa https://scholar.google.com.br/citations?user=F2vTCo4AAAAJ
Margarete Axt https://scholar.google.com.br/citations?user=u4mOfxwAAAAJ
Maria Aparecida Amorim Sibaldo https://scholar.google.com.br/citations?user=jen03GcAAAAJ
Maria Carolina Santos de Souza https://scholar.google.com.br/citations?user=FPoZSMgAAAAJ
Maria da Graça Campos Pimentel https://scholar.google.com.br/citations?user=2z--uNYAAAAJ
Maria das Graças Bruno Marietto https://scholar.google.com.br/citations?user=-nCVHz0AAAAJ
Maria de Fátima Sousa https://scholar.google.com.br/citations?user=SkZiJjQAAAAJ
Maria F. Garcia https://scholar.google.com.br/citations?user=jcFVtv4AAAAJ
Maria Rosangela Bez https://scholar.google.com.br/citations?user=Zgc12W4AAAAJ
Mario Godoy https://scholar.google.com.br/citations?user=0xRJTMQAAAAJ
Martha Hubner https://scholar.google.com.br/citations?user=cfcNHX4AAAAJ
Matheus Barbosa https://scholar.google.com.br/citations?user=R6J3XUMAAAAJ
Melo Júnior https://scholar.google.com.br/citations?user=b6T7dJgAAAAJ
Miguel Pereira https://scholar.google.com.br/citations?user=7rIEh98AAAAJ
Mike Orey https://scholar.google.com.br/citations?user=IQR1EFUAAAAJ
Milene Silveira https://scholar.google.com.br/citations?user=uTjoEsAAAAAJ
Mônica D. Fernandes https://scholar.google.com.br/citations?user=TV30vlIAAAAJ
Moysés Araújo https://scholar.google.com.br/citations?user=1ca7MdUAAAAJ
Nassim Chamel Elias https://scholar.google.com.br/citations?user=OvxsHSMAAAAJ
Nilo César Consoli https://scholar.google.com.br/citations?user=8xefkuwAAAAJ
Orivaldo de L. Tavares https://scholar.google.com.br/citations?user=jlcIr6QAAAAJ
Orivaldo Lira Tavares https://scholar.google.com.br/citations?user=jlcIr6QAAAAJ
Patric da S. Ribeiro https://scholar.google.com.br/citations?user=pAVQEwEAAAAJ
Patricia A. Behar https://scholar.google.com.br/citations?user=OjoFq3YAAAAJ
Patricia A. Rodrigues https://scholar.google.com.br/citations?user=9aACYvsAAAAJ
Patricia C. de Souza https://scholar.google.com.br/citations?user=5wIiTJQAAAAJ
Patrícia de Sousa Paula https://scholar.google.com.br/citations?user=nUloAHwAAAAJ
Patrícia S. Cavalcante https://scholar.google.com.br/citations?user=d7s_zvgAAAAJ
Patrick Brézillon https://scholar.google.com.br/citations?user=Ma6a7JMAAAAJ
Paulo C. Gonçalves https://scholar.google.com.br/citations?user=1rpJjzEAAAAJ
Paulo H. de Souza https://scholar.google.com.br/citations?user=Rsoe5E4AAAAJ
Paulo Mattos https://scholar.google.com.br/citations?user=KCTqwyoAAAAJ
Paulo S. G. Machado https://scholar.google.com.br/citations?user=VGxTwKEAAAAJ
Paulo Sergio Santos Jr https://scholar.google.com.br/citations?user=cFAEK0wAAAAJ
Pedro B. Neto https://scholar.google.com.br/citations?user=xhKX7nEAAAAJ
Pedro Bispo https://scholar.google.com.br/citations?user=f3t9Ka8AAAAJ
Peterson Adriano Belan https://scholar.google.com.br/citations?user=RwIG5NcAAAAJ
Rachel Cristina Mello Guimarães https://scholar.google.com.br/citations?user=7erSfvIAAAAJ
Rafael Ferreira https://scholar.google.com.br/citations?user=N63oC44AAAAJ
Raul S. Wazlawick https://scholar.google.com.br/citations?user=zbaev20AAAAJ
Raul Sidnei Wazlawick https://scholar.google.com.br/citations?user=zbaev20AAAAJ
Raymundo Carlos Machado Ferreira Filho https://scholar.google.com.br/citations?user=Mhl8IZUAAAAJ
Regina E. Alves https://scholar.google.com.br/citations?user=31d3Q3sAAAAJ
Regina M. Braga https://scholar.google.com.br/citations?user=CQT8G3QAAAAJ
Renata Spolon Lobato https://scholar.google.com.br/citations?user=CgGd8EMAAAAJ
Renato Neves https://scholar.google.com.br/citations?user=N3_YZoIAAAAJ
Ricardo A. Silveira https://scholar.google.com.br/citations?user=hSsOFmIAAAAJ
Ricardo Augusto da Luz Reis https://scholar.google.com.br/citations?user=Iw4qTucAAAAJ
Ricardo Luis de Freitas https://scholar.google.com.br/citations?user=iMfypsAAAAAJ
Ricardo Neisse https://scholar.google.com.br/citations?user=z7wU9-4AAAAJ
Ricardo Silveira https://scholar.google.com.br/citations?user=hSsOFmIAAAAJ
Ricardo Wainer https://scholar.google.com.br/citations?user=M2YYfiwAAAAJ
Roberto Castro https://scholar.google.com.br/citations?user=6ZGCYfQAAAAJ
Rodrigo Ferreira da Silva https://scholar.google.com.br/citations?user=BM_r_BAAAAAJ
Romero Tori https://scholar.google.com.br/citations?user=k7oF1AoAAAAJ
Rosa Maria E. Moreira da Costa https://scholar.google.com.br/citations?user=55QzSJ8AAAAJ
Rosana Giaretta Sguerra Miskulin https://scholar.google.com.br/citations?user=bHmQ4DMAAAAJ
Rossana Andrade https://scholar.google.com.br/citations?user=-gVIUSAAAAAJ
Ruberley R. de Souza https://scholar.google.com.br/citations?user=TBL4udUAAAAJ
S. Dias https://scholar.google.com.br/citations?user=fPHP7JwAAAAJ
Sabrina Marczak https://scholar.google.com.br/citations?user=tjnEfX4AAAAJ
Sandra Maria Aluísio https://scholar.google.com.br/citations?user=9mDOHngAAAAJ
Seiji Isotani https://scholar.google.com.br/citations?user=GKphfGsAAAAJ
Sérgio Teixeira https://scholar.google.com.br/citations?user=idCEVWcAAAAJ
Sidnei Alves de Araújo https://scholar.google.com.br/citations?user=HYBH5AQAAAAJ
Silvana R. de Brito https://scholar.google.com.br/citations?user=FFaB6SAAAAAJ
Silvia Botelho https://scholar.google.com.br/citations?user=XKt2OlEAAAAJ
Sílvia Dotta https://scholar.google.com.br/citations?user=YZzzLFUAAAAJ
Sílvia Isaia https://scholar.google.com.br/citations?user=OJedDuQAAAAJ
Silvia Silva da Costa Botelho https://scholar.google.com.br/citations?user=XKt2OlEAAAAJ
Silvia ZemMascarenhas https://scholar.google.com.br/citations?user=hnDyzjUAAAAJ
Sílvio César Cazella https://scholar.google.com.br/citations?user=AxhyoRwAAAAJ
Susane Garrido https://scholar.google.com.br/citations?user=qEZBNtcAAAAJ
T. Santos https://scholar.google.com.br/citations?user=NC2MolMAAAAJ
Tarsis Marinho https://scholar.google.com.br/citations?user=X2XKI7UAAAAJ
Tel Amiel https://scholar.google.com.br/citations?user=JIoLhlcAAAAJ
Thiago Gouveia https://scholar.google.com.br/citations?user=lLdaDQQAAAAJ
Vagner da Silva https://scholar.google.com.br/citations?user=QJIEJXcAAAAJ
Valderi Leithardt https://scholar.google.com.br/citations?user=4Z1HYIIAAAAJ
Valkíria Venâncio https://scholar.google.com.br/citations?user=fnxOoUsAAAAJ
Vânia Almeida Neris https://scholar.google.com.br/citations?user=rzONokcAAAAJ
Vânia Paula de Almeida Néris https://scholar.google.com.br/citations?user=rzONokcAAAAJ
Victor F. A. Barros https://scholar.google.com.br/citations?user=o3MjMwgAAAAJ
Wallace Ugulino https://scholar.google.com.br/citations?user=lZmqJMQAAAAJ
Wanderley Lopes de Souza https://scholar.google.com.br/citations?user=trmLe2EAAAAJ
Wellington Wagner F. Sarmento https://scholar.google.com.br/citations?user=uBvmbkIAAAAJ
Windson Viana https://scholar.google.com.br/citations?user=nUngxNkAAAAJ
Marina G. Feldmann https://scholar.google.com.br/citations?user=xJvgHswAAAAJ
Nizam Omar https://scholar.google.com.br/citations?user=YuCmbOwAAAAJ
Marco Aurélio Gerosa https://scholar.google.com.br/citations?user=kjtuhEQAAAAJ
Hugo Fuks https://scholar.google.com.br/citations?user=jqIuH6MAAAAJ
Maria Elizabeth Bianconcini de Almeida https://scholar.google.com.br/citations?user=Oj1iEoMAAAAJ
Carlos José Pereira de Lucena https://scholar.google.com.br/citations?user=BCW5XGIAAAAJ
Alex Sandro Gomes https://scholar.google.com.br/citations?user=i9a7THIAAAAJ
Elizabeth Furtado https://scholar.google.com.br/citations?user=DQ6-9t8AAAAJ
J. A. S. de Campos https://scholar.google.com.br/citations?user=2nceP0cAAAAJ
M. F. Elia https://scholar.google.com.br/citations?user=H-hqQjwAAAAJ
Alex S. Gomes https://scholar.google.com.br/citations?user=i9a7THIAAAAJ
Pedro Marcos Locatelli https://scholar.google.com.br/citations?user=ZrTQRy0AAAAJ
Maria Cecília Martins https://scholar.google.com.br/citations?user=is_VM-UAAAAJ
Daniel Moutinho Pataca https://scholar.google.com.br/citations?user=3q0Zqx0AAAAJ
Miriam Teresa Domínguez Guedea https://scholar.google.com.br/citations?user=nyzyAYsAAAAJ
Wellington Wagner Ferreira Sarmento https://scholar.google.com.br/citations?user=uBvmbkIAAAAJ
Flaminio de Oliveira Rangel https://scholar.google.com.br/citations?user=UBqqETQAAAAJ
André Santanchè https://scholar.google.com.br/citations?user=lnv8uOEAAAAJ
Renate de Oliveira https://scholar.google.com.br/citations?user=breqYgsAAAAJ
Ricardo Luís de Freitas https://scholar.google.com.br/citations?user=iMfypsAAAAAJ
Edson P. Pimentel https://scholar.google.com.br/citations?user=zXNcgEcAAAAJ
Ana Carolina Bertoletti https://scholar.google.com.br/citations?user=PXxERIsAAAAJ
André Luis Meneses Silva https://scholar.google.com.br/citations?user=0pfRZXUAAAAJ
Luciano Silva https://scholar.google.com.br/citations?user=c_7quNQAAAAJ
Thiago S. Ferreira https://scholar.google.com.br/citations?user=GDrahf0AAAAJ
Paulo Blikstein https://scholar.google.com.br/citations?user=B0cNWzEAAAAJ
Roseli de Deus Lopes https://scholar.google.com.br/citations?user=8-Jh1gMAAAAJ
Maira Pimentel https://scholar.google.com.br/citations?user=2z--uNYAAAAJ
Vania Moreira https://scholar.google.com.br/citations?user=aICbK-QAAAAJ
Bruno Brasil https://scholar.google.com.br/citations?user=RXLrz7MAAAAJ
Marcela Gomes https://scholar.google.com.br/citations?user=mtH-tsYAAAAJ
Paulo Silva https://scholar.google.com.br/citations?user=sJs905UAAAAJ
Fernando F. Queiroz https://scholar.google.com.br/citations?user=FLgtzhgAAAAJ
Almir A. da Silva https://scholar.google.com.br/citations?user=go0Sa9sAAAAJ
Guedmiller S. de Oliveira https://scholar.google.com.br/citations?user=xfywWuIAAAAJ
Bruno Teixeira https://scholar.google.com.br/citations?user=WjvCsOEAAAAJ
Allan Lima https://scholar.google.com.br/citations?user=KmY8QPgAAAAJ
Paulo Cesar Sousa https://scholar.google.com.br/citations?user=LNkt9pAAAAAJ
Fernando Queiroz https://scholar.google.com.br/citations?user=FLgtzhgAAAAJ
Sérgio Manuel Serra da Cruz https://scholar.google.com.br/citations?user=4XraMEMAAAAJ
Elias de Oliveira https://scholar.google.com.br/citations?user=oRes_IAAAAAJ
Silvia da Costa Botelho https://scholar.google.com.br/citations?user=XKt2OlEAAAAJ
Rafael Prikladnicki https://scholar.google.com.br/citations?user=_W9zu7sAAAAJ
Fábio Ferrentini Sampaio https://scholar.google.com.br/citations?user=cNUlZSQAAAAJ
Gilberto Grandi https://scholar.google.com.br/citations?user=dcX4k74AAAAJ
Felipe Luiz Pereira https://scholar.google.com.br/citations?user=q3MmNucAAAAJ
André Luís Alice Raabe https://scholar.google.com.br/citations?user=YA3kcqUAAAAJ
Pricila Kohls dos Santos https://scholar.google.com.br/citations?user=HaHPXgEAAAAJ
Dulce Márcia Cruz https://scholar.google.com.br/citations?user=-lDZDkgAAAAJ
Mariano Pimentel https://scholar.google.com.br/citations?user=_UDWLSwAAAAJ
Riichiro Mizoguchi https://scholar.google.com.br/citations?user=8vYF2UIAAAAJ
Angelita Quevedo https://scholar.google.com.br/citations?user=9jZNSfoAAAAJ
Mercedes Crescitelli https://scholar.google.com.br/citations?user=1CuZo5cAAAAJ
Rafael V. de Souza https://scholar.google.com.br/citations?user=m1up8FgAAAAJ
Antônio C. Santos https://scholar.google.com.br/citations?user=EdFzQWYAAAAJ
Mozar J. de Brito https://scholar.google.com.br/citations?user=Y9DIGLUAAAAJ
Rafael Rodrigues de Oliveira https://scholar.google.com.br/citations?user=0zsLkHkAAAAJ
Marcos Sunye https://scholar.google.com.br/citations?user=04p-6qcAAAAJ
Ismar Frango Silveira https://scholar.google.com.br/citations?user=rmMfFGsAAAAJ
Andreia de Jesus https://scholar.google.com.br/citations?user=n4tffdkAAAAJ
Carlos Guilherme Rocha https://scholar.google.com.br/citations?user=myT0hioAAAAJ
Lucas L. do Amaral https://scholar.google.com.br/citations?user=wN-fbDYAAAAJ
Raquel M. Müller https://scholar.google.com.br/citations?user=UuDIFMYAAAAJ
Rodrigo Rafael Villarreal Goulart https://scholar.google.com.br/citations?user=phJ2XO4AAAAJ
Ana Carolina B. De Marchi https://scholar.google.com.br/citations?user=PXxERIsAAAAJ
Paula Patrícia B. Ventura https://scholar.google.com.br/citations?user=KsJ7SxAAAAAJ
Guilherme Maia https://scholar.google.com.br/citations?user=-ohscnEAAAAJ
Ig Bittencourt https://scholar.google.com.br/citations?user=BSe3NMwAAAAJ
Evandro Costa https://scholar.google.com.br/citations?user=NX2ik0YAAAAJ
Flávio Medeiros https://scholar.google.com.br/citations?user=_e3x-ZQAAAAJ
Lourdes M. Brasil https://scholar.google.com.br/citations?user=UtmOhPQAAAAJ
Luis de Bona https://scholar.google.com.br/citations?user=YJL1PhUAAAAJ
Laura García https://scholar.google.com.br/citations?user=h6xOz3kAAAAJ
Gilda Helena Bernardino de Campos https://scholar.google.com.br/citations?user=f_sUpY0AAAAJ
Carlos Carvalho https://scholar.google.com.br/citations?user=PHx3a5oAAAAJ
Eveline Sá https://scholar.google.com.br/citations?user=keNIRhcAAAAJ
Tatiani Ferrari https://scholar.google.com.br/citations?user=5x27fGcAAAAJ
Artur Kronbauer https://scholar.google.com.br/citations?user=07mNj6oAAAAJ
Luziana Lima https://scholar.google.com.br/citations?user=Y6iCE_MAAAAJ
Luis Bueno https://scholar.google.com.br/citations?user=n56HH10AAAAJ
Leonardo Cunha de Miranda https://scholar.google.com.br/citations?user=stZ2RNsAAAAJ
Fabrício Ferracioli https://scholar.google.com.br/citations?user=Q0DRotUAAAAJ
Felipe Reis https://scholar.google.com.br/citations?user=0gUGzPQAAAAJ
Fabrício Silva https://scholar.google.com.br/citations?user=Ygx65l4AAAAJ
Manoel Ribeiro https://scholar.google.com.br/citations?user=aGn4vcwAAAAJ
José Marques Soares https://scholar.google.com.br/citations?user=oqGZa_8AAAAJ
Adriano C. Teixeira https://scholar.google.com.br/citations?user=ufp06YkAAAAJ
Silvia Helena Zem Mascarenhas https://scholar.google.com.br/citations?user=hnDyzjUAAAAJ
Jano Moreira de Souza https://scholar.google.com.br/citations?user=WSrB70EAAAAJ
Ig Ibert Bittencourt https://scholar.google.com.br/citations?user=BSe3NMwAAAAJ
Alexandre Oliveira https://scholar.google.com.br/citations?user=O1gcrwIAAAAJ
Leandro Krug Wives https://scholar.google.com.br/citations?user=VV5p1EEAAAAJ
Fabiano Rodrigues Ferreira https://scholar.google.com.br/citations?user=ITQte0UAAAAJ
Pollyana Notargiacomo Mustaro https://scholar.google.com.br/citations?user=0BBiu6wAAAAJ
Leonardo P. F. Barbosa https://scholar.google.com.br/citations?user=RC7BoZAAAAAJ
Márcio Goes do Nascimento https://scholar.google.com.br/citations?user=6UbPQaEAAAAJ
Lane Primo https://scholar.google.com.br/citations?user=3nVsNREAAAAJ
Ildeberto A. Rodello https://scholar.google.com.br/citations?user=_kqwOpAAAAAJ
Antônio C. Sementille https://scholar.google.com.br/citations?user=tutvdVAAAAAJ
Klaus Schlünzen Jr https://scholar.google.com.br/citations?user=4UInQg0AAAAJ
Milton H. Shimabukuro https://scholar.google.com.br/citations?user=ggI_074AAAAJ
Maria Luiza M. de Almeida https://scholar.google.com.br/citations?user=9htpowoAAAAJ
Lucas M. Braz https://scholar.google.com.br/citations?user=nPAkDeYAAAAJ
Milene Selbach Silveira https://scholar.google.com.br/citations?user=uTjoEsAAAAAJ
Paula Patrícia Barbosa Ventura https://scholar.google.com.br/citations?user=KsJ7SxAAAAAJ
Jéfer Benedett Dörr https://scholar.google.com.br/citations?user=tz4B6OsAAAAJ
Andreia Ernesto https://scholar.google.com.br/citations?user=_rG3FvYAAAAJ
Herbert Lima https://scholar.google.com.br/citations?user=7RPQghsAAAAJ
Ricardo R. Nunes https://scholar.google.com.br/citations?user=RHM3evsAAAAJ
Rodolfo Azevedo https://scholar.google.com.br/citations?user=yjK-jq0AAAAJ
Avanilde Kemczinski https://scholar.google.com.br/citations?user=GmkSH6kAAAAJ
Valdinei F. Silva https://scholar.google.com.br/citations?user=ac4iQdkAAAAJ
Renata Cristina Geromel Meneghetti https://scholar.google.com.br/citations?user=dlr4_48AAAAJ
Andrey Pimentel https://scholar.google.com.br/citations?user=Gv8pCo0AAAAJ
Gabriel Ramos https://scholar.google.com.br/citations?user=RxUhCCYAAAAJ
Eros Carvalho https://scholar.google.com.br/citations?user=SNNF5PUAAAAJ
Fábio F. Sampaio https://scholar.google.com.br/citations?user=MRmxVMcAAAAJ
Marcos Elia https://scholar.google.com.br/citations?user=OYhU_U8AAAAJ
Ângelo Gomes https://scholar.google.com.br/citations?user=bHd64k4AAAAJ
Marcos de Castro https://scholar.google.com.br/citations?user=W_tAbv0AAAAJ
César Bastos https://scholar.google.com.br/citations?user=-v1b0qYAAAAJ
Rodrigo de Matos https://scholar.google.com.br/citations?user=BnTqss8AAAAJ
Patricia Alejandra Behar https://scholar.google.com.br/citations?user=OjoFq3YAAAAJ
Marcos Augusto F. Borges https://scholar.google.com.br/citations?user=XIiChdwAAAAJ
Ronei M. de Moraes https://scholar.google.com.br/citations?user=FZg7nqsAAAAJ
Geiseane Rubi https://scholar.google.com.br/citations?user=PlhLDXUAAAAJ
Talvany Carlotto https://scholar.google.com.br/citations?user=QLeS_C0AAAAJ
Gabriel Mello https://scholar.google.com.br/citations?user=I3_Qkp0AAAAJ
Daniel M. Tokunaga https://scholar.google.com.br/citations?user=hEzL8HsAAAAJ
Adilson Vahldick https://scholar.google.com.br/citations?user=PKo67m0AAAAJ
Arvid Halma https://scholar.google.com.br/citations?user=LQw_qwgAAAAJ
Lorena Tárcia https://scholar.google.com.br/citations?user=F0-5TjAAAAAJ
Simão Pedro P. Marinho https://scholar.google.com.br/citations?user=pH1Xv1gAAAAJ
Patrícia A. Behar https://scholar.google.com.br/citations?user=OjoFq3YAAAAJ
Denise S. D. Bernini https://scholar.google.com.br/citations?user=GPEMcWwAAAAJ
José Maurício Costa https://scholar.google.com.br/citations?user=6onU36YAAAAJ
Jaline Gonçalves Mombach https://scholar.google.com.br/citations?user=X5vGiyYAAAAJ
Jader de Freitas Saldanha https://scholar.google.com.br/citations?user=hKOKVfEAAAAJ
Roberta Machado https://scholar.google.com.br/citations?user=w9pzKbgAAAAJ
João D’Abreu https://scholar.google.com.br/citations?user=ygpPYEsAAAAJ
Cristiane Ferreira https://scholar.google.com.br/citations?user=g9tQ0cy4gxkC
Sandro J. Rigo https://scholar.google.com.br/citations?user=7vt1JPgAAAAJ
Eliane Schlemer https://scholar.google.com.br/citations?user=CWXJbOoAAAAJ
Andrey Pimemtel https://scholar.google.com.br/citations?user=Gv8pCo0AAAAJ
Eduardo da Silva https://scholar.google.com.br/citations?user=jlWo-cYAAAAJ
Sean Siqueira https://scholar.google.com.br/citations?user=n2FpSZIAAAAJ
Alexandre Cardoso https://scholar.google.com.br/citations?user=1d74y1QAAAAJ
Daniel Pires de Sá Medeiros https://scholar.google.com.br/citations?user=EAZJu7EAAAAJ
Ronei Marcos de Moraes https://scholar.google.com.br/citations?user=FZg7nqsAAAAJ
Patric da Silva Ribeiro https://scholar.google.com.br/citations?user=pAVQEwEAAAAJ
Eduardo de Lucena Falcão https://scholar.google.com.br/citations?user=orp3UvIAAAAJ
Liliane S. Machado https://scholar.google.com.br/citations?user=pzBf11IAAAAJ
Guilherme Galante https://scholar.google.com.br/citations?user=S4Qg9TwAAAAJ
Francisco Kelsen de Oliveira https://scholar.google.com.br/citations?user=ypSHSlwAAAAJ
Fábio Nogueira de Lucena https://scholar.google.com.br/citations?user=yGHdMZNK6o8C
João Luiz Carneiro https://scholar.google.com.br/citations?user=h-YJfogAAAAJ
José Ferreira Neto https://scholar.google.com.br/citations?user=KoLa0cYAAAAJ
Daniel G. Costa https://scholar.google.com.br/citations?user=FHzzjfYAAAAJ
Sarah Thomaz https://scholar.google.com.br/citations?user=i03ZinQAAAAJ
Aquiles Burlamaqui https://scholar.google.com.br/citations?user=tGMxNXkAAAAJ
Luiz Marcos Gonçalves https://scholar.google.com.br/citations?user=90OsTqwAAAAJ
Thomaz Edson Veloso da Silva https://scholar.google.com.br/citations?user=CzFbMZwAAAAJ
Leonardo Moraes https://scholar.google.com.br/citations?user=UOvIYvIAAAAJ
Ana Paula Rodrigues https://scholar.google.com.br/citations?user=Inohu0UAAAAJ
Rodrigo Rocha https://scholar.google.com.br/citations?user=CoB1gH0AAAAJ
Roberto S. M. Barros https://scholar.google.com.br/citations?user=OnmLz-AAAAAJ
Guilherme Ataíde Dias https://scholar.google.com.br/citations?user=j6OO-LkAAAAJ
Luís Feliphe Silva Costa https://scholar.google.com.br/citations?user=4TgV5-YAAAAJ
Karla Angélica Silva do Nascimento https://scholar.google.com.br/citations?user=ltAw8p8AAAAJ
Maricy Caregnato https://scholar.google.com.br/citations?user=xYnic3cAAAAJ
João Abreu https://scholar.google.com.br/citations?user=nRPfnX0AAAAJ
Viviane Gomes da Silva https://scholar.google.com.br/citations?user=w1KCNKIAAAAJ
Vitor Bremgartner https://scholar.google.com.br/citations?user=1zo3hZcAAAAJ
Alberto Castro https://scholar.google.com.br/citations?user=-ufxLE0AAAAJ
Selma Bessa Sales https://scholar.google.com.br/citations?user=YpbIUV0AAAAJ
Carla Silva https://scholar.google.com.br/citations?user=ny80oxUAAAAJ
Larissa Alencar https://scholar.google.com.br/citations?user=KSi2y8oAAAAJ
Ewerton Lopes https://scholar.google.com.br/citations?user=iUU1S40AAAAJ
Flávia Souza https://scholar.google.com.br/citations?user=R5n38-0AAAAJ
Leandro Almeida https://scholar.google.com.br/citations?user=hRPAI74AAAAJ
Marcos Vinícius Andrade https://scholar.google.com.br/citations?user=MCgQiSEAAAAJ
Elisa Tomoe Moriya Schlünzen https://scholar.google.com.br/citations?user=qxhTS8EAAAAJ
Klaus Schlünzen Junior https://scholar.google.com.br/citations?user=4UInQg0AAAAJ
Andrei Santos de Morais https://scholar.google.com.br/citations?user=-ZhAE4kAAAAJ
Ronnie E. S. Santos https://scholar.google.com.br/citations?user=wYfnBrYAAAAJ
Jorge S. Correia Neto https://scholar.google.com.br/citations?user=kLIOdgYAAAAJ
Patrick H. Brito https://scholar.google.com.br/citations?user=QZ7VaXkAAAAJ
Regina M. de Oliveira https://scholar.google.com.br/citations?user=kh-ZsrIAAAAJ
Alex M. da Silva https://scholar.google.com.br/citations?user=iAX28msAAAAJ
Fábio Okuyama https://scholar.google.com.br/citations?user=RNTncrkAAAAJ
Gabriel Costa Silva https://scholar.google.com.br/citations?user=KzGq_GAAAAAJ
Reginaldo Ré https://scholar.google.com.br/citations?user=EFyjUVIAAAAJ
André Kawamoto https://scholar.google.com.br/citations?user=XMGC5cUAAAAJ
André Schwerz https://scholar.google.com.br/citations?user=MxfvaIAAAAAJ
Iael de Souza https://scholar.google.com.br/citations?user=-VFTUtAAAAAJ
Fred Freitas https://scholar.google.com.br/citations?user=bp0hZ8QAAAAJ
Mariana Maia https://scholar.google.com.br/citations?user=-cMRzCYAAAAJ
Andréa Cardoso https://scholar.google.com.br/citations?user=dQYc5GQAAAAJ
Francisco Petrônio Alencar de Medeiros https://scholar.google.com.br/citations?user=9ln84aEAAAAJ
Luiz Carlos Reis https://scholar.google.com.br/citations?user=yP7JSd4AAAAJ
Alison V. Brito https://scholar.google.com.br/citations?user=o3IaIqgAAAAJ
Alexandre N. Duarte https://scholar.google.com.br/citations?user=MZtzU0cAAAAJ
José Jorge L. Dias Jr. https://scholar.google.com.br/citations?user=tAc2KKQAAAAJ
Claudia Regina Castellano Losso https://scholar.google.com.br/citations?user=tS4yhIQAAAAJ
Julian Araújo https://scholar.google.com.br/citations?user=_wlj4OwAAAAJ
Juarez de Castro https://scholar.google.com.br/citations?user=YoaWzH0AAAAJ
Cristina C. Almeida https://scholar.google.com.br/citations?user=4THsPFkAAAAJ
Dennys Leite Maia https://scholar.google.com.br/citations?user=KkcsKHIAAAAJ
Mara Rosane Noble Tavares https://scholar.google.com.br/citations?user=BZigBRwAAAAJ
Alex Moreira https://scholar.google.com.br/citations?user=QRXeR5gAAAAJ
Marcos F. Schmitt https://scholar.google.com.br/citations?user=-IPeK_0AAAAJ
Bernardo de Lima https://scholar.google.com.br/citations?user=K28tot0AAAAJ
Lucila Santarosa https://scholar.google.com.br/citations?user=0ze2-T0AAAAJ
Rommel W. Lima https://scholar.google.com.br/citations?user=XlU_7SQAAAAJ
Silvia Cristina F. Batista https://scholar.google.com.br/citations?user=NV1gYQYAAAAJ
Renata Araújo https://scholar.google.com.br/citations?user=V-DGObwAAAAJ
José Francisco M. Netto https://scholar.google.com.br/citations?user=5SiX6ukAAAAJ
Rogério Nunes https://scholar.google.com.br/citations?user=pr4T1H4AAAAJ
Ricardo F. Vilela https://scholar.google.com.br/citations?user=GnHGwQsAAAAJ
Pedro Henrique D. Valle https://scholar.google.com.br/citations?user=bP7R6tQAAAAJ
Paulo Afonso P. Junior https://scholar.google.com.br/citations?user=NV1uPiwAAAAJ
Rodrigo Lins Rodrigues https://scholar.google.com.br/citations?user=i7UV_bEAAAAJ
Vinicius C. Garcia https://scholar.google.com.br/citations?user=qPQabK4AAAAJ
Antonio Carlos C. Marques https://scholar.google.com.br/citations?user=L8F5HMIAAAAJ
Marcos Augusto Francisco Borges https://scholar.google.com.br/citations?user=XIiChdwAAAAJ
Celmar Guimarães da Silva https://scholar.google.com.br/citations?user=0F6AuK8AAAAJ
Juliana Bastos Marques https://scholar.google.com.br/citations?user=GdNtH0QAAAAJ
Rommel Wladimir de Lima https://scholar.google.com.br/citations?user=XlU_7SQAAAAJ
Wilk Oliveira dos Santos https://scholar.google.com.br/citations?user=mWgdaxsAAAAJ
Elaine Silva Rocha Sobreira https://scholar.google.com.br/citations?user=2ZWrs-cAAAAJ
Maria Cristina Nunes https://scholar.google.com.br/citations?user=ohoHz0UAAAAJ
Daiane Andrade https://scholar.google.com.br/citations?user=FQ-qUxUAAAAJ
Simone Cavalheiro https://scholar.google.com.br/citations?user=JtOWSXgAAAAJ
Luciana Foss https://scholar.google.com.br/citations?user=8DRTVYgAAAAJ
Marilton Aguiar https://scholar.google.com.br/citations?user=eSg_toMAAAAJ
Renata Reiser https://scholar.google.com.br/citations?user=ixH72t0AAAAJ
Patrícia A. Rodrigues https://scholar.google.com.br/citations?user=9aACYvsAAAAJ
Irlla Karla dos Santos Diniz https://scholar.google.com.br/citations?user=48vR8iMAAAAJ
Suraya Cristina Darido https://scholar.google.com.br/citations?user=DcTc3cYAAAAJ
Mônica P. dos Santos https://scholar.google.com.br/citations?user=MGWUTVUAAAAJ
Anibal Lopes Guedes https://scholar.google.com.br/citations?user=MBp8eiQAAAAJ
Graziella S. Silva https://scholar.google.com.br/citations?user=7B0jLSAAAAAJ
Ornélio Hinterholz Junior https://scholar.google.com.br/citations?user=Z5IOsLYAAAAJ
Lisinei Fatima Dieguez Rodrigues https://scholar.google.com.br/citations?user=k8wnoVMAAAAJ
Ítalo Silva https://scholar.google.com.br/citations?user=RKEXpwgAAAAJ
André Raabe https://scholar.google.com.br/citations?user=YA3kcqUAAAAJ
Tatiane Rosário https://scholar.google.com.br/citations?user=h1ex7m8AAAAJ
Almir Junior https://scholar.google.com.br/citations?user=bDFmrLIAAAAJ
Carla Rodriguez https://scholar.google.com.br/citations?user=LC9UCc0AAAAJ
Leonardo Marques https://scholar.google.com.br/citations?user=6yJ41tkAAAAJ
Elaine Sobreira https://scholar.google.com.br/citations?user=2ZWrs-cAAAAJ
Adriano Teixeira https://scholar.google.com.br/citations?user=ufp06YkAAAAJ
Thaís Ramos https://scholar.google.com.br/citations?user=-JphLQoAAAAJ
Leonardo Vidal Batista https://scholar.google.com.br/citations?user=zhfOE78AAAAJ
Karla Machado https://scholar.google.com.br/citations?user=g_ldJSwAAAAJ
Paulo Branco https://scholar.google.com.br/citations?user=CScDQkIAAAAJ
Roberto Muñoz https://scholar.google.com.br/citations?user=VX_kTDYAAAAJ
Thiago Barcelos https://scholar.google.com.br/citations?user=Hd3dPH4AAAAJ
Kleber Fernandes https://scholar.google.com.br/citations?user=5jDo7HwAAAAJ
Márcia Vieira https://scholar.google.com.br/citations?user=qcBpymAAAAAJ
B. Baptista https://scholar.google.com.br/citations?user=4EDiauAAAAAJ
Juliana Diniz https://scholar.google.com.br/citations?user=p97eIBsAAAAJ
Rodrigo de Souza https://scholar.google.com.br/citations?user=gyRjyHEAAAAJ
Fellipe Ramos https://scholar.google.com.br/citations?user=JaH02sAAAAAJ
Charles Pimentel https://scholar.google.com.br/citations?user=jnhxg7cAAAAJ
Fábio Sampaio https://scholar.google.com.br/citations?user=MRmxVMcAAAAJ
Gustavo Santos https://scholar.google.com.br/citations?user=P1W1dKYAAAAJ
Ana Marilza Pernas https://scholar.google.com.br/citations?user=T31bc1UAAAAJ
Andre Du Bois https://scholar.google.com.br/citations?user=3B_MZJkAAAAJ
Ana Carolina Ferreira https://scholar.google.com.br/citations?user=kjJktbQAAAAJ
Fernando da Costa Barbosa https://scholar.google.com.br/citations?user=J4tIf5AAAAAJ
Deive Alves https://scholar.google.com.br/citations?user=N4cXaTIAAAAJ
Douglas Menezes https://scholar.google.com.br/citations?user=rx4HlkIAAAAJ
Mário Alexandre https://scholar.google.com.br/citations?user=mFjzpB4AAAAJ
Gabriel Campos https://scholar.google.com.br/citations?user=wK-DQL0AAAAJ
Arlindo Junior https://scholar.google.com.br/citations?user=Nl3Z2jQAAAAJ
Breno Andrade https://scholar.google.com.br/citations?user=ly9vCDUAAAAJ
Pablo Matos https://scholar.google.com.br/citations?user=ZrZ8Q3IAAAAJ
Daiana Flores https://scholar.google.com.br/citations?user=9WnIancAAAAJ
Wdson Costa https://scholar.google.com.br/citations?user=FbeMi80AAAAJ
Carlos Roberto da Silveira Junior https://scholar.google.com.br/citations?user=lryFbhYAAAAJ
Marcos Alves Vieira https://scholar.google.com.br/citations?user=zXleFJwAAAAJ
Veronica dos Santos https://scholar.google.com.br/citations?user=kOaQX_kAAAAJ
Givanaldo Souza https://scholar.google.com.br/citations?user=ZbGqxugAAAAJ
João da Silva https://scholar.google.com.br/citations?user=E2IEgrIAAAAJ
Eliana Leite https://scholar.google.com.br/citations?user=iGiiZYAAAAAJ
Celson Lima https://scholar.google.com.br/citations?user=IilFSb8AAAAJ
Rodrigo Lima https://scholar.google.com.br/citations?user=moRlzsAAAAAJ
Dennys Maia https://scholar.google.com.br/citations?user=KkcsKHIAAAAJ
Vanessa Corado https://scholar.google.com.br/citations?user=uTELuJgAAAAJ
Avelino Gomes Filho https://scholar.google.com.br/citations?user=rvmKQ_wAAAAJ
Leandro Silva https://scholar.google.com.br/citations?user=7KrN86EAAAAJ
Jessica Silva https://scholar.google.com.br/citations?user=wm_WpTkAAAAJ
Jorge Luis Cavalcanti Ramos https://scholar.google.com.br/citations?user=foZlaW8AAAAJ
João Silva https://scholar.google.com.br/citations?user=mBoJtxEAAAAJ
Diego Marinho https://scholar.google.com.br/citations?user=bhKp1WcAAAAJ
Luiz Filipe Cunha https://scholar.google.com.br/citations?user=1xDfon8AAAAJ
Alex Machado https://scholar.google.com.br/citations?user=vBU4tnMAAAAJ
Marcos Santos https://scholar.google.com.br/citations?user=0k_0Z2AAAAAJ
Ana Carolina Inocêncio https://scholar.google.com.br/citations?user=l0RaX0cAAAAJ
Marisa Andrade https://scholar.google.com.br/citations?user=XGe32_UAAAAJ
Nelson Neto https://scholar.google.com.br/citations?user=BwBorF8AAAAJ
Rafael Chaves https://scholar.google.com.br/citations?user=ZD-TroAAAAAJ
Mariana Peixoto https://scholar.google.com.br/citations?user=-cMRzCYAAAAJ
Jéssyka Vilela https://scholar.google.com.br/citations?user=P-KKg3EAAAAJ
Enyo Gonçalves https://scholar.google.com.br/citations?user=B5LCUzgAAAAJ
Patricia Mendonça https://scholar.google.com.br/citations?user=mL8cBN4AAAAJ
Cristiano Maciel https://scholar.google.com.br/citations?user=0WhkXXYAAAAJ
Joana Costa https://scholar.google.com.br/citations?user=_J2gYykAAAAJ
Carlos Wilton https://scholar.google.com.br/citations?user=SOAYKY8AAAAJ
Fábio Albuquerque https://scholar.google.com.br/citations?user=664cm-0AAAAJ
Adelito Farias https://scholar.google.com.br/citations?user=UXsmqyQAAAAJ
Mariana Pereira https://scholar.google.com.br/citations?user=DXuAO4AAAAAJ
Mychelline Souto https://scholar.google.com.br/citations?user=9XlbmvsAAAAJ