Jaime R. S. Fonseca
Leandro Balby Marinho
Jorge  Soares
Gerd  Wagner
Paul  Brna
Jonice  Oliveira
Maria Elisabette Brisola Brito Prado
christien Lana Rachid
Lucila  Ishitani
Joni A. Amorim
Daniel F. Pires
Edilene A. Ropoli
Camila C. Rodrigues
Lucas Salomão Spolaore
Gerson Mauri Dallegrave de Almeida
Leandro  Chernij
Leonelo Dell Anhol Almeida
Sean Wolfgand Matsui Siqueira
Fernando  Pinhati
Ivete Martins Pinto
Silvia Costa Botelho
Junia Coutinho Anacleto
Aparecido Fabiano Carvalho
Muriel de Souza Godoi
Américo Talarico Neto
Vânia Paula Néris
MOZART DE MELO ALVES JÚNIOR
Arturo Hernández Domínguez
Andrey Ricardo Pimentel
Alexandre Ibrahim Direne
Jussara  Bueno de Queiroz Paschoalino
Fernanda  Araujo Coutinho Campos
Inajara  Salles Viana
Fernando  Selmar Rocha Fidalgo
Luciana Aparecida Martinez Zaina
Wilson Vicente Ruggiero
Graça  Bressan
José Maria Parente de Oliveira
Clovis Torres Fernandes
André  Raabe
Americo  Talarico Neto
Sílvia H. Zem-Mascarenhas
Diego  Marczal
Alexandre Ibraim Direne
Ana Paula Brandão Lopes
Joseane Pereira Rodrigues
Mirian Lima de Souza Dadoorian
Crediné Silva de Menezes
Henildes José Carrer
Ednaldo Brigante Pizzolato
Celso  Goyos
Lidiane FIGUEIRAS SILVA
José Antonio BORGES
Cabral  LIMA
Adriana BENEVIDES SOARES
Avelino Ferreira Gomes Filho
Bruna de Barros Santos Xavier
Carlos Felippe Cardoso de Resende
Douglas  Rehem
Maria Carmem Moraes
Raphael Duarte Paiva
Saulo  Andrade
Kethure Aline Oliveira
Marília Abrahão Amaral
Gabriela Recipputi Domingos
Pasqueline Dantas Scaico
Anderson Alves de Lima
Silvia  Azevedo
Jefferson Barbosa Belo da Silva
Ewerton Henning  Raposo
Luiz Fernando  paiva
Yugo  Alencar
João Paulo  Mendes
Alexandre  Scaico
Romero  Tavares
Júlia Marques Carvalho da Silva
Natanael  Bavaresco
Ricardo Azambuja Silveira
Rosana Giaretta Sguerra Miskulin
Francisco de Paula Marques Rodrigues
Bruno Silva Leite
Regina Borges de Araujo
André Luiz Battaiola
Lucila Maria Costi Santarosa
Leandro da Silva Foly
Geórgia Rodrigues Gomes
Henrique Monteiro Cristovão
Mª Elizabeth Sucupira Furtado
Fernando Lincoln Mattos
João José Vasco Furtado
Raimir Holanda Filho
Raphael  Ghelman
Sean W. M. Siqueira
Maria Helena L. B. Braz
Rubens N. Melo
Sidnei Renato Silveira
Dante Augusto Couto Barone
Fernanda Francielle de Oliveira Malaquias
Edgard Afonso Lamounier Jr.
Alexandre  Cardoso
Cleusa Aparecida de Oliveira Santos
Márcia Arantes Buiatti Pacheco
NEIDE  SANTOS
HELOÍSA M. COSTA FERREIRA
Patrícia C. Souza
Márcia Rodrigues Notare
Patrícia Alejandra Behar
Raul Sidnei Wazlawick
Wesley Peron Seno
Marina Teresa Pires Vieira
Arion de Castro Kurtz dos Santos
Fábio Ferrentini Sampaio
Laércio  Ferracioli
Neide  Santos
Trazíbulo Henrique Pardo Casas
Marcos Alexandre Rose Silva
José Eduardo Mendes de Figueiredo
Vera Maria Benjamim Werneck
Rosa Maria E. M. da Costa
Lucia Maria Martins Giraffa
Geraldo Wellington Fernandes
Carlos Alberto Ferreira
João Benedito dos Santos Junior
Marco Aurélio Gerosa
Carlos José Pereira de Lucena
Douglas Terêncio do Vale
Maria Angélica de Oliveira Camargo-Brunneto
Emília  FERREIRA
Adriana  SOARES
Marisa  Lucena
Nancy Fares Barbera
Ana Grasielle Dionísio Corrêa
Marilena  Nascimento
Irene Karaguilla Ficheman
Roseli de Deus Lopes
Robinson Vida Noronha
Ricardo de Andrade Kratz
Sérgio Crespo C S Pinto
Marcelo  Scopel
Jorge  Barbosa
Ronei  Ximenes Martins
Alberto  Hokari
Daniel Lico dos Anjos Afonso
Monica Parente Ramos
Jacques  Wainer
Luciano Tadeu Esteves Pansanato
Maria das Graças Volpe Nunes
Alex Sandro Gomes
Claudia Roberta Araújo Gomes
Manoel Eusébio de Lima
Leonardo  Castillo
Sônia  Sette
Tiago  Machado
Célia  Fortes
Victor  Wanderley
Aline  Timóteo
Janaina Rodrigues Penedo
Morganna Carmem Diniz
Simone Bacellar Leal Ferreira
Denis Silva da Silveira
Eliane Pinheiro Capra
Carlos Alberto Madsen
Diana Francisca Adamatti
Sandro José Rigo
Wagner  Cambruzzi
Jorge L. V. Barbosa
Sílvio C. Cazella
Graziela Flores Kunde
Maria Aparecida Souto
José Palazzo M. de Oliveira
Francisco Edson Lopes da Rocha
Júlio Valente da Costa Júnior
Eloi Luiz Favero
Leônidas de Oliveira Brandão
Janine Gomes Moura
Cristiane Barbosa Pinheiro de Oliveira
Marcos da Fonseca Elia
Carla  Valle
Antonio Augusto Ximenes
Gilda Helena B. de Campos
Ana Regina Rocha
Alvaro  Rabelo Jr.
Paloma Alinne Rodrigues
Prof.Dr.Klaus  Schlunzen Junior
Profa.Dra.Elisa Tomoe Moriya Schlünzen
Profa.Dra.Maria Inês Ribas Rodrigues
Ivanildo José Melo Filho
Rosângela Saraiva Carvalho
Paulo André da Rocha Perris
Rodrigo Lins Rodrigues
Fábio Denilson de Oliveira Feliciano
Antônio Carlos da Rocha Costa
Ricardo Holanda Nobre
José Alex De Sousa
Cibelli De Sá Pinheiro Nobre
Juliana  Bordinhão Diana
Cecilia Estela Giuffra Palomino
Marina  Keiko Nakayama
Fernando José Spanhol
Ricardo  Azambuja Silveira
Gilvandenys Leite Sales
Giovanni Cordeiro Barroso
José Marques Soares
José André Caruso Neto
José Roberto de Almeida Amazonas
Sérgio  Crespo
Beatriz Corso Magdalena
Marcelo Rovani P. Messa
Heloisa  Moura
Ellen Suzi Cavalcanti Lima Constantino
Rejane Martins Novais Barbosa
Cristiano de Almeida Cardoso Marcelino Jr.
Zélia Maria Soares Jófili
Soraia Pacheco Silva
Carlo Emmanoel Tolla de Oliveira
Claudia Lage Rebello da Motta
Cecilia Dias Flores
Marta Rosecler Bez
Rosana Mussoi Bruno
Daniel  Lichtnow
Ramiro Saldaña Garin
Luiz A. Moro Palazzo
Stanley  Loh
Adriana Justin Cerveira Kampff
Tiago  Primo
José Valdeni de Lima
Flávio M. Vaz da Costa
José Carlos L. Ralha
Célia G. Ralha
Carlos Henrique Quartucci Forster
Elen Collaço de Oliveira
Alexandre Cruz Berg
Jader Denicol do Amaral
Martin  Streibel
Creto Augusto Vidal
Edgar  Marçal Filho
Antonio José Melo Leite Júnior
Frederico Kauffmann Barbosa
Charles Artur Santos de Oliveira
Carlos André Guimarães Ferraz
Fernando Antonio Mota Trinta
Rodrigo Cavalcanti de Macêdo
Rogério Cysne Araújo
Daniela Leal Musa
André Luiz Brandão
Myriam  Kienitz Lemos
Claudia  L.R. Motta
Carla Verônica M. Marques
Carlo Emmanoel T. Oliveira
Maira  Fróes
José Otávio Pompeu e Silva
Ana Beatriz Gomes Carvalho
Luciana A M Zaina
Maria Angélica A. C. Cardieri
José Fernando  Rodrigues Júnior
Diego Soares Cardoso
M. Cecília C. Baranauskas
Paulo Eduardo Battistella
Aldo  von Wangenheim
Danilo Leite Dalmon
Bruno  Monteiro
Thiago Monteiro Prota
Fernando F. de Souza
Vanessa Araujo Borges
Bruno Magalhães Nogueira
Roberta Mayumi Matsunaga
Regina Lúcia de Oliveira Moraes
Marcos Augusto Francisco Borges
Elmano Ramalho Cavalcanti
Elmano Pontes Cavalcanti
Carlos Eduardo Pires
Rodrigo Alves Costa
Caroline Ramalho Cavalcanti
Gustavo H. R. Santos
Paulo Gileno Cysneiros
Everton José Goldoni Estevam
Marco Aurélio Kalinke
Andréa Soares Rocha dos Santos
Mauro Cavalcante Pequeno
Raimundo Hélio Leite
Edson  Jacinski
Carlos Alberto Faraco
Heloisa Helena Oliveira de Magalhães Couto
Luiz Augusto Coimbra Rezende
Amanda Meincke Melo
Sílvia Cristina de Matos Soares
Juan Manuel Adán-Coello
Wiris Serafim de Menezes
Eustáquio São José de Faria
Carlos Miguel Tobar
Adja Ferreira de Andrade
Marta Costa Rosatelli
Marcello  Thiry
Ricardo Miranda Barcia
Pablo Charles de Oliveira Melo
Verônica Gitirana Gomes Ferreira
Rosângela S Carvalho
Rosangela M Melo
Alex S Gomes
Jairo Francisco de Souza
Sandro Athaíde Coelho
Lourenço de Oliveira Basso
Débora  Conforto
Francisco  Rodrigues
Christian Puhlmann Brackmann
Mírian Cristiane Alves Brito
Lúbia Mara Lopes Rodrigues
Neide dos Santos
Ana Paula Gladcheff
Vera Barros de Oliveira
Dilma Menezes da Silva
Benedito J. Pinheiro Ferreira
Edmar Welington Oliveira
Sean Wolfgand M. Siqueira
Carlos A. C. Lessa Filho
Fabio  Paraguaçu
Patrícia  Oliveira
Márcia Cristina Cera
Mateus Henrique Dal Forno
Vanessa  Gindri Vieira
Joice Lee Otsuka
Thaisa Barbosa Ferreira
Ricardo Luís Lachi
Heloísa Vieira da Rocha
Marcelo Ricardo Quinta
Ana Maria Pereira Cardoso
Roberto Cezar de Carvalho e Silva
Simone de Assis Alves da Silva
Djenane Costa Pio
Pedro Henrique Batista Ruas da Silveira
Diego Samir Melo-Solarte
Luciana Alvim Santos Romani
Daydson Hugo Silva
Fabiano Azevedo Dorça
Guilherme Leocárdio Lucena
Vandeci Dias dos Santos
Afranio Gabriel da Silva
Jezer Machado Oliveira
Solon Andrade Rabello
Jorge Luis Victória Barbosa
Débora Nice Ferrari Barbosa
Marco M. Carvalho
Marta Talitha Amorim
Davidson  Cury
Credine  Menezes
Alessandra Alaniz Macedo
Renato de Freitas Bulcão Neto
Maria da Graça Campos Pimentel
Graçaliz Pereira Dimuro
Luiz Cláudio Silva
Francisco Milton Mendes Neto
Luiz  Jácome Júnior
Juliana Patrícia Detroz
Mauro  Hinz
Marcelo da Silva Hounsell
Ronan Anacleto Lopes
Armando Maciel Toda
Jacques Duílio Brancher
Waltrudes Everton Sanches
Juliano  Schimiguel
Mauro Sérgio Teixeira de Araújo
Robson da Silva Aguiar
Janne Yukiko Yoshikawa Oeiras
Ana Emilia de Melo Queiroz
Soraia de Oliveira Mota Barreto
Silvia  Dotta
Paulo Henrique Lopes Aguiar
Camila Areias de Oliveira
Érica Ferreira da Cunha Jorge
Bruno Fagundes Sperb
Patrícia Behling Schäfer
Léa da Cruz Fagundes
Elaine Rafaela Neves de Freitas
Maria Gabriela Parenti Bicalho
Maria Celeste Reis Fernandes de Souza
Cristiane Mendes Netto
Flávia Linhalis Arantes
Tel  Amiel
Leonardo Cunha de Miranda
Maria Cecília  Martins
Maria Cecília Calani Baranauskas
Rodrigo Duarte Seabra
Adriana  Carvalho
Eduardo  Fritzen
Leila Cristina de Vasconcelos Andrade
David Moises Barreto dos Santos
Adolfo Almeida Duran
Teresinha Froes Burnham
Renata Pontin de Mattos Fortes
Rosane Aragón de Nevado
Marcus Vinicius Basso
Juliano  Bitencourt
Valéria Cristina P. C. Monteiro
Nizam  Omar
Alexandre I. Direne
Rodrigo Claudino Diogo
Shirley Takeco Gobara
Luiz Francisco Dias Pereira
Fabio Roberto Lapolli
Claudia Lage Rebello Motta
Rejane Cunha Freitas
Marlene de Alencar Dutra
Cristian  Cechinel
Ricardo Matsumura Araujo
Douglas  Detoni
Barbara Gorziza Avila
Liliana Maria Passerino
Eliseo  Reatequi
André Laurindo Maitelli
Gilbert Azevedo da Silva
Osório  Pereira Carvalho
Tiarajú Asmuz Diverio
Jean Piton Gonçalves
Larissa de Sousa  Moreira
Gilmara Teixeira Barcelos
Silvia Cristina Freitas Batista
Rozelma Soares de França
Ana Cristina Barbosa da Silva
André Pimenta Freire
Débora Maria Barroso Paiva
Joni de Almeida Amorim
Marcius F.H. de Carvalho
António José Martins
Carlos  Fiolhais
João  Paiva
José António Marques Moreira
Rita Manuela Barros
Angélica Maria Monteiro
Andrei  Thomaz
Cleci  Maraschin
Elisângela  Zaniol
Eny  Schuch
Viviane F. Bartholo
Marília A. Amaral
Maria Istela Cagnin
Fernanda Brandão Silva
Roberto  Romani
Antonio  Hobmeir Neto
Alexandre  Direne
Tiago  Wiedemann
Jorge Luiz Vitoria Barbosa
Thiago Silva Mello
Ayla Débora Dantas de Souza Rebouças
Silvia Helena De Bortoli Cassiani
Flavia Borges da Silva Benfati
Carlos Alberto Seixas
Gilmara Teixeira Barcelos Peixoto
Patricia Alejandra Behar
Aline Silva De Bona
Marcus Vinicius de Azevedo Basso
Mariano  Pimentel
Denise  Filippo
Carlos J. P. Lucena
Leonardo Magela Cunha
Ana Emília de Melo Queiroz
Cláudio Rodolfo Sousa de Oliveira
Adilson de Lima Pereira
Ivanor Nunes de Oliveira
Hélio Lopes dos Santos
Miguel-Ángel  Sicilia
Sheila da Costa Oliveira
Ig Ibert Bittencourt
Evandro  Costa
Alexandre Magno Andrade Maciel
Edson Costa de Barros Carvalho
Jarbele Cássia Silva
Alisson Vasconcelos Brito
Francisco Petronio Medeiros
G. A. Giménez-Lugo
A. B. Wozniak-Giménez
J. S. Sichman
J. F. Hübner
Viviane Torres da Silva
Mariano Gomes Pimentel
Amanda Bifano Balbinot
Milton Antônio Zaro
Ana Paula Silva Figueiredo
Arcilan Trevensoli Assireu
Vanessa Cristina Oliveira de Souza
Romero  Tori
Maria de Fátima Costa de Souza
Danielo G. Gomes
Cidcley Teixeira de Souza
José Aires de Castro Filho
Rossana M. C. Andrade
Ismar Frango Silveira
Juliane Vargas Nunes
Berenice Santos Gonçalves
Thiéberson  Gomes
André Marcos da Silva
Leandro  Luque
Patrícia Augustin Jaques
Flávio Moreira de Oliveira
Vinícius Costa Souza
Sérgio Crespo Pinto
Paulo Viniccius Vieira
Cesar Albenes Zeferino
André Luis Raabe
Ig Bittencourt  Bittencourt
João  Guilherme
Baldoino  Fonseca
Camila  Nunes
Iana Ciara Santos de Albuquerque
Jéssica Fernanda Ramos Coelho
João Pedro Lobo Antunes
Cínthia Diniz do Nascimento
Darlla Layse Torres de Lima
Rodolfo da Silva Costa
Neyvan Renato Rodrigues da Silva
Vânia  Mattozo
Elizabeth  Specialski
Danilo Leal Maciel
Allyson Bonetti França
Lissandra Luvizão Lazzarotto
Alcione de Paiva Oliveira
José Luis Braga
Frederico José Vieira dos Passos
Rafael  Machado Alves
Marcos  da Fonseca Elia
Flávia Maria Santoro
Marcos R. da Silva Borges
Alexandre Moreira Feitosa
Dilermando  Piva Jr.
Mauro Sérgio Miskulin
Ricardo Luís Freitas
Rodrigo  Bonacin
Rachel Carlos Duque Reis
Carla Lopes Rodriguez
Kamila Takayama Lyra
Thais  Castro
Gilda Aparecida de Assis
Marilena  do Nascimento
Débora Laurino Maçada
Luciane Sayuri Sato
Marcelo Henrique Euzebio Batista
João Ricardo Bittencourt
Sergio Crespo C S Pinto
Fabiane Penteado Galafassi
João Carlos Gluz
Cristiano  Galafassi
Luciano Rodrigues de Queiroz
Marcel  Bergerman
Rubens Campos Machado
Tatiana Aires Tavares
Celso Alberto Santos
Thiago Rocha Assis
Clarissa Braga Pinho
Germano Mariniello Carvalho
Clarissa Santana Costa
Sonia Schechtman Sette
Márcia Angela Aguiar
José Sergio Antunes Sette
André Luís Alice Raabe
Lúcia Maria Martins Giraffa
Cristina de Almeida Rodrigues
Vilson  Gärtner
Arthur Tórgo Gómez
Susana Ester Krüger
Eloi Fernando Fritsch
Rosa Maria Viccari
Vera  Salvador
Constanza R. Huapaya
Graciela M. Arona
SAHUDY  MONTENEGRO GONZALEZ
ANNABELL  DEL REAL TAMARIZ
Sergio  Crespo
Fábio Roberto Lapolli
Cristiane Moura Cruz
Carlo Emmanuel Tolla
André Cruz Mendes
Dante Alves Medeiros Filho
Itana Maria de Souza Gimenes
Socorro Vânia Lourenço Alves
Enoque Calvino Melo Alves
Francisco Villa Ulhôa Botelho
Rosa Maria Vicari
Elieser Ademir de Jesus
Mônica Zewe Uriarte
André Luis Alice Raabe
Gustavo  Morceli
Alan  Silva
Ig Ibert  Bittencourt
Diogo Moreira Moreira Bispo
Márcio  Silvatti Zabeu
Gisela Aragão Umbuzeiro
Andreza Raquel M. de Queiroz
Dandara Dantas Navarro
Vládia Freire Pires
Roberto dos Santos Rabello
Luiz Gustavo Ribeiro Rolando
Maurício Roberto Motta Pinto Luz
Daniel Fábio Salvador
Cristina Alba Wildt Torrezzan
Diversos  Autores
Maria Teresa Eglér Mantoan
Maria Cecília Martins
Rosa Giaretta Sguerra Miskulin
Richard Arias Arias
André Marcelo Panhan
Gean Davis Breda
Bruno Bogaz Zarpelão
Leonardo Souza Mendes
Douglas  Véras
Eduardo Araujo Oliveira
Patrícia  Tedesco
Vinícius  Rodrigues Nunes
Giovane Daniel dos Santos
Mônica  Mandaji
Ariane Nunes Rodrigues
Simone Cristiane dos Santos
Fábio  Gerab
Ivander Augusto Morais Bueno
Iraní Ferreira da Silva Gerab
Orivaldo de Lira Tavares
Silvana Rossy de Brito
Renata Silva Souza
Eliseo Berni Reategui
Rafael Fernando Ceron
Elisa  Boff
Antônio Carlos Mariani
Ernani  Gottardo
Celso Antônio Alves Kaestner
Elisa Maria Quartiero
Lucas Monteiro Braz
Evandro de Barros Costa
Joao Porto de Albuquerque
Edmir Parada Vasques Prado
Fernando de Souza Coelho
Rafael Prado Celso
Eliane Santiago Ramos
José M. Parente de Oliveira
Alvaro H. Galvis-Panqueva
Karen Selbach Borges
Sergio Ferreira do Amaral
Valéria de Araújo
Nina  Edelweiss
Lucas  Braz
Tassia  Serao
Gisela  Clunie
Adriana  Portella
Eleandro  Maschio
Paulo Alceu Almeida Rezende
Crystiam Kelle Pereira
Fernanda  Campos
José Maria N. David
Regina  Braga
Wender Antônio da Silva
Marcos Wagner de Souza Ribeiro
Edgard Lamounier Júnior
Ronaldo Ribeiro Goldschmidt
Isabel  Fernandes
Claudio  Passos
Mônica  Norris
Claudia  Ferlin
Maria Claudia Cavalcanti
Daniela Karine Ramos
Paulo Sérgio Garcia
Juliano de Oliveira Guterres
Marcelo Leandro Eichler
José Cláudio Del Pino
Daniel Teixeira Resende
Renata S. S. Guizzardi
Tânia Barbosa Salles Gava
Magalí Teresinha Longhi
Sandra Lúcia Silva Araújo
Karina Primiano Benassi
João Vilhete Viegas D'Abreu
Bruno Leal Bastos
Marcos Antônio Gomes Brandão
Mauricio Abreu Pinto Peixoto
Viviane Modesto Ferraz
Roberta Pereira Coutinho
Marcia Paul Waquil
Thiago Reis da Silva
Tainá  Medeiros
Handerson  Medeiros
Ranyer  Lopes
Eduardo  Aranha
Marlos Tacio Silva
Edmilson Barcelos Rocha
Washington Romão dos Santos
JADSON  RAFALSKI
Jerino Queiroz Ferreira
Salete Linhares Queiroz
CARLA MEDEIROS y ARAUJO
VITOR RIOS VALDEZ
Joao  Coelho Neto
Sheila  Reinehr
Andreia  Malucelli
Ricardo Edgard Caceffo
Heloisa Vieira da Rocha
Rodolfo Jardim de Azevedo
Juliana Hiroko Kowata
Maria Claudia Silva Boeres
Marcus Filipi Rosso Casagrande
Gustavo  Kozima
Roberto  Willrich
Maria Alice Soares de Castro
Rudinei  Goularte
Elderclei Regis Reami
Edson dos Santos Moreira
Alexandra Lorandi Macedo
Ana Carolina Bertoletti De Marchi
Celso José Costa
Luis Gustavo Araujo Ferreira
Rosa  Vicari
Juliana Campos Pirovani
Guilherme Vezula Mataveli
José Judson Mesquita Cunha
Crystiam Kelle Pereira e Silva
Victor  Ströele
José Maria  David
Rafael  Almeida
Gláucia Regina M. A. Sizilio
Edla Maria Faust Ramos
Elis Gabriela Copa dos Santos
Luciana de Souza Gracioso
Gislaine Cristina Micheloti Rosales
Cristian  Kawakami
Nelkis de la Orden Medina
Paulo José de Freitas Filho
Helena Macedo Reis
Leônidas O. Brandão
Wilmax M. Cruz
Anarosa A. F. Brandão
Ramilio R. R. Filho
Andreia Rosangela Mühlbeier
Patricia Mariotto Mozzaquatro
Solange Oliveira Rezende
Jaqueline Brigladori Pugliesi
Mirla Eliane Pereira Freire
André Covic Barros
Kleucio  Claudio
Luiz Renato Ribeiro Ferreira
Tom  Dwyer
Mario Roberto Barro
Viviane Soares Rodrigues Silva
Arcilan Trevenzoli Assireu
Islene C. Garcia
Felipe C. Calheiros
Rodrigo  Hahn
Solon  Rabello
Sérgio Crespo C. S. Pinto
Rafael de Santiago
Odete  Sidericoudes
Denys Fellipe Souza Rocha
Ig Ibert Bittencourt Santana Pinto
Rafael de Amorim Silva
Crediné S. Menezes
Orivaldo L. Tavares
José M. Pessoa
Suzana da Hora Macedo
Filipe Arantes Fernandes
Evanildo dos Santos Leite
Maria Cristina Villanova Biazus
Melissa Picchi Zambon
Deisy das Graças de Souza
Tânia Maria Santana de Rose
Ilse  Abegg
Fábio  da Purificação de Bastos
Elena Maria Mallmann
Rosiclei Aparecida Cavichioli Lauermann
Sabrina  Skrebsky Richter
Taís Fim Alberti
Felipe Martins Müller
Vinícyus Santos Guimarães
RUBÉN DARÍO MARTÍNEZ
MERCEDES SUSANA ASTIZ
PERLA ANALÍA MEDINA
YOLANDA HAYDEÉ MONTERO
MARÍA EUGENIA PEDROSA
ROBERTO ENRIQUE TAIT
Marcelo  Giordan
Darci  Levis
Renato Luis de Souza Dutra
Liliana  Passerino
Taffarel  Brant-Ribeiro
Nádia Giaretta Biase
Renan Gonçalves Cattelan
Carlos Machado de Oliveira
Rodrigo Luis de Souza da Silva
Márcio A. C. Viegas
Marcelo B. Vieira
Vagner F. de Santana
Leonelo D. A. Almeida
Gianfrancesca Cutini Barcellos
José Armando Valente
Fernando José de Almeida
Adriana Vitorino Rossi
Gustavo Antonio Toretti
Luciano Vieira Lima
Márcia Aparecida Fernandes
Carlos Roberto Lopes
Marcos Ricardo Kich
Jorge Victória Barbosa
Mara Cristine Kich
Amarolinda Zanela Klein
Vicente Lima Crisóstomo
Fátima de Souza Freire
Ronney Nery Silva
Carlos Henrique Mota Macedo
Tadeu Samuel Pereira
Denise  Pereira de Alcântara Ferraz
Rafael Humberto Scapin
Hamilton  Chaiben
José Antonio dos Santos Borges
Thiago Marquez Nunes
Ítalo Modesto Dutra
Marcos Flávio Paim
Antonio Carlos Mariani
Patricia Azevedo Tedesco
Edson Pinheiro Pimentel
Vilma Fernandes França
Marcus Vinícius Carvalho Guelpeli
Carlos Henrique Costa Ribeiro
Fernanda Maria Pereira Freire
Liliana M Passerino
Lucila M. Costi Santarosa
Liane M. R. Tarouco
Juliano  Vier
João  Gluz
Maria Candida Moraes
Renata Lopes Jaguaribe Pontes
Carlos Eduardo Klock
Renato Perez Ribas
André Inácio Reis
