Maria Elisabette Brisola Brito Prado
christien Lana Rachid
Daniel F. Pires
Edilene A. Ropoli
Lucas Salomão Spolaore
Gerson Mauri Dallegrave de Almeida
Leandro  Chernij
Sean Wolfgand Matsui Siqueira
Ivete Martins Pinto
Junia Coutinho Anacleto
Aparecido Fabiano Carvalho
Muriel de Souza Godoi
Américo Talarico Neto
MOZART DE MELO ALVES JÚNIOR
Arturo Hernández Domínguez
Alexandre Ibrahim Direne
Jussara  Bueno de Queiroz Paschoalino
Fernanda  Araujo Coutinho Campos
Inajara  Salles Viana
Fernando  Selmar Rocha Fidalgo
Luciana Aparecida Martinez Zaina
José Maria Parente de Oliveira
Clovis Torres Fernandes
Americo  Talarico Neto
Diego  Marczal
Alexandre Ibraim Direne
Ana Paula Brandão Lopes
Joseane Pereira Rodrigues
Mirian Lima de Souza Dadoorian
Crediné Silva de Menezes
Henildes José Carrer
Ednaldo Brigante Pizzolato
Lidiane FIGUEIRAS SILVA
Cabral  LIMA
Adriana BENEVIDES SOARES
Bruna de Barros Santos Xavier
Carlos Felippe Cardoso de Resende
Douglas  Rehem
Maria Carmem Moraes
Raphael Duarte Paiva
Kethure Aline Oliveira
Marília Abrahão Amaral
Gabriela Recipputi Domingos
Pasqueline Dantas Scaico
Anderson Alves de Lima
Jefferson Barbosa Belo da Silva
Ewerton Henning  Raposo
Luiz Fernando  paiva
Yugo  Alencar
João Paulo  Mendes
Alexandre  Scaico
Romero  Tavares
Natanael  Bavaresco
Francisco de Paula Marques Rodrigues
Bruno Silva Leite
Regina Borges de Araujo
André Luiz Battaiola
Leandro da Silva Foly
Henrique Monteiro Cristovão
Mª Elizabeth Sucupira Furtado
Fernando Lincoln Mattos
João José Vasco Furtado
Raimir Holanda Filho
Raphael  Ghelman
Maria Helena L. B. Braz
Rubens N. Melo
Fernanda Francielle de Oliveira Malaquias
Cleusa Aparecida de Oliveira Santos
Márcia Arantes Buiatti Pacheco
NEIDE  SANTOS
HELOÍSA M. COSTA FERREIRA
Márcia Rodrigues Notare
Wesley Peron Seno
Marina Teresa Pires Vieira
Arion de Castro Kurtz dos Santos
Neide  Santos
Trazíbulo Henrique Pardo Casas
Marcos Alexandre Rose Silva
José Eduardo Mendes de Figueiredo
Vera Maria Benjamim Werneck
Rosa Maria E. M. da Costa
Lucia Maria Martins Giraffa
Geraldo Wellington Fernandes
João Benedito dos Santos Junior
Douglas Terêncio do Vale
Maria Angélica de Oliveira Camargo-Brunneto
Emília  FERREIRA
Marisa  Lucena
Nancy Fares Barbera
Ana Grasielle Dionísio Corrêa
Robinson Vida Noronha
Ricardo de Andrade Kratz
Sérgio Crespo C S Pinto
Marcelo  Scopel
Ronei  Ximenes Martins
Alberto  Hokari
Daniel Lico dos Anjos Afonso
Monica Parente Ramos
Maria das Graças Volpe Nunes
Claudia Roberta Araújo Gomes
Manoel Eusébio de Lima
Leonardo  Castillo
Sônia  Sette
Célia  Fortes
Victor  Wanderley
Aline  Timóteo
Janaina Rodrigues Penedo
Morganna Carmem Diniz
Eliane Pinheiro Capra
Carlos Alberto Madsen
Diana Francisca Adamatti
Wagner  Cambruzzi
Jorge L. V. Barbosa
Graziela Flores Kunde
Maria Aparecida Souto
Francisco Edson Lopes da Rocha
Júlio Valente da Costa Júnior
Eloi Luiz Favero
Leônidas de Oliveira Brandão
Janine Gomes Moura
Cristiane Barbosa Pinheiro de Oliveira
Marcos da Fonseca Elia
Antonio Augusto Ximenes
Ana Regina Rocha
Alvaro  Rabelo Jr.
Prof.Dr.Klaus  Schlunzen Junior
Profa.Dra.Elisa Tomoe Moriya Schlünzen
Profa.Dra.Maria Inês Ribas Rodrigues
Rosângela Saraiva Carvalho
Paulo André da Rocha Perris
Fábio Denilson de Oliveira Feliciano
Antônio Carlos da Rocha Costa
José Alex De Sousa
Cibelli De Sá Pinheiro Nobre
Juliana  Bordinhão Diana
Cecilia Estela Giuffra Palomino
Fernando José Spanhol
Gilvandenys Leite Sales
Giovanni Cordeiro Barroso
José André Caruso Neto
José Roberto de Almeida Amazonas
Beatriz Corso Magdalena
Marcelo Rovani P. Messa
Ellen Suzi Cavalcanti Lima Constantino
Rejane Martins Novais Barbosa
Cristiano de Almeida Cardoso Marcelino Jr.
Zélia Maria Soares Jófili
Soraia Pacheco Silva
Carlo Emmanoel Tolla de Oliveira
Claudia Lage Rebello da Motta
Marta Rosecler Bez
Rosana Mussoi Bruno
Daniel  Lichtnow
Ramiro Saldaña Garin
Luiz A. Moro Palazzo
Adriana Justin Cerveira Kampff
Flávio M. Vaz da Costa
José Carlos L. Ralha
Elen Collaço de Oliveira
Alexandre Cruz Berg
Jader Denicol do Amaral
Martin  Streibel
Edgar  Marçal Filho
Antonio José Melo Leite Júnior
Frederico Kauffmann Barbosa
Charles Artur Santos de Oliveira
Carlos André Guimarães Ferraz
Fernando Antonio Mota Trinta
Rodrigo Cavalcanti de Macêdo
Rogério Cysne Araújo
Myriam  Kienitz Lemos
Carla Verônica M. Marques
Carlo Emmanoel T. Oliveira
Maira  Fróes
José Otávio Pompeu e Silva
Ana Beatriz Gomes Carvalho
Luciana A M Zaina
Maria Angélica A. C. Cardieri
José Fernando  Rodrigues Júnior
Diego Soares Cardoso
M. Cecília C. Baranauskas
Paulo Eduardo Battistella
Danilo Leite Dalmon
Thiago Monteiro Prota
Bruno Magalhães Nogueira
Roberta Mayumi Matsunaga
Regina Lúcia de Oliveira Moraes
Elmano Pontes Cavalcanti
Rodrigo Alves Costa
Caroline Ramalho Cavalcanti
Gustavo H. R. Santos
Everton José Goldoni Estevam
Marco Aurélio Kalinke
Andréa Soares Rocha dos Santos
Mauro Cavalcante Pequeno
Raimundo Hélio Leite
Edson  Jacinski
Carlos Alberto Faraco
Heloisa Helena Oliveira de Magalhães Couto
Luiz Augusto Coimbra Rezende
Amanda Meincke Melo
Sílvia Cristina de Matos Soares
Juan Manuel Adán-Coello
Wiris Serafim de Menezes
Eustáquio São José de Faria
Carlos Miguel Tobar
Adja Ferreira de Andrade
Marta Costa Rosatelli
Marcello  Thiry
Ricardo Miranda Barcia
Pablo Charles de Oliveira Melo
Verônica Gitirana Gomes Ferreira
Rosângela S Carvalho
Rosangela M Melo
Lourenço de Oliveira Basso
Débora  Conforto
Christian Puhlmann Brackmann
Mírian Cristiane Alves Brito
Lúbia Mara Lopes Rodrigues
Neide dos Santos
Ana Paula Gladcheff
Vera Barros de Oliveira
Dilma Menezes da Silva
Benedito J. Pinheiro Ferreira
Edmar Welington Oliveira
Sean Wolfgand M. Siqueira
Carlos A. C. Lessa Filho
Fabio  Paraguaçu
Márcia Cristina Cera
Vanessa  Gindri Vieira
Thaisa Barbosa Ferreira
Ricardo Luís Lachi
Heloísa Vieira da Rocha
Marcelo Ricardo Quinta
Ana Maria Pereira Cardoso
Roberto Cezar de Carvalho e Silva
Simone de Assis Alves da Silva
Djenane Costa Pio
Pedro Henrique Batista Ruas da Silveira
Diego Samir Melo-Solarte
Daydson Hugo Silva
Fabiano Azevedo Dorça
Guilherme Leocárdio Lucena
Vandeci Dias dos Santos
Afranio Gabriel da Silva
Jezer Machado Oliveira
Solon Andrade Rabello
Jorge Luis Victória Barbosa
Marta Talitha Amorim
Credine  Menezes
Renato de Freitas Bulcão Neto
Graçaliz Pereira Dimuro
Luiz  Jácome Júnior
Juliana Patrícia Detroz
Mauro  Hinz
Ronan Anacleto Lopes
Armando Maciel Toda
Waltrudes Everton Sanches
Robson da Silva Aguiar
Janne Yukiko Yoshikawa Oeiras
Ana Emilia de Melo Queiroz
Soraia de Oliveira Mota Barreto
Érica Ferreira da Cunha Jorge
Bruno Fagundes Sperb
Patrícia Behling Schäfer
Léa da Cruz Fagundes
Elaine Rafaela Neves de Freitas
Maria Gabriela Parenti Bicalho
Maria Celeste Reis Fernandes de Souza
Cristiane Mendes Netto
Maria Cecília Calani Baranauskas
Eduardo  Fritzen
Leila Cristina de Vasconcelos Andrade
David Moises Barreto dos Santos
Adolfo Almeida Duran
Teresinha Froes Burnham
Rosane Aragón de Nevado
Marcus Vinicius Basso
Valéria Cristina P. C. Monteiro
Alexandre I. Direne
Shirley Takeco Gobara
Luiz Francisco Dias Pereira
Fabio Roberto Lapolli
Claudia Lage Rebello Motta
Rejane Cunha Freitas
Marlene de Alencar Dutra
Ricardo Matsumura Araujo
Douglas  Detoni
Barbara Gorziza Avila
Liliana Maria Passerino
Eliseo  Reatequi
André Laurindo Maitelli
Gilbert Azevedo da Silva
Osório  Pereira Carvalho
Tiarajú Asmuz Diverio
Jean Piton Gonçalves
Larissa de Sousa  Moreira
Gilmara Teixeira Barcelos
Ana Cristina Barbosa da Silva
Débora Maria Barroso Paiva
Joni de Almeida Amorim
Marcius F.H. de Carvalho
António José Martins
José António Marques Moreira
Rita Manuela Barros
Cleci  Maraschin
Elisângela  Zaniol
Eny  Schuch
Viviane F. Bartholo
Marília A. Amaral
Maria Istela Cagnin
Fernanda Brandão Silva
Antonio  Hobmeir Neto
Alexandre  Direne
Tiago  Wiedemann
Jorge Luiz Vitoria Barbosa
Ayla Débora Dantas de Souza Rebouças
Silvia Helena De Bortoli Cassiani
Flavia Borges da Silva Benfati
Carlos Alberto Seixas
Gilmara Teixeira Barcelos Peixoto
Aline Silva De Bona
Marcus Vinicius de Azevedo Basso
Denise  Filippo
Carlos J. P. Lucena
Ana Emília de Melo Queiroz
Cláudio Rodolfo Sousa de Oliveira
Adilson de Lima Pereira
Ivanor Nunes de Oliveira
Hélio Lopes dos Santos
Miguel-Ángel  Sicilia
Sheila da Costa Oliveira
Alexandre Magno Andrade Maciel
Edson Costa de Barros Carvalho
Jarbele Cássia Silva
Alisson Vasconcelos Brito
G. A. Giménez-Lugo
A. B. Wozniak-Giménez
Mariano Gomes Pimentel
Amanda Bifano Balbinot
Milton Antônio Zaro
Ana Paula Silva Figueiredo
Arcilan Trevensoli Assireu
Vanessa Cristina Oliveira de Souza
Maria de Fátima Costa de Souza
Cidcley Teixeira de Souza
José Aires de Castro Filho
Rossana M. C. Andrade
Juliane Vargas Nunes
Berenice Santos Gonçalves
Thiéberson  Gomes
André Marcos da Silva
Patrícia Augustin Jaques
Flávio Moreira de Oliveira
Vinícius Costa Souza
Sérgio Crespo Pinto
Paulo Viniccius Vieira
Baldoino  Fonseca
Iana Ciara Santos de Albuquerque
Jéssica Fernanda Ramos Coelho
João Pedro Lobo Antunes
Cínthia Diniz do Nascimento
Darlla Layse Torres de Lima
Rodolfo da Silva Costa
Neyvan Renato Rodrigues da Silva
Vânia  Mattozo
Elizabeth  Specialski
Danilo Leal Maciel
Allyson Bonetti França
Lissandra Luvizão Lazzarotto
Frederico José Vieira dos Passos
Rafael  Machado Alves
Marcos  da Fonseca Elia
Flávia Maria Santoro
Marcos R. da Silva Borges
Alexandre Moreira Feitosa
Mauro Sérgio Miskulin
Rachel Carlos Duque Reis
Kamila Takayama Lyra
Gilda Aparecida de Assis
Marilena  do Nascimento
Débora Laurino Maçada
Luciane Sayuri Sato
Marcelo Henrique Euzebio Batista
João Ricardo Bittencourt
Sergio Crespo C S Pinto
Fabiane Penteado Galafassi
Luciano Rodrigues de Queiroz
Rubens Campos Machado
Clarissa Braga Pinho
Germano Mariniello Carvalho
Clarissa Santana Costa
Sonia Schechtman Sette
Márcia Angela Aguiar
José Sergio Antunes Sette
Lúcia Maria Martins Giraffa
Cristina de Almeida Rodrigues
Vilson  Gärtner
Arthur Tórgo Gómez
Susana Ester Krüger
Eloi Fernando Fritsch
Constanza R. Huapaya
Graciela M. Arona
SAHUDY  MONTENEGRO GONZALEZ
ANNABELL  DEL REAL TAMARIZ
Fábio Roberto Lapolli
Cristiane Moura Cruz
Carlo Emmanuel Tolla
André Cruz Mendes
Dante Alves Medeiros Filho
Itana Maria de Souza Gimenes
Socorro Vânia Lourenço Alves
Enoque Calvino Melo Alves
Francisco Villa Ulhôa Botelho
Elieser Ademir de Jesus
Mônica Zewe Uriarte
Gustavo  Morceli
Diogo Moreira Moreira Bispo
Márcio  Silvatti Zabeu
Andreza Raquel M. de Queiroz
Dandara Dantas Navarro
Vládia Freire Pires
Roberto dos Santos Rabello
Maurício Roberto Motta Pinto Luz
Daniel Fábio Salvador
Cristina Alba Wildt Torrezzan
Diversos  Autores
Rosa Giaretta Sguerra Miskulin
André Marcelo Panhan
Gean Davis Breda
Patrícia  Tedesco
Vinícius  Rodrigues Nunes
Giovane Daniel dos Santos
Ariane Nunes Rodrigues
Simone Cristiane dos Santos
Ivander Augusto Morais Bueno
Iraní Ferreira da Silva Gerab
Renata Silva Souza
Eliseo Berni Reategui
Rafael Fernando Ceron
Elisa  Boff
Antônio Carlos Mariani
Celso Antônio Alves Kaestner
Elisa Maria Quartiero
Lucas Monteiro Braz
Evandro de Barros Costa
Edmir Parada Vasques Prado
Fernando de Souza Coelho
Rafael Prado Celso
Eliane Santiago Ramos
José M. Parente de Oliveira
Alvaro H. Galvis-Panqueva
Valéria de Araújo
Tassia  Serao
Adriana  Portella
Eleandro  Maschio
Paulo Alceu Almeida Rezende
Crystiam Kelle Pereira
José Maria N. David
Wender Antônio da Silva
Marcos Wagner de Souza Ribeiro
Ronaldo Ribeiro Goldschmidt
Claudio  Passos
Mônica  Norris
Claudia  Ferlin
Maria Claudia Cavalcanti
Daniela Karine Ramos
Juliano de Oliveira Guterres
José Cláudio Del Pino
Daniel Teixeira Resende
Renata S. S. Guizzardi
Tânia Barbosa Salles Gava
Magalí Teresinha Longhi
Sandra Lúcia Silva Araújo
Karina Primiano Benassi
Bruno Leal Bastos
Viviane Modesto Ferraz
Roberta Pereira Coutinho
Marcia Paul Waquil
Paul  Brna
Thiago Reis da Silva
Tainá  Medeiros
Ranyer  Lopes
Marlos Tacio Silva
Washington Romão dos Santos
JADSON  RAFALSKI
Jerino Queiroz Ferreira
Salete Linhares Queiroz
CARLA MEDEIROS y ARAUJO
VITOR RIOS VALDEZ
Joao  Coelho Neto
Ricardo Edgard Caceffo
Heloisa Vieira da Rocha
Rodolfo Jardim de Azevedo
Juliana Hiroko Kowata
Maria Claudia Silva Boeres
Marcus Filipi Rosso Casagrande
Gustavo  Kozima
Maria Alice Soares de Castro
Elderclei Regis Reami
Celso José Costa
Luis Gustavo Araujo Ferreira
Juliana Campos Pirovani
Guilherme Vezula Mataveli
José Judson Mesquita Cunha
Crystiam Kelle Pereira e Silva
Victor  Ströele
José Maria  David
Gláucia Regina M. A. Sizilio
Edla Maria Faust Ramos
Elis Gabriela Copa dos Santos
Luciana de Souza Gracioso
Gislaine Cristina Micheloti Rosales
Cristian  Kawakami
Nelkis de la Orden Medina
Paulo José de Freitas Filho
Leônidas O. Brandão
Anarosa A. F. Brandão
Ramilio R. R. Filho
Andreia Rosangela Mühlbeier
Patricia Mariotto Mozzaquatro
Jaqueline Brigladori Pugliesi
Mirla Eliane Pereira Freire
André Covic Barros
Kleucio  Claudio
Luiz Renato Ribeiro Ferreira
Mario Roberto Barro
Viviane Soares Rodrigues Silva
Arcilan Trevenzoli Assireu
Felipe C. Calheiros
Rodrigo  Hahn
Solon  Rabello
Sérgio Crespo C. S. Pinto
Odete  Sidericoudes
Denys Fellipe Souza Rocha
Ig Ibert Bittencourt Santana Pinto
Crediné S. Menezes
Suzana da Hora Macedo
Evanildo dos Santos Leite
Melissa Picchi Zambon
Deisy das Graças de Souza
Tânia Maria Santana de Rose
Fábio  da Purificação de Bastos
Elena Maria Mallmann
Rosiclei Aparecida Cavichioli Lauermann
Sabrina  Skrebsky Richter
Taís Fim Alberti
Vinícyus Santos Guimarães
RUBÉN DARÍO MARTÍNEZ
MERCEDES SUSANA ASTIZ
PERLA ANALÍA MEDINA
YOLANDA HAYDEÉ MONTERO
MARÍA EUGENIA PEDROSA
ROBERTO ENRIQUE TAIT
Darci  Levis
Renato Luis de Souza Dutra
Nádia Giaretta Biase
Renan Gonçalves Cattelan
Márcio A. C. Viegas
Leonelo D. A. Almeida
Gianfrancesca Cutini Barcellos
Fernando José de Almeida
Adriana Vitorino Rossi
Gustavo Antonio Toretti
Luciano Vieira Lima
Márcia Aparecida Fernandes
Carlos Roberto Lopes
Marcos Ricardo Kich
Jorge Victória Barbosa
Amarolinda Zanela Klein
Vicente Lima Crisóstomo
Fátima de Souza Freire
Ronney Nery Silva
Carlos Henrique Mota Macedo
Tadeu Samuel Pereira
Denise  Pereira de Alcântara Ferraz
Rafael Humberto Scapin
Hamilton  Chaiben
José Antonio dos Santos Borges
Thiago Marquez Nunes
Ítalo Modesto Dutra
Marcos Flávio Paim
Antonio Carlos Mariani
Patricia Azevedo Tedesco
Vilma Fernandes França
Marcus Vinícius Carvalho Guelpeli
Carlos Henrique Costa Ribeiro
Fernanda Maria Pereira Freire
Liliana M Passerino
Liane M. R. Tarouco
Juliano  Vier
Renata Lopes Jaguaribe Pontes
Carlos Eduardo Klock
Renato Perez Ribas
André Inácio Reis