Lucila  Ishitani https://scholar.google.com.br/citations?user=endFTY8AAAAJ
Joni A. Amorim https://scholar.google.com.br/citations?user=KTndlCAAAAAJ
Camila C. Rodrigues https://scholar.google.com.br/citations?user=Oa7Sj8cAAAAJ
Leonelo Dell Anhol Almeida https://scholar.google.com.br/citations?user=1X0VDSsAAAAJ
Fernando  Pinhati https://scholar.google.com.br/citations?user=3Y51AP8AAAAJ
Silvia Costa Botelho https://scholar.google.com.br/citations?user=XKt2OlEAAAAJ
Vânia Paula Néris https://scholar.google.com.br/citations?user=rzONokcAAAAJ
Andrey Ricardo Pimentel https://scholar.google.com.br/citations?user=Gv8pCo0AAAAJ
Wilson Vicente Ruggiero https://scholar.google.com.br/citations?user=IIfKQlEAAAAJ
Graça  Bressan https://scholar.google.com.br/citations?user=wjIM6zwAAAAJ
André  Raabe https://scholar.google.com.br/citations?user=YA3kcqUAAAAJ
Vânia Paula de Almeida Neris https://scholar.google.com.br/citations?user=rzONokcAAAAJ
Sílvia H. Zem-Mascarenhas https://scholar.google.com.br/citations?user=hnDyzjUAAAAJ
Celso  Goyos https://scholar.google.com.br/citations?user=V4w6aOQAAAAJ
José Antonio BORGES https://scholar.google.com.br/citations?user=XFP0bZoAAAAJ
Avelino Ferreira Gomes Filho https://scholar.google.com.br/citations?user=rvmKQ_wAAAAJ
Saulo  Andrade https://scholar.google.com.br/citations?user=fZ8hn_sAAAAJ
Rodrigo  Toledo https://scholar.google.com.br/citations?user=qRLAlg0AAAAJ
Silvia  Azevedo https://scholar.google.com.br/citations?user=Wlqf_gEAAAAJ
Júlia Marques Carvalho da Silva https://scholar.google.com.br/citations?user=ZjC5e_EAAAAJ
Ricardo Azambuja Silveira https://scholar.google.com.br/citations?user=hSsOFmIAAAAJ
Rosana Giaretta Sguerra Miskulin https://scholar.google.com.br/citations?user=bHmQ4DMAAAAJ
Lucila Maria Costi Santarosa https://scholar.google.com.br/citations?user=0ze2-T0AAAAJ
Geórgia Rodrigues Gomes https://scholar.google.com.br/citations?user=wjSoeeoAAAAJ
Sean W. M. Siqueira https://scholar.google.com.br/citations?user=n2FpSZIAAAAJ
Hugo  Fuks https://scholar.google.com.br/citations?user=jqIuH6MAAAAJ
Sidnei Renato Silveira https://scholar.google.com.br/citations?user=QNzRi8gAAAAJ
Dante Augusto Couto Barone https://scholar.google.com.br/citations?user=O4nTWhwAAAAJ
Edgard Afonso Lamounier Jr. https://scholar.google.com.br/citations?user=8_Y7Wh4AAAAJ
Alexandre  Cardoso https://scholar.google.com.br/citations?user=1d74y1QAAAAJ
Patrícia C. Souza https://scholar.google.com.br/citations?user=5wIiTJQAAAAJ
Patrícia Alejandra Behar https://scholar.google.com.br/citations?user=OjoFq3YAAAAJ
Raul Sidnei Wazlawick https://scholar.google.com.br/citations?user=zbaev20AAAAJ
Fábio Ferrentini Sampaio https://scholar.google.com.br/citations?user=cNUlZSQAAAAJ
Laércio  Ferracioli https://scholar.google.com.br/citations?user=5Xkpr9AAAAAJ
Carlos Alberto Ferreira https://scholar.google.com.br/citations?user=COZAFqsAAAAJ
Marco Aurélio Gerosa https://scholar.google.com.br/citations?user=kjtuhEQAAAAJ
Carlos José Pereira de Lucena https://scholar.google.com.br/citations?user=BCW5XGIAAAAJ
Adriana  SOARES https://scholar.google.com.br/citations?user=GlqiS-UAAAAJ
Marilena  Nascimento https://scholar.google.com.br/citations?user=FbwSwiYAAAAJ
Irene Karaguilla Ficheman https://scholar.google.com.br/citations?user=80XXO58AAAAJ
Roseli de Deus Lopes https://scholar.google.com.br/citations?user=8-Jh1gMAAAAJ
Jorge  Barbosa https://scholar.google.com.br/citations?user=zMs-_WkAAAAJ
Jacques  Wainer https://scholar.google.com.br/citations?user=wKRXIZ8AAAAJ
Luciano Tadeu Esteves Pansanato https://scholar.google.com.br/citations?user=l1Xp80QAAAAJ
Alex Sandro Gomes https://scholar.google.com.br/citations?user=i9a7THIAAAAJ
Tiago  Machado https://scholar.google.com.br/citations?user=Cu5b_QYAAAAJ
Simone Bacellar Leal Ferreira https://scholar.google.com.br/citations?user=jwiuQU8AAAAJ
Denis Silva da Silveira https://scholar.google.com.br/citations?user=SPFHtzUAAAAJ
Sandro José Rigo https://scholar.google.com.br/citations?user=7vt1JPgAAAAJ
Sílvio C. Cazella https://scholar.google.com.br/citations?user=AxhyoRwAAAAJ
José Palazzo M. de Oliveira https://scholar.google.com.br/citations?user=8Xw1b6oAAAAJ
Seiji  Isotani https://scholar.google.com.br/citations?user=GKphfGsAAAAJ
Carla  Valle https://scholar.google.com.br/citations?user=a9WgJ3gAAAAJ
Gilda Helena B. de Campos https://scholar.google.com.br/citations?user=f_sUpY0AAAAJ
Paloma Alinne Rodrigues https://scholar.google.com.br/citations?user=5IN8hNEAAAAJ
Ivanildo José Melo Filho https://scholar.google.com.br/citations?user=ZfZ7ykAAAAAJ
Rodrigo Lins Rodrigues https://scholar.google.com.br/citations?user=i7UV_bEAAAAJ
Ricardo Holanda Nobre https://scholar.google.com.br/citations?user=WEYfWa4AAAAJ
Marina  Keiko Nakayama https://scholar.google.com.br/citations?user=SyXS38wAAAAJ
Ricardo  Azambuja Silveira https://scholar.google.com.br/citations?user=hSsOFmIAAAAJ
José Marques Soares https://scholar.google.com.br/citations?user=oqGZa_8AAAAJ
Sérgio  Crespo https://scholar.google.com.br/citations?user=t_TEWngAAAAJ
Heloisa  Moura https://scholar.google.com.br/citations?user=X5c9u0kAAAAJ
Cecilia Dias Flores https://scholar.google.com.br/citations?user=cF8i5SwAAAAJ
Stanley  Loh https://scholar.google.com.br/citations?user=ErSEoKoAAAAJ
Tiago  Primo https://scholar.google.com.br/citations?user=VoUeoHwAAAAJ
José Palazzo Moreira de Oliveira https://scholar.google.com.br/citations?user=8Xw1b6oAAAAJ
José Valdeni de Lima https://scholar.google.com.br/citations?user=0ROMJ0YAAAAJ
Célia G. Ralha https://scholar.google.com.br/citations?user=c6JLbaUAAAAJ
Carlos Henrique Quartucci Forster https://scholar.google.com.br/citations?user=8CWb37kAAAAJ
Creto Augusto Vidal https://scholar.google.com.br/citations?user=18WqSAsAAAAJ
Jaime R. S. Fonseca https://scholar.google.com.br/citations?user=MMO9s_4AAAAJ
Daniela Leal Musa https://scholar.google.com.br/citations?user=bma6-IMAAAAJ
André Luiz Brandão https://scholar.google.com.br/citations?user=XqxvTFkAAAAJ
Claudia  L.R. Motta https://scholar.google.com.br/citations?user=ULjN34QAAAAJ
Aldo  von Wangenheim https://scholar.google.com.br/citations?user=a7XTMeIAAAAJ
Bruno  Monteiro https://scholar.google.com.br/citations?user=UzlSG5wAAAAJ
Fernando F. de Souza https://scholar.google.com.br/citations?user=vvwfwtIAAAAJ
Vanessa Araujo Borges https://scholar.google.com.br/citations?user=SwU8basAAAAJ
Ellen Francine Barbosa https://scholar.google.com.br/citations?user=rWEar9sAAAAJ
Marcos Augusto Francisco Borges https://scholar.google.com.br/citations?user=XIiChdwAAAAJ
Elmano Ramalho Cavalcanti https://scholar.google.com.br/citations?user=ER-MItAAAAAJ
Carlos Eduardo Pires https://scholar.google.com.br/citations?user=9Apd5ykAAAAJ
Paulo Gileno Cysneiros https://scholar.google.com.br/citations?user=h769u_oAAAAJ
Alex S Gomes https://scholar.google.com.br/citations?user=i9a7THIAAAAJ
Jairo Francisco de Souza https://scholar.google.com.br/citations?user=CiZNGSQAAAAJ
Sandro Athaíde Coelho https://scholar.google.com.br/citations?user=GJVN3a8AAAAJ
Francisco  Rodrigues https://scholar.google.com.br/citations?user=6-wVId4AAAAJ
Marco  Carvalho https://scholar.google.com.br/citations?user=D3-1JiQAAAAJ
Patrícia  Oliveira https://scholar.google.com.br/citations?user=dMDEK50AAAAJ
Mateus Henrique Dal Forno https://scholar.google.com.br/citations?user=2TIGXHgAAAAJ
Joice Lee Otsuka https://scholar.google.com.br/citations?user=_XXXc9UAAAAJ
Luciana Alvim Santos Romani https://scholar.google.com.br/citations?user=eJ9snggAAAAJ
Débora Nice Ferrari Barbosa https://scholar.google.com.br/citations?user=iLNKfM4AAAAJ
Alberto J. Cañas https://scholar.google.com.br/citations?user=co_5s34AAAAJ
Marco M. Carvalho https://scholar.google.com.br/citations?user=D3-1JiQAAAAJ
Davidson  Cury https://scholar.google.com.br/citations?user=662SA1EAAAAJ
Alessandra Alaniz Macedo https://scholar.google.com.br/citations?user=tJAsNzYAAAAJ
Maria da Graça Campos Pimentel https://scholar.google.com.br/citations?user=2z--uNYAAAAJ
Luiz Cláudio Silva https://scholar.google.com.br/citations?user=lmJYo0wAAAAJ
Francisco Milton Mendes Neto https://scholar.google.com.br/citations?user=n9mEPl4AAAAJ
Marcelo da Silva Hounsell https://scholar.google.com.br/citations?user=llJamrEAAAAJ
Jacques Duílio Brancher https://scholar.google.com.br/citations?user=WuFC-mYAAAAJ
Juliano  Schimiguel https://scholar.google.com.br/citations?user=uPVQXJMAAAAJ
Mauro Sérgio Teixeira de Araújo https://scholar.google.com.br/citations?user=1IcqArUAAAAJ
Silvia  Dotta https://scholar.google.com.br/citations?user=YZzzLFUAAAAJ
Paulo Henrique Lopes Aguiar https://scholar.google.com.br/citations?user=jdUoproAAAAJ
Camila Areias de Oliveira https://scholar.google.com.br/citations?user=YJzzaxwAAAAJ
Flávia Linhalis Arantes https://scholar.google.com.br/citations?user=j3cq4zYAAAAJ
Tel  Amiel https://scholar.google.com.br/citations?user=JIoLhlcAAAAJ
Leonardo Cunha de Miranda https://scholar.google.com.br/citations?user=stZ2RNsAAAAJ
Maria Cecília  Martins https://scholar.google.com.br/citations?user=is_VM-UAAAAJ
Rodrigo Duarte Seabra https://scholar.google.com.br/citations?user=wPVOyKsAAAAJ
Ryan  Baker https://scholar.google.com.br/citations?user=hvs8PEoAAAAJ
Adriana  Carvalho https://scholar.google.com.br/citations?user=SzXM7zsAAAAJ
Renata Pontin de Mattos Fortes https://scholar.google.com.br/citations?user=5_c3LVUAAAAJ
Juliano  Bitencourt https://scholar.google.com.br/citations?user=Kgg2s44AAAAJ
Nizam  Omar https://scholar.google.com.br/citations?user=YuCmbOwAAAAJ
Rodrigo Claudino Diogo https://scholar.google.com.br/citations?user=pIyc2VcAAAAJ
Cristian  Cechinel https://scholar.google.com.br/citations?user=8OtbEUgAAAAJ
Christiane  Gresse von Wangenheim https://scholar.google.com.br/citations?user=SXkE1UkAAAAJ
Silvia Cristina Freitas Batista https://scholar.google.com.br/citations?user=NV1gYQYAAAAJ
Rozelma Soares de França https://scholar.google.com.br/citations?user=J9D3DaQAAAAJ
André Pimenta Freire https://scholar.google.com.br/citations?user=8NrStEEAAAAJ
Carlos  Machado https://scholar.google.com.br/citations?user=0uj4niwAAAAJ
Carlos  Fiolhais https://scholar.google.com.br/citations?user=f7Z5sKEAAAAJ
João  Paiva https://scholar.google.com.br/citations?user=xm64I6cAAAAJ
Angélica Maria Monteiro https://scholar.google.com.br/citations?user=93I-OJYAAAAJ
Andrei  Thomaz https://scholar.google.com.br/citations?user=sbxaWFYAAAAJ
Roberto  Romani https://scholar.google.com.br/citations?user=yYhhVYkAAAAJ
Thiago Silva Mello https://scholar.google.com.br/citations?user=BzyiPxkAAAAJ
Patricia Alejandra Behar https://scholar.google.com.br/citations?user=OjoFq3YAAAAJ
Mariano  Pimentel https://scholar.google.com.br/citations?user=_UDWLSwAAAAJ
Leonardo Magela Cunha https://scholar.google.com.br/citations?user=IVnfzXEAAAAJ
Salvador  Sánchez-Alonso https://scholar.google.com.br/citations?user=wbMaSPYAAAAJ
Riichiro  Mizoguchi https://scholar.google.com.br/citations?user=8vYF2UIAAAAJ
Ig Ibert Bittencourt https://scholar.google.com.br/citations?user=BSe3NMwAAAAJ
Evandro  Costa https://scholar.google.com.br/citations?user=NX2ik0YAAAAJ
Francisco Petronio Medeiros https://scholar.google.com.br/citations?user=9ln84aEAAAAJ
J. S. Sichman https://scholar.google.com.br/citations?user=rlSHIHIAAAAJ
J. F. Hübner https://scholar.google.com.br/citations?user=4KPuGDYAAAAJ
Viviane Torres da Silva https://scholar.google.com.br/citations?user=9fnrfZsAAAAJ
Romero  Tori https://scholar.google.com.br/citations?user=k7oF1AoAAAAJ
Danielo G. Gomes https://scholar.google.com.br/citations?user=QkzaeUsAAAAJ
Ismar Frango Silveira https://scholar.google.com.br/citations?user=rmMfFGsAAAAJ
Leandro  Luque https://scholar.google.com.br/citations?user=E-lbFnIAAAAJ
Anarosa Alves Franco Brandão https://scholar.google.com.br/citations?user=0YlNxKgAAAAJ
Cesar Albenes Zeferino https://scholar.google.com.br/citations?user=y_4J55cAAAAJ
André Luis Raabe https://scholar.google.com.br/citations?user=YA3kcqUAAAAJ
Ig Bittencourt  Bittencourt https://scholar.google.com.br/citations?user=BSe3NMwAAAAJ
João  Guilherme https://scholar.google.com.br/citations?user=eCPcqZ8AAAAJ
Camila  Nunes https://scholar.google.com.br/citations?user=NXEJREkAAAAJ
Alcione de Paiva Oliveira https://scholar.google.com.br/citations?user=i1mML_MAAAAJ
José Luis Braga https://scholar.google.com.br/citations?user=hTIan8IAAAAJ
Dilermando  Piva Jr. https://scholar.google.com.br/citations?user=InycCD0AAAAJ
Ricardo Luís Freitas https://scholar.google.com.br/citations?user=iMfypsAAAAAJ
Rodrigo  Bonacin https://scholar.google.com.br/citations?user=eGFBydAAAAAJ
Carla Lopes Rodriguez https://scholar.google.com.br/citations?user=IEzpPNsAAAAJ
Thais  Castro https://scholar.google.com.br/citations?user=caXuDfcAAAAJ
João Carlos Gluz https://scholar.google.com.br/citations?user=SrcspmYAAAAJ
Cristiano  Galafassi https://scholar.google.com.br/citations?user=5zXNrQYAAAAJ
Marcel  Bergerman https://scholar.google.com.br/citations?user=jpN5jK0AAAAJ
Samuel Siqueira Bueno https://scholar.google.com.br/citations?user=GgESbpAAAAAJ
Alberto  Elfes https://scholar.google.com.br/citations?user=vlsPR1AAAAAJ
Tatiana Aires Tavares https://scholar.google.com.br/citations?user=PpSlGDIAAAAJ
Celso Alberto Santos https://scholar.google.com.br/citations?user=vC1gHpAAAAAJ
Thiago Rocha Assis https://scholar.google.com.br/citations?user=NpMCwoYAAAAJ
André Luís Alice Raabe https://scholar.google.com.br/citations?user=YA3kcqUAAAAJ
Rosa Maria Viccari https://scholar.google.com.br/citations?user=XsX10SQAAAAJ
Vera  Salvador https://scholar.google.com.br/citations?user=obJ-BrIAAAAJ
Sergio  Crespo https://scholar.google.com.br/citations?user=t_TEWngAAAAJ
Rosa Maria Vicari https://scholar.google.com.br/citations?user=XsX10SQAAAAJ
André Luis Alice Raabe https://scholar.google.com.br/citations?user=YA3kcqUAAAAJ
Alan  Silva https://scholar.google.com.br/citations?user=MNRubfkAAAAJ
Ig Ibert  Bittencourt https://scholar.google.com.br/citations?user=BSe3NMwAAAAJ
Gisela Aragão Umbuzeiro https://scholar.google.com.br/citations?user=JUOa6pUAAAAJ
Leandro Balby Marinho https://scholar.google.com.br/citations?user=6XO2tOwAAAAJ
Luiz Gustavo Ribeiro Rolando https://scholar.google.com.br/citations?user=AfsVXpUAAAAJ
Maria Teresa Eglér Mantoan https://scholar.google.com.br/citations?user=CuRc6kEAAAAJ
Maria Cecília Martins https://scholar.google.com.br/citations?user=is_VM-UAAAAJ
Richard Arias Arias https://scholar.google.com.br/citations?user=P_nbaVAAAAAJ
Bruno Bogaz Zarpelão https://scholar.google.com.br/citations?user=_pKvFDoAAAAJ
Leonardo Souza Mendes https://scholar.google.com.br/citations?user=Z7CzzMwAAAAJ
Douglas  Véras https://scholar.google.com.br/citations?user=y99U0usAAAAJ
Eduardo Araujo Oliveira https://scholar.google.com.br/citations?user=WxcwAEIAAAAJ
Mônica  Mandaji https://scholar.google.com.br/citations?user=1NXJV7AAAAAJ
Fábio  Gerab https://scholar.google.com.br/citations?user=lh_-_JgAAAAJ
Orivaldo de Lira Tavares https://scholar.google.com.br/citations?user=jlcIr6QAAAAJ
Silvana Rossy de Brito https://scholar.google.com.br/citations?user=FFaB6SAAAAAJ
Ernani  Gottardo https://scholar.google.com.br/citations?user=TykvxBMAAAAJ
Joao Porto de Albuquerque https://scholar.google.com.br/citations?user=O0p2PRoAAAAJ
Karen Selbach Borges https://scholar.google.com.br/citations?user=uvXK3BYAAAAJ
Sergio Ferreira do Amaral https://scholar.google.com.br/citations?user=weJuQA4AAAAJ
Nina  Edelweiss https://scholar.google.com.br/citations?user=LC8dllsAAAAJ
Lucas  Braz https://scholar.google.com.br/citations?user=2T0z4WIAAAAJ
Gisela  Clunie https://scholar.google.com.br/citations?user=fG35z3wAAAAJ
Fernanda  Campos https://scholar.google.com.br/citations?user=ulU7QmIAAAAJ
Regina  Braga https://scholar.google.com.br/citations?user=tgyrRMkAAAAJ
Edgard Lamounier Júnior https://scholar.google.com.br/citations?user=8_Y7Wh4AAAAJ
Isabel  Fernandes https://scholar.google.com.br/citations?user=FZJm6h8AAAAJ
Jorge  Soares https://scholar.google.com.br/citations?user=2VhtaSAAAAAJ
Paulo Sérgio Garcia https://scholar.google.com.br/citations?user=iyeLxEUAAAAJ
Marcelo Leandro Eichler https://scholar.google.com.br/citations?user=ot1K6dcAAAAJ
Lora  Aroyo https://scholar.google.com.br/citations?user=FXGgl5IAAAAJ
Gerd  Wagner https://scholar.google.com.br/citations?user=hC3q-Y0AAAAJ
João Vilhete Viegas D'Abreu https://scholar.google.com.br/citations?user=ygpPYEsAAAAJ
Marcos Antônio Gomes Brandão https://scholar.google.com.br/citations?user=Sicx88IAAAAJ
Mauricio Abreu Pinto Peixoto https://scholar.google.com.br/citations?user=MkFC5_oAAAAJ
Handerson  Medeiros https://scholar.google.com.br/citations?user=oLNbQIcAAAAJ
Eduardo  Aranha https://scholar.google.com.br/citations?user=STbbDkUAAAAJ
Edmilson Barcelos Rocha https://scholar.google.com.br/citations?user=egFvMeAAAAAJ
Sheila  Reinehr https://scholar.google.com.br/citations?user=JRTfA6EAAAAJ
Andreia  Malucelli https://scholar.google.com.br/citations?user=PlljqBIAAAAJ
Roberto  Willrich https://scholar.google.com.br/citations?user=klG5GT4AAAAJ
Rudinei  Goularte https://scholar.google.com.br/citations?user=6lc68RgAAAAJ
Edson dos Santos Moreira https://scholar.google.com.br/citations?user=QisD2NoAAAAJ
Alexandra Lorandi Macedo https://scholar.google.com.br/citations?user=Ze4tN2oAAAAJ
Ana Carolina Bertoletti De Marchi https://scholar.google.com.br/citations?user=PXxERIsAAAAJ
Rosa  Vicari https://scholar.google.com.br/citations?user=XsX10SQAAAAJ
Rafael  Almeida https://scholar.google.com.br/citations?user=XvL6wcAAAAAJ
Helena Macedo Reis https://scholar.google.com.br/citations?user=02kOjqsAAAAJ
Wilmax M. Cruz https://scholar.google.com.br/citations?user=kuCmtf8AAAAJ
Solange Oliveira Rezende https://scholar.google.com.br/citations?user=e2GNtdIAAAAJ
Tom  Dwyer https://scholar.google.com.br/citations?user=tfdxvu8AAAAJ
Jonice  Oliveira https://scholar.google.com.br/citations?user=fUK_VqgAAAAJ
Islene C. Garcia https://scholar.google.com.br/citations?user=q3MhHJQAAAAJ
Pedro J. de Rezende https://scholar.google.com.br/citations?user=kn5qB58AAAAJ
Rafael de Santiago https://scholar.google.com.br/citations?user=_Et30p4AAAAJ
Rafael de Amorim Silva https://scholar.google.com.br/citations?user=XlayyDgAAAAJ
Orivaldo L. Tavares https://scholar.google.com.br/citations?user=jlcIr6QAAAAJ
José M. Pessoa https://scholar.google.com.br/citations?user=vWVaNXcAAAAJ
Filipe Arantes Fernandes https://scholar.google.com.br/citations?user=FJbr9OkAAAAJ
Maria Cristina Villanova Biazus https://scholar.google.com.br/citations?user=ZxniZ-sAAAAJ
Ilse  Abegg https://scholar.google.com.br/citations?user=wr2iXlcAAAAJ
Felipe Martins Müller https://scholar.google.com.br/citations?user=RxdPheoAAAAJ
Marcelo  Giordan https://scholar.google.com.br/citations?user=tcL1OeEAAAAJ
David  Wiley https://scholar.google.com.br/citations?user=M47HR7IAAAAJ
Liane Margarida Rockenbach Tarouco https://scholar.google.com.br/citations?user=LnxqSEQAAAAJ
Liliana  Passerino https://scholar.google.com.br/citations?user=oPISgQUAAAAJ
Taffarel  Brant-Ribeiro https://scholar.google.com.br/citations?user=GkLlj_oAAAAJ
Carlos Machado de Oliveira https://scholar.google.com.br/citations?user=r8-JxKYAAAAJ
Rodrigo Luis de Souza da Silva https://scholar.google.com.br/citations?user=BAv_EsYAAAAJ
Marcelo B. Vieira https://scholar.google.com.br/citations?user=LpGANt0AAAAJ
Vagner F. de Santana https://scholar.google.com.br/citations?user=f0QLYG8AAAAJ
José Armando Valente https://scholar.google.com.br/citations?user=5ZSxmZUAAAAJ
Mara Cristine Kich https://scholar.google.com.br/citations?user=V2wuKvsAAAAJ
Euclydes  Marega Jr. https://scholar.google.com.br/citations?user=DogZ64IAAAAJ
Edson Pinheiro Pimentel https://scholar.google.com.br/citations?user=zXNcgEcAAAAJ
Lucila M. Costi Santarosa https://scholar.google.com.br/citations?user=0ze2-T0AAAAJ
João  Gluz https://scholar.google.com.br/citations?user=SrcspmYAAAAJ
Maria Candida Moraes https://scholar.google.com.br/citations?user=Q6ItqvMAAAAJ